{"/home/bryce/project/github/EasyAgile/website/api/controllers/StaticController.js":{"path":"/home/bryce/project/github/EasyAgile/website/api/controllers/StaticController.js","s":{"1":1,"2":1,"3":1,"4":4,"5":4,"6":0,"7":4,"8":1,"9":1,"10":1,"11":1,"12":1,"13":0,"14":1,"15":1,"16":0,"17":1,"18":1,"19":3,"20":3,"21":3,"22":3,"23":0,"24":3,"25":3,"26":0,"27":3,"28":1,"29":1,"30":1,"31":1,"32":1,"33":0,"34":1,"35":1,"36":0,"37":1,"38":1,"39":1,"40":1,"41":1,"42":1,"43":0,"44":1,"45":1,"46":1,"47":0,"48":1,"49":1,"50":1,"51":0,"52":1,"53":1,"54":0,"55":1,"56":1,"57":2,"58":2,"59":2,"60":2,"61":2,"62":2,"63":2,"64":2,"65":1,"66":1,"67":1,"68":1,"69":1,"70":0,"71":1,"72":1,"73":1,"74":1,"75":1,"76":1,"77":1,"78":1,"79":1,"80":1,"81":1,"82":1,"83":1,"84":1,"85":1,"86":1,"87":1,"88":1,"89":1,"90":1,"91":1,"92":1,"93":1,"94":1,"95":1,"96":0,"97":0},"b":{"1":[0,4],"2":[0,1],"3":[0,1],"4":[0,3],"5":[0,3],"6":[0,1],"7":[0,1],"8":[0,1],"9":[0,1],"10":[0,1],"11":[0,1],"12":[0,1]},"f":{"1":4,"2":4,"3":1,"4":1,"5":1,"6":1,"7":1,"8":3,"9":3,"10":3,"11":3,"12":3,"13":1,"14":1,"15":1,"16":1,"17":1,"18":1,"19":1,"20":1,"21":1,"22":1,"23":1,"24":1,"25":1,"26":1,"27":2,"28":2,"29":2,"30":2,"31":1,"32":1,"33":1,"34":1,"35":1,"36":1,"37":1,"38":1,"39":1,"40":1,"41":1,"42":1,"43":1,"44":1,"45":1,"46":0},"fnMap":{"1":{"name":"renderViewWithProject","line":22,"loc":{"start":{"line":22,"column":0},"end":{"line":22,"column":46}}},"2":{"name":"(anonymous_2)","line":23,"loc":{"start":{"line":23,"column":49},"end":{"line":23,"column":71}}},"3":{"name":"renderViewWithProjectAndFiles","line":34,"loc":{"start":{"line":34,"column":0},"end":{"line":34,"column":54}}},"4":{"name":"(anonymous_4)","line":36,"loc":{"start":{"line":36,"column":4},"end":{"line":36,"column":22}}},"5":{"name":"(anonymous_5)","line":39,"loc":{"start":{"line":39,"column":4},"end":{"line":39,"column":31}}},"6":{"name":"(anonymous_6)","line":40,"loc":{"start":{"line":40,"column":56},"end":{"line":40,"column":76}}},"7":{"name":"(anonymous_7)","line":45,"loc":{"start":{"line":45,"column":4},"end":{"line":45,"column":31}}},"8":{"name":"renderViewWithProjectAndTopics","line":54,"loc":{"start":{"line":54,"column":0},"end":{"line":54,"column":55}}},"9":{"name":"(anonymous_9)","line":56,"loc":{"start":{"line":56,"column":4},"end":{"line":56,"column":22}}},"10":{"name":"(anonymous_10)","line":59,"loc":{"start":{"line":59,"column":4},"end":{"line":59,"column":31}}},"11":{"name":"(anonymous_11)","line":60,"loc":{"start":{"line":60,"column":63},"end":{"line":60,"column":84}}},"12":{"name":"(anonymous_12)","line":65,"loc":{"start":{"line":65,"column":4},"end":{"line":65,"column":32}}},"13":{"name":"renderViewWithProjectAndOneTopic","line":74,"loc":{"start":{"line":74,"column":0},"end":{"line":74,"column":57}}},"14":{"name":"(anonymous_14)","line":76,"loc":{"start":{"line":76,"column":4},"end":{"line":76,"column":22}}},"15":{"name":"(anonymous_15)","line":79,"loc":{"start":{"line":79,"column":4},"end":{"line":79,"column":31}}},"16":{"name":"(anonymous_16)","line":80,"loc":{"start":{"line":80,"column":73},"end":{"line":80,"column":93}}},"17":{"name":"(anonymous_17)","line":85,"loc":{"start":{"line":85,"column":4},"end":{"line":85,"column":31}}},"18":{"name":"renderViewWithProjectAndTopicsFilesTasks","line":94,"loc":{"start":{"line":94,"column":0},"end":{"line":94,"column":65}}},"19":{"name":"(anonymous_19)","line":96,"loc":{"start":{"line":96,"column":4},"end":{"line":96,"column":22}}},"20":{"name":"(anonymous_20)","line":99,"loc":{"start":{"line":99,"column":4},"end":{"line":99,"column":31}}},"21":{"name":"(anonymous_21)","line":100,"loc":{"start":{"line":100,"column":63},"end":{"line":100,"column":84}}},"22":{"name":"(anonymous_22)","line":105,"loc":{"start":{"line":105,"column":4},"end":{"line":105,"column":39}}},"23":{"name":"(anonymous_23)","line":106,"loc":{"start":{"line":106,"column":56},"end":{"line":106,"column":76}}},"24":{"name":"(anonymous_24)","line":111,"loc":{"start":{"line":111,"column":4},"end":{"line":111,"column":46}}},"25":{"name":"(anonymous_25)","line":112,"loc":{"start":{"line":112,"column":82},"end":{"line":112,"column":102}}},"26":{"name":"(anonymous_26)","line":117,"loc":{"start":{"line":117,"column":4},"end":{"line":117,"column":46}}},"27":{"name":"(anonymous_27)","line":138,"loc":{"start":{"line":138,"column":9},"end":{"line":138,"column":29}}},"28":{"name":"(anonymous_28)","line":152,"loc":{"start":{"line":152,"column":10},"end":{"line":152,"column":30}}},"29":{"name":"(anonymous_29)","line":166,"loc":{"start":{"line":166,"column":7},"end":{"line":166,"column":27}}},"30":{"name":"(anonymous_30)","line":178,"loc":{"start":{"line":178,"column":9},"end":{"line":178,"column":28}}},"31":{"name":"(anonymous_31)","line":189,"loc":{"start":{"line":189,"column":12},"end":{"line":189,"column":31}}},"32":{"name":"(anonymous_32)","line":203,"loc":{"start":{"line":203,"column":12},"end":{"line":203,"column":31}}},"33":{"name":"(anonymous_33)","line":205,"loc":{"start":{"line":205,"column":68},"end":{"line":205,"column":90}}},"34":{"name":"(anonymous_34)","line":227,"loc":{"start":{"line":227,"column":11},"end":{"line":227,"column":30}}},"35":{"name":"(anonymous_35)","line":240,"loc":{"start":{"line":240,"column":15},"end":{"line":240,"column":34}}},"36":{"name":"(anonymous_36)","line":255,"loc":{"start":{"line":255,"column":15},"end":{"line":255,"column":34}}},"37":{"name":"(anonymous_37)","line":267,"loc":{"start":{"line":267,"column":20},"end":{"line":267,"column":39}}},"38":{"name":"(anonymous_38)","line":279,"loc":{"start":{"line":279,"column":14},"end":{"line":279,"column":33}}},"39":{"name":"(anonymous_39)","line":291,"loc":{"start":{"line":291,"column":16},"end":{"line":291,"column":35}}},"40":{"name":"(anonymous_40)","line":303,"loc":{"start":{"line":303,"column":16},"end":{"line":303,"column":35}}},"41":{"name":"(anonymous_41)","line":315,"loc":{"start":{"line":315,"column":16},"end":{"line":315,"column":35}}},"42":{"name":"(anonymous_42)","line":327,"loc":{"start":{"line":327,"column":19},"end":{"line":327,"column":38}}},"43":{"name":"(anonymous_43)","line":339,"loc":{"start":{"line":339,"column":17},"end":{"line":339,"column":36}}},"44":{"name":"(anonymous_44)","line":350,"loc":{"start":{"line":350,"column":19},"end":{"line":350,"column":38}}},"45":{"name":"(anonymous_45)","line":361,"loc":{"start":{"line":361,"column":18},"end":{"line":361,"column":37}}},"46":{"name":"(anonymous_46)","line":373,"loc":{"start":{"line":373,"column":18},"end":{"line":373,"column":37}}}},"statementMap":{"1":{"start":{"line":20,"column":0},"end":{"line":20,"column":29}},"2":{"start":{"line":21,"column":0},"end":{"line":21,"column":30}},"3":{"start":{"line":22,"column":0},"end":{"line":33,"column":1}},"4":{"start":{"line":23,"column":2},"end":{"line":32,"column":9}},"5":{"start":{"line":24,"column":8},"end":{"line":31,"column":11}},"6":{"start":{"line":24,"column":16},"end":{"line":27,"column":11}},"7":{"start":{"line":28,"column":13},"end":{"line":31,"column":11}},"8":{"start":{"line":34,"column":0},"end":{"line":53,"column":1}},"9":{"start":{"line":35,"column":2},"end":{"line":52,"column":5}},"10":{"start":{"line":37,"column":6},"end":{"line":38,"column":4}},"11":{"start":{"line":40,"column":6},"end":{"line":44,"column":4}},"12":{"start":{"line":41,"column":8},"end":{"line":42,"column":44}},"13":{"start":{"line":41,"column":16},"end":{"line":41,"column":30}},"14":{"start":{"line":42,"column":13},"end":{"line":42,"column":44}},"15":{"start":{"line":46,"column":6},"end":{"line":52,"column":2}},"16":{"start":{"line":46,"column":14},"end":{"line":46,"column":28}},"17":{"start":{"line":47,"column":11},"end":{"line":52,"column":2}},"18":{"start":{"line":54,"column":0},"end":{"line":73,"column":1}},"19":{"start":{"line":55,"column":2},"end":{"line":72,"column":5}},"20":{"start":{"line":57,"column":6},"end":{"line":58,"column":4}},"21":{"start":{"line":60,"column":6},"end":{"line":64,"column":4}},"22":{"start":{"line":61,"column":8},"end":{"line":62,"column":45}},"23":{"start":{"line":61,"column":16},"end":{"line":61,"column":30}},"24":{"start":{"line":62,"column":13},"end":{"line":62,"column":45}},"25":{"start":{"line":66,"column":6},"end":{"line":72,"column":2}},"26":{"start":{"line":66,"column":14},"end":{"line":66,"column":28}},"27":{"start":{"line":67,"column":11},"end":{"line":72,"column":2}},"28":{"start":{"line":74,"column":0},"end":{"line":93,"column":1}},"29":{"start":{"line":75,"column":2},"end":{"line":92,"column":5}},"30":{"start":{"line":77,"column":6},"end":{"line":78,"column":4}},"31":{"start":{"line":80,"column":6},"end":{"line":84,"column":4}},"32":{"start":{"line":81,"column":8},"end":{"line":82,"column":44}},"33":{"start":{"line":81,"column":16},"end":{"line":81,"column":30}},"34":{"start":{"line":82,"column":13},"end":{"line":82,"column":44}},"35":{"start":{"line":86,"column":6},"end":{"line":92,"column":2}},"36":{"start":{"line":86,"column":14},"end":{"line":86,"column":28}},"37":{"start":{"line":87,"column":11},"end":{"line":92,"column":2}},"38":{"start":{"line":94,"column":0},"end":{"line":128,"column":1}},"39":{"start":{"line":95,"column":2},"end":{"line":127,"column":5}},"40":{"start":{"line":97,"column":6},"end":{"line":98,"column":4}},"41":{"start":{"line":100,"column":6},"end":{"line":104,"column":4}},"42":{"start":{"line":101,"column":8},"end":{"line":102,"column":45}},"43":{"start":{"line":101,"column":16},"end":{"line":101,"column":30}},"44":{"start":{"line":102,"column":13},"end":{"line":102,"column":45}},"45":{"start":{"line":106,"column":6},"end":{"line":110,"column":4}},"46":{"start":{"line":107,"column":8},"end":{"line":108,"column":52}},"47":{"start":{"line":107,"column":16},"end":{"line":107,"column":30}},"48":{"start":{"line":108,"column":13},"end":{"line":108,"column":52}},"49":{"start":{"line":112,"column":6},"end":{"line":115,"column":9}},"50":{"start":{"line":113,"column":8},"end":{"line":114,"column":59}},"51":{"start":{"line":113,"column":16},"end":{"line":113,"column":30}},"52":{"start":{"line":114,"column":13},"end":{"line":114,"column":59}},"53":{"start":{"line":118,"column":6},"end":{"line":127,"column":2}},"54":{"start":{"line":118,"column":14},"end":{"line":118,"column":28}},"55":{"start":{"line":119,"column":11},"end":{"line":127,"column":2}},"56":{"start":{"line":129,"column":0},"end":{"line":386,"column":2}},"57":{"start":{"line":140,"column":4},"end":{"line":140,"column":76}},"58":{"start":{"line":141,"column":4},"end":{"line":143,"column":7}},"59":{"start":{"line":154,"column":4},"end":{"line":154,"column":76}},"60":{"start":{"line":155,"column":4},"end":{"line":157,"column":7}},"61":{"start":{"line":168,"column":4},"end":{"line":168,"column":74}},"62":{"start":{"line":169,"column":4},"end":{"line":169,"column":35}},"63":{"start":{"line":179,"column":6},"end":{"line":179,"column":78}},"64":{"start":{"line":180,"column":6},"end":{"line":180,"column":29}},"65":{"start":{"line":190,"column":6},"end":{"line":190,"column":81}},"66":{"start":{"line":191,"column":6},"end":{"line":193,"column":11}},"67":{"start":{"line":204,"column":6},"end":{"line":204,"column":81}},"68":{"start":{"line":205,"column":6},"end":{"line":213,"column":9}},"69":{"start":{"line":206,"column":8},"end":{"line":206,"column":37}},"70":{"start":{"line":206,"column":16},"end":{"line":206,"column":37}},"71":{"start":{"line":207,"column":8},"end":{"line":213,"column":6}},"72":{"start":{"line":228,"column":6},"end":{"line":228,"column":80}},"73":{"start":{"line":229,"column":6},"end":{"line":231,"column":11}},"74":{"start":{"line":241,"column":6},"end":{"line":241,"column":84}},"75":{"start":{"line":242,"column":6},"end":{"line":244,"column":11}},"76":{"start":{"line":256,"column":6},"end":{"line":256,"column":101}},"77":{"start":{"line":258,"column":6},"end":{"line":258,"column":81}},"78":{"start":{"line":268,"column":6},"end":{"line":268,"column":89}},"79":{"start":{"line":270,"column":6},"end":{"line":270,"column":67}},"80":{"start":{"line":280,"column":6},"end":{"line":280,"column":83}},"81":{"start":{"line":282,"column":6},"end":{"line":282,"column":61}},"82":{"start":{"line":292,"column":6},"end":{"line":292,"column":85}},"83":{"start":{"line":294,"column":6},"end":{"line":294,"column":63}},"84":{"start":{"line":304,"column":6},"end":{"line":304,"column":85}},"85":{"start":{"line":306,"column":6},"end":{"line":306,"column":71}},"86":{"start":{"line":316,"column":6},"end":{"line":316,"column":85}},"87":{"start":{"line":318,"column":6},"end":{"line":318,"column":72}},"88":{"start":{"line":328,"column":6},"end":{"line":328,"column":88}},"89":{"start":{"line":330,"column":6},"end":{"line":330,"column":77}},"90":{"start":{"line":340,"column":6},"end":{"line":340,"column":86}},"91":{"start":{"line":342,"column":6},"end":{"line":342,"column":68}},"92":{"start":{"line":351,"column":6},"end":{"line":351,"column":85}},"93":{"start":{"line":353,"column":6},"end":{"line":353,"column":75}},"94":{"start":{"line":362,"column":6},"end":{"line":362,"column":87}},"95":{"start":{"line":364,"column":6},"end":{"line":364,"column":74}},"96":{"start":{"line":374,"column":6},"end":{"line":374,"column":87}},"97":{"start":{"line":376,"column":6},"end":{"line":376,"column":65}}},"branchMap":{"1":{"line":24,"type":"if","locations":[{"start":{"line":24,"column":8},"end":{"line":24,"column":8}},{"start":{"line":24,"column":8},"end":{"line":24,"column":8}}]},"2":{"line":41,"type":"if","locations":[{"start":{"line":41,"column":8},"end":{"line":41,"column":8}},{"start":{"line":41,"column":8},"end":{"line":41,"column":8}}]},"3":{"line":46,"type":"if","locations":[{"start":{"line":46,"column":6},"end":{"line":46,"column":6}},{"start":{"line":46,"column":6},"end":{"line":46,"column":6}}]},"4":{"line":61,"type":"if","locations":[{"start":{"line":61,"column":8},"end":{"line":61,"column":8}},{"start":{"line":61,"column":8},"end":{"line":61,"column":8}}]},"5":{"line":66,"type":"if","locations":[{"start":{"line":66,"column":6},"end":{"line":66,"column":6}},{"start":{"line":66,"column":6},"end":{"line":66,"column":6}}]},"6":{"line":81,"type":"if","locations":[{"start":{"line":81,"column":8},"end":{"line":81,"column":8}},{"start":{"line":81,"column":8},"end":{"line":81,"column":8}}]},"7":{"line":86,"type":"if","locations":[{"start":{"line":86,"column":6},"end":{"line":86,"column":6}},{"start":{"line":86,"column":6},"end":{"line":86,"column":6}}]},"8":{"line":101,"type":"if","locations":[{"start":{"line":101,"column":8},"end":{"line":101,"column":8}},{"start":{"line":101,"column":8},"end":{"line":101,"column":8}}]},"9":{"line":107,"type":"if","locations":[{"start":{"line":107,"column":8},"end":{"line":107,"column":8}},{"start":{"line":107,"column":8},"end":{"line":107,"column":8}}]},"10":{"line":113,"type":"if","locations":[{"start":{"line":113,"column":8},"end":{"line":113,"column":8}},{"start":{"line":113,"column":8},"end":{"line":113,"column":8}}]},"11":{"line":118,"type":"if","locations":[{"start":{"line":118,"column":6},"end":{"line":118,"column":6}},{"start":{"line":118,"column":6},"end":{"line":118,"column":6}}]},"12":{"line":206,"type":"if","locations":[{"start":{"line":206,"column":8},"end":{"line":206,"column":8}},{"start":{"line":206,"column":8},"end":{"line":206,"column":8}}]}}},"/home/bryce/project/github/EasyAgile/website/api/services/EmailService.js":{"path":"/home/bryce/project/github/EasyAgile/website/api/services/EmailService.js","s":{"1":1,"2":1,"3":1,"4":1,"5":1,"6":0,"7":0,"8":0,"9":0,"10":0},"b":{"1":[0,0]},"f":{"1":1,"2":0},"fnMap":{"1":{"name":"(anonymous_1)","line":18,"loc":{"start":{"line":18,"column":15},"end":{"line":18,"column":52}}},"2":{"name":"(anonymous_2)","line":30,"loc":{"start":{"line":30,"column":40},"end":{"line":30,"column":65}}}},"statementMap":{"1":{"start":{"line":1,"column":0},"end":{"line":1,"column":39}},"2":{"start":{"line":4,"column":0},"end":{"line":10,"column":3}},"3":{"start":{"line":18,"column":0},"end":{"line":41,"column":2}},"4":{"start":{"line":21,"column":4},"end":{"line":27,"column":6}},"5":{"start":{"line":30,"column":4},"end":{"line":40,"column":7}},"6":{"start":{"line":31,"column":8},"end":{"line":37,"column":9}},"7":{"start":{"line":32,"column":12},"end":{"line":32,"column":31}},"8":{"start":{"line":33,"column":12},"end":{"line":33,"column":28}},"9":{"start":{"line":35,"column":12},"end":{"line":35,"column":61}},"10":{"start":{"line":36,"column":12},"end":{"line":36,"column":37}}},"branchMap":{"1":{"line":31,"type":"if","locations":[{"start":{"line":31,"column":8},"end":{"line":31,"column":8}},{"start":{"line":31,"column":8},"end":{"line":31,"column":8}}]}}},"/home/bryce/project/github/EasyAgile/website/config/400.js":{"path":"/home/bryce/project/github/EasyAgile/website/config/400.js","s":{"1":1,"2":0,"3":0,"4":0,"5":0,"6":0,"7":0,"8":0,"9":0,"10":0,"11":0},"b":{"1":[0,0],"2":[0,0],"3":[0,0]},"f":{"1":0},"fnMap":{"1":{"name":"badRequest","line":23,"loc":{"start":{"line":23,"column":22},"end":{"line":23,"column":82}}}},"statementMap":{"1":{"start":{"line":23,"column":0},"end":{"line":73,"column":2}},"2":{"start":{"line":31,"column":2},"end":{"line":31,"column":23}},"3":{"start":{"line":33,"column":2},"end":{"line":35,"column":4}},"4":{"start":{"line":38,"column":2},"end":{"line":40,"column":3}},"5":{"start":{"line":39,"column":4},"end":{"line":39,"column":47}},"6":{"start":{"line":44,"column":2},"end":{"line":46,"column":3}},"7":{"start":{"line":45,"column":4},"end":{"line":45,"column":43}},"8":{"start":{"line":55,"column":2},"end":{"line":62,"column":3}},"9":{"start":{"line":58,"column":4},"end":{"line":58,"column":42}},"10":{"start":{"line":61,"column":4},"end":{"line":61,"column":36}},"11":{"start":{"line":71,"column":2},"end":{"line":71,"column":41}}},"branchMap":{"1":{"line":38,"type":"if","locations":[{"start":{"line":38,"column":2},"end":{"line":38,"column":2}},{"start":{"line":38,"column":2},"end":{"line":38,"column":2}}]},"2":{"line":44,"type":"if","locations":[{"start":{"line":44,"column":2},"end":{"line":44,"column":2}},{"start":{"line":44,"column":2},"end":{"line":44,"column":2}}]},"3":{"line":55,"type":"if","locations":[{"start":{"line":55,"column":2},"end":{"line":55,"column":2}},{"start":{"line":55,"column":2},"end":{"line":55,"column":2}}]}}},"/home/bryce/project/github/EasyAgile/website/config/403.js":{"path":"/home/bryce/project/github/EasyAgile/website/config/403.js","s":{"1":1,"2":0,"3":0,"4":0,"5":0,"6":0,"7":0,"8":0,"9":0,"10":0,"11":0,"12":0,"13":0,"14":0,"15":0},"b":{"1":[0,0],"2":[0,0],"3":[0,0]},"f":{"1":0,"2":0},"fnMap":{"1":{"name":"badRequest","line":13,"loc":{"start":{"line":13,"column":22},"end":{"line":13,"column":61}}},"2":{"name":"(anonymous_2)","line":44,"loc":{"start":{"line":44,"column":35},"end":{"line":44,"column":50}}}},"statementMap":{"1":{"start":{"line":13,"column":0},"end":{"line":52,"column":2}},"2":{"start":{"line":21,"column":2},"end":{"line":21,"column":27}},"3":{"start":{"line":22,"column":2},"end":{"line":22,"column":23}},"4":{"start":{"line":24,"column":2},"end":{"line":26,"column":4}},"5":{"start":{"line":29,"column":2},"end":{"line":31,"column":3}},"6":{"start":{"line":30,"column":4},"end":{"line":30,"column":29}},"7":{"start":{"line":34,"column":2},"end":{"line":36,"column":3}},"8":{"start":{"line":35,"column":4},"end":{"line":35,"column":43}},"9":{"start":{"line":39,"column":2},"end":{"line":39,"column":28}},"10":{"start":{"line":40,"column":2},"end":{"line":42,"column":3}},"11":{"start":{"line":41,"column":4},"end":{"line":41,"column":34}},"12":{"start":{"line":44,"column":2},"end":{"line":50,"column":5}},"13":{"start":{"line":46,"column":4},"end":{"line":46,"column":56}},"14":{"start":{"line":46,"column":15},"end":{"line":46,"column":54}},"15":{"start":{"line":49,"column":4},"end":{"line":49,"column":29}}},"branchMap":{"1":{"line":29,"type":"if","locations":[{"start":{"line":29,"column":2},"end":{"line":29,"column":2}},{"start":{"line":29,"column":2},"end":{"line":29,"column":2}}]},"2":{"line":34,"type":"if","locations":[{"start":{"line":34,"column":2},"end":{"line":34,"column":2}},{"start":{"line":34,"column":2},"end":{"line":34,"column":2}}]},"3":{"line":46,"type":"if","locations":[{"start":{"line":46,"column":4},"end":{"line":46,"column":4}},{"start":{"line":46,"column":4},"end":{"line":46,"column":4}}]}}},"/home/bryce/project/github/EasyAgile/website/config/404.js":{"path":"/home/bryce/project/github/EasyAgile/website/config/404.js","s":{"1":1,"2":1,"3":1,"4":1,"5":1,"6":1,"7":0,"8":0,"9":0,"10":0,"11":0},"b":{"1":[1,0],"2":[0,0]},"f":{"1":1,"2":0},"fnMap":{"1":{"name":"pageNotFound","line":10,"loc":{"start":{"line":10,"column":22},"end":{"line":10,"column":54}}},"2":{"name":"(anonymous_2)","line":30,"loc":{"start":{"line":30,"column":27},"end":{"line":30,"column":42}}}},"statementMap":{"1":{"start":{"line":10,"column":0},"end":{"line":38,"column":2}},"2":{"start":{"line":18,"column":2},"end":{"line":18,"column":27}},"3":{"start":{"line":19,"column":2},"end":{"line":19,"column":23}},"4":{"start":{"line":20,"column":2},"end":{"line":22,"column":4}},"5":{"start":{"line":25,"column":2},"end":{"line":27,"column":3}},"6":{"start":{"line":26,"column":4},"end":{"line":26,"column":43}},"7":{"start":{"line":29,"column":2},"end":{"line":29,"column":28}},"8":{"start":{"line":30,"column":2},"end":{"line":36,"column":5}},"9":{"start":{"line":32,"column":4},"end":{"line":32,"column":56}},"10":{"start":{"line":32,"column":15},"end":{"line":32,"column":54}},"11":{"start":{"line":35,"column":4},"end":{"line":35,"column":29}}},"branchMap":{"1":{"line":25,"type":"if","locations":[{"start":{"line":25,"column":2},"end":{"line":25,"column":2}},{"start":{"line":25,"column":2},"end":{"line":25,"column":2}}]},"2":{"line":32,"type":"if","locations":[{"start":{"line":32,"column":4},"end":{"line":32,"column":4}},{"start":{"line":32,"column":4},"end":{"line":32,"column":4}}]}}},"/home/bryce/project/github/EasyAgile/website/config/500.js":{"path":"/home/bryce/project/github/EasyAgile/website/config/500.js","s":{"1":1,"2":0,"3":0,"4":0,"5":0,"6":0,"7":0,"8":0,"9":0,"10":0,"11":0,"12":0,"13":0,"14":0,"15":0,"16":0,"17":0,"18":0,"19":0,"20":0,"21":0,"22":0,"23":0},"b":{"1":[0,0],"2":[0,0],"3":[0,0],"4":[0,0],"5":[0,0]},"f":{"1":0,"2":0},"fnMap":{"1":{"name":"serverErrorOccurred","line":15,"loc":{"start":{"line":15,"column":22},"end":{"line":15,"column":69}}},"2":{"name":"(anonymous_2)","line":69,"loc":{"start":{"line":69,"column":35},"end":{"line":69,"column":50}}}},"statementMap":{"1":{"start":{"line":15,"column":0},"end":{"line":77,"column":2}},"2":{"start":{"line":23,"column":2},"end":{"line":25,"column":33}},"3":{"start":{"line":27,"column":2},"end":{"line":29,"column":4}},"4":{"start":{"line":33,"column":2},"end":{"line":33,"column":59}},"5":{"start":{"line":34,"column":2},"end":{"line":50,"column":3}},"6":{"start":{"line":38,"column":4},"end":{"line":43,"column":5}},"7":{"start":{"line":39,"column":6},"end":{"line":39,"column":67}},"8":{"start":{"line":42,"column":6},"end":{"line":42,"column":44}},"9":{"start":{"line":44,"column":4},"end":{"line":44,"column":42}},"10":{"start":{"line":45,"column":4},"end":{"line":45,"column":32}},"11":{"start":{"line":48,"column":4},"end":{"line":48,"column":76}},"12":{"start":{"line":49,"column":4},"end":{"line":49,"column":37}},"13":{"start":{"line":54,"column":2},"end":{"line":56,"column":3}},"14":{"start":{"line":55,"column":4},"end":{"line":55,"column":36}},"15":{"start":{"line":59,"column":2},"end":{"line":61,"column":3}},"16":{"start":{"line":60,"column":4},"end":{"line":60,"column":43}},"17":{"start":{"line":64,"column":2},"end":{"line":64,"column":28}},"18":{"start":{"line":65,"column":2},"end":{"line":67,"column":3}},"19":{"start":{"line":66,"column":4},"end":{"line":66,"column":34}},"20":{"start":{"line":69,"column":2},"end":{"line":75,"column":5}},"21":{"start":{"line":71,"column":4},"end":{"line":71,"column":56}},"22":{"start":{"line":71,"column":15},"end":{"line":71,"column":54}},"23":{"start":{"line":74,"column":4},"end":{"line":74,"column":37}}},"branchMap":{"1":{"line":38,"type":"if","locations":[{"start":{"line":38,"column":4},"end":{"line":38,"column":4}},{"start":{"line":38,"column":4},"end":{"line":38,"column":4}}]},"2":{"line":48,"type":"binary-expr","locations":[{"start":{"line":48,"column":18},"end":{"line":48,"column":45}},{"start":{"line":48,"column":49},"end":{"line":48,"column":75}}]},"3":{"line":54,"type":"if","locations":[{"start":{"line":54,"column":2},"end":{"line":54,"column":2}},{"start":{"line":54,"column":2},"end":{"line":54,"column":2}}]},"4":{"line":59,"type":"if","locations":[{"start":{"line":59,"column":2},"end":{"line":59,"column":2}},{"start":{"line":59,"column":2},"end":{"line":59,"column":2}}]},"5":{"line":71,"type":"if","locations":[{"start":{"line":71,"column":4},"end":{"line":71,"column":4}},{"start":{"line":71,"column":4},"end":{"line":71,"column":4}}]}}},"/home/bryce/project/github/EasyAgile/website/config/adapters.js":{"path":"/home/bryce/project/github/EasyAgile/website/config/adapters.js","s":{"1":1},"b":{},"f":{},"fnMap":{},"statementMap":{"1":{"start":{"line":15,"column":0},"end":{"line":39,"column":2}}},"branchMap":{}},"/home/bryce/project/github/EasyAgile/website/config/application.js":{"path":"/home/bryce/project/github/EasyAgile/website/config/application.js","s":{"1":1,"2":1,"3":0,"4":0,"5":0,"6":0,"7":0,"8":0,"9":0,"10":0,"11":1,"12":0,"13":1,"14":0},"b":{},"f":{"1":0,"2":0,"3":0,"4":0},"fnMap":{"1":{"name":"(anonymous_1)","line":19,"loc":{"start":{"line":19,"column":9},"end":{"line":19,"column":20}}},"2":{"name":"(anonymous_2)","line":22,"loc":{"start":{"line":22,"column":34},"end":{"line":22,"column":53}}},"3":{"name":"(anonymous_3)","line":39,"loc":{"start":{"line":39,"column":9},"end":{"line":39,"column":20}}},"4":{"name":"(anonymous_4)","line":45,"loc":{"start":{"line":45,"column":9},"end":{"line":45,"column":20}}}},"statementMap":{"1":{"start":{"line":6,"column":0},"end":{"line":16,"column":2}},"2":{"start":{"line":18,"column":0},"end":{"line":36,"column":3}},"3":{"start":{"line":20,"column":8},"end":{"line":20,"column":43}},"4":{"start":{"line":22,"column":8},"end":{"line":24,"column":10}},"5":{"start":{"line":23,"column":12},"end":{"line":23,"column":25}},"6":{"start":{"line":26,"column":8},"end":{"line":26,"column":28}},"7":{"start":{"line":28,"column":8},"end":{"line":28,"column":55}},"8":{"start":{"line":30,"column":8},"end":{"line":30,"column":30}},"9":{"start":{"line":32,"column":8},"end":{"line":32,"column":39}},"10":{"start":{"line":34,"column":8},"end":{"line":34,"column":21}},"11":{"start":{"line":38,"column":0},"end":{"line":42,"column":3}},"12":{"start":{"line":40,"column":8},"end":{"line":40,"column":42}},"13":{"start":{"line":44,"column":0},"end":{"line":48,"column":3}},"14":{"start":{"line":46,"column":8},"end":{"line":46,"column":44}}},"branchMap":{}},"/home/bryce/project/github/EasyAgile/website/config/bootstrap.js":{"path":"/home/bryce/project/github/EasyAgile/website/config/bootstrap.js","s":{"1":1,"2":1,"3":1,"4":1,"5":1,"6":1,"7":1},"b":{"1":[1,0]},"f":{"1":1},"fnMap":{"1":{"name":"(anonymous_1)","line":11,"loc":{"start":{"line":11,"column":27},"end":{"line":11,"column":41}}}},"statementMap":{"1":{"start":{"line":11,"column":0},"end":{"line":23,"column":2}},"2":{"start":{"line":13,"column":1},"end":{"line":13,"column":36}},"3":{"start":{"line":14,"column":1},"end":{"line":15,"column":1}},"4":{"start":{"line":15,"column":1},"end":{"line":15,"column":51}},"5":{"start":{"line":17,"column":1},"end":{"line":17,"column":38}},"6":{"start":{"line":18,"column":1},"end":{"line":18,"column":38}},"7":{"start":{"line":22,"column":2},"end":{"line":22,"column":7}}},"branchMap":{"1":{"line":14,"type":"binary-expr","locations":[{"start":{"line":14,"column":14},"end":{"line":14,"column":33}},{"start":{"line":14,"column":37},"end":{"line":14,"column":48}}]}}},"/home/bryce/project/github/EasyAgile/website/config/controllers.js":{"path":"/home/bryce/project/github/EasyAgile/website/config/controllers.js","s":{"1":1},"b":{},"f":{},"fnMap":{},"statementMap":{"1":{"start":{"line":20,"column":0},"end":{"line":169,"column":2}}},"branchMap":{}},"/home/bryce/project/github/EasyAgile/website/config/cors.js":{"path":"/home/bryce/project/github/EasyAgile/website/config/cors.js","s":{"1":1},"b":{},"f":{},"fnMap":{},"statementMap":{"1":{"start":{"line":25,"column":0},"end":{"line":49,"column":2}}},"branchMap":{}},"/home/bryce/project/github/EasyAgile/website/config/csrf.js":{"path":"/home/bryce/project/github/EasyAgile/website/config/csrf.js","s":{"1":1},"b":{},"f":{},"fnMap":{},"statementMap":{"1":{"start":{"line":40,"column":0},"end":{"line":40,"column":28}}},"branchMap":{}},"/home/bryce/project/github/EasyAgile/website/config/i18n.js":{"path":"/home/bryce/project/github/EasyAgile/website/config/i18n.js","s":{"1":1},"b":{},"f":{},"fnMap":{},"statementMap":{"1":{"start":{"line":12,"column":0},"end":{"line":17,"column":2}}},"branchMap":{}},"/home/bryce/project/github/EasyAgile/website/config/local.js":{"path":"/home/bryce/project/github/EasyAgile/website/config/local.js","s":{"1":1},"b":{"1":[1,1],"2":[1,0]},"f":{},"fnMap":{},"statementMap":{"1":{"start":{"line":25,"column":0},"end":{"line":61,"column":2}}},"branchMap":{"1":{"line":39,"type":"binary-expr","locations":[{"start":{"line":39,"column":8},"end":{"line":39,"column":24}},{"start":{"line":39,"column":28},"end":{"line":39,"column":33}}]},"2":{"line":55,"type":"binary-expr","locations":[{"start":{"line":55,"column":15},"end":{"line":55,"column":35}},{"start":{"line":55,"column":39},"end":{"line":55,"column":52}}]}}},"/home/bryce/project/github/EasyAgile/website/config/log.js":{"path":"/home/bryce/project/github/EasyAgile/website/config/log.js","s":{"1":1},"b":{},"f":{},"fnMap":{},"statementMap":{"1":{"start":{"line":12,"column":0},"end":{"line":27,"column":2}}},"branchMap":{}},"/home/bryce/project/github/EasyAgile/website/config/policies.js":{"path":"/home/bryce/project/github/EasyAgile/website/config/policies.js","s":{"1":1},"b":{},"f":{},"fnMap":{},"statementMap":{"1":{"start":{"line":15,"column":0},"end":{"line":224,"column":2}}},"branchMap":{}},"/home/bryce/project/github/EasyAgile/website/config/routes.js":{"path":"/home/bryce/project/github/EasyAgile/website/config/routes.js","s":{"1":1},"b":{},"f":{},"fnMap":{},"statementMap":{"1":{"start":{"line":29,"column":0},"end":{"line":178,"column":0}}},"branchMap":{}},"/home/bryce/project/github/EasyAgile/website/config/session.js":{"path":"/home/bryce/project/github/EasyAgile/website/config/session.js","s":{"1":1},"b":{},"f":{},"fnMap":{},"statementMap":{"1":{"start":{"line":13,"column":0},"end":{"line":56,"column":2}}},"branchMap":{}},"/home/bryce/project/github/EasyAgile/website/config/sockets.js":{"path":"/home/bryce/project/github/EasyAgile/website/config/sockets.js","s":{"1":1},"b":{},"f":{"1":0,"2":0},"fnMap":{"1":{"name":"(anonymous_1)","line":17,"loc":{"start":{"line":17,"column":13},"end":{"line":17,"column":39}}},"2":{"name":"(anonymous_2)","line":25,"loc":{"start":{"line":25,"column":16},"end":{"line":25,"column":42}}}},"statementMap":{"1":{"start":{"line":11,"column":0},"end":{"line":223,"column":2}}},"branchMap":{}},"/home/bryce/project/github/EasyAgile/website/config/views.js":{"path":"/home/bryce/project/github/EasyAgile/website/config/views.js","s":{"1":1},"b":{},"f":{},"fnMap":{},"statementMap":{"1":{"start":{"line":12,"column":0},"end":{"line":76,"column":2}}},"branchMap":{}},"/home/bryce/project/github/EasyAgile/website/api/controllers/AuthController.js":{"path":"/home/bryce/project/github/EasyAgile/website/api/controllers/AuthController.js","s":{"1":1,"2":7,"3":7,"4":7,"5":7,"6":7,"7":0,"8":1,"9":1,"10":1,"11":18,"12":18,"13":18,"14":4,"15":4,"16":4,"17":3,"18":3,"19":3,"20":1,"21":1,"22":1,"23":2,"24":2,"25":2,"26":2,"27":0,"28":0},"b":{"1":[7,0],"2":[3,1],"3":[2,0]},"f":{"1":7,"2":7,"3":1,"4":18,"5":4,"6":4,"7":2,"8":2},"fnMap":{"1":{"name":"(anonymous_1)","line":24,"loc":{"start":{"line":24,"column":9},"end":{"line":24,"column":28}}},"2":{"name":"(anonymous_2)","line":31,"loc":{"start":{"line":31,"column":38},"end":{"line":31,"column":57}}},"3":{"name":"(anonymous_3)","line":54,"loc":{"start":{"line":54,"column":12},"end":{"line":54,"column":31}}},"4":{"name":"(anonymous_4)","line":61,"loc":{"start":{"line":61,"column":15},"end":{"line":61,"column":34}}},"5":{"name":"(anonymous_5)","line":75,"loc":{"start":{"line":75,"column":11},"end":{"line":75,"column":30}}},"6":{"name":"(anonymous_6)","line":77,"loc":{"start":{"line":77,"column":74},"end":{"line":77,"column":94}}},"7":{"name":"(anonymous_7)","line":91,"loc":{"start":{"line":91,"column":19},"end":{"line":91,"column":37}}},"8":{"name":"(anonymous_8)","line":93,"loc":{"start":{"line":93,"column":70},"end":{"line":93,"column":89}}}},"statementMap":{"1":{"start":{"line":9,"column":0},"end":{"line":100,"column":2}},"2":{"start":{"line":25,"column":8},"end":{"line":25,"column":76}},"3":{"start":{"line":26,"column":8},"end":{"line":30,"column":10}},"4":{"start":{"line":31,"column":8},"end":{"line":44,"column":15}},"5":{"start":{"line":32,"column":16},"end":{"line":43,"column":17}},"6":{"start":{"line":34,"column":20},"end":{"line":34,"column":34}},"7":{"start":{"line":42,"column":20},"end":{"line":42,"column":51}},"8":{"start":{"line":55,"column":8},"end":{"line":55,"column":79}},"9":{"start":{"line":56,"column":8},"end":{"line":56,"column":32}},"10":{"start":{"line":58,"column":8},"end":{"line":58,"column":26}},"11":{"start":{"line":62,"column":8},"end":{"line":62,"column":82}},"12":{"start":{"line":63,"column":8},"end":{"line":63,"column":32}},"13":{"start":{"line":64,"column":8},"end":{"line":64,"column":39}},"14":{"start":{"line":76,"column":8},"end":{"line":76,"column":78}},"15":{"start":{"line":77,"column":8},"end":{"line":88,"column":12}},"16":{"start":{"line":78,"column":12},"end":{"line":87,"column":13}},"17":{"start":{"line":79,"column":16},"end":{"line":79,"column":36}},"18":{"start":{"line":80,"column":16},"end":{"line":80,"column":47}},"19":{"start":{"line":81,"column":16},"end":{"line":81,"column":39}},"20":{"start":{"line":84,"column":16},"end":{"line":84,"column":39}},"21":{"start":{"line":85,"column":16},"end":{"line":85,"column":42}},"22":{"start":{"line":86,"column":16},"end":{"line":86,"column":50}},"23":{"start":{"line":92,"column":8},"end":{"line":92,"column":86}},"24":{"start":{"line":93,"column":8},"end":{"line":99,"column":4}},"25":{"start":{"line":94,"column":12},"end":{"line":94,"column":41}},"26":{"start":{"line":94,"column":20},"end":{"line":94,"column":41}},"27":{"start":{"line":95,"column":12},"end":{"line":95,"column":36}},"28":{"start":{"line":96,"column":12},"end":{"line":96,"column":44}}},"branchMap":{"1":{"line":32,"type":"if","locations":[{"start":{"line":32,"column":16},"end":{"line":32,"column":16}},{"start":{"line":32,"column":16},"end":{"line":32,"column":16}}]},"2":{"line":78,"type":"if","locations":[{"start":{"line":78,"column":12},"end":{"line":78,"column":12}},{"start":{"line":78,"column":12},"end":{"line":78,"column":12}}]},"3":{"line":94,"type":"if","locations":[{"start":{"line":94,"column":12},"end":{"line":94,"column":12}},{"start":{"line":94,"column":12},"end":{"line":94,"column":12}}]}}},"/home/bryce/project/github/EasyAgile/website/api/controllers/BacklogController.js":{"path":"/home/bryce/project/github/EasyAgile/website/api/controllers/BacklogController.js","s":{"1":1,"2":1,"3":1,"4":1,"5":1,"6":1,"7":0,"8":1,"9":3,"10":3,"11":3,"12":1,"13":2,"14":2,"15":2,"16":2,"17":2,"18":1,"19":1,"20":1,"21":1,"22":1,"23":2,"24":2,"25":2,"26":0,"27":2,"28":2,"29":1,"30":1,"31":1,"32":0,"33":1},"b":{"1":[0,1],"2":[1,2],"3":[1,1],"4":[0,2],"5":[0,1]},"f":{"1":1,"2":1,"3":3,"4":3,"5":2,"6":2,"7":2,"8":2,"9":1,"10":1},"fnMap":{"1":{"name":"(anonymous_1)","line":30,"loc":{"start":{"line":30,"column":25},"end":{"line":30,"column":45}}},"2":{"name":"(anonymous_2)","line":34,"loc":{"start":{"line":34,"column":3},"end":{"line":34,"column":25}}},"3":{"name":"(anonymous_3)","line":47,"loc":{"start":{"line":47,"column":25},"end":{"line":47,"column":45}}},"4":{"name":"(anonymous_4)","line":55,"loc":{"start":{"line":55,"column":4},"end":{"line":55,"column":19}}},"5":{"name":"(anonymous_5)","line":70,"loc":{"start":{"line":70,"column":28},"end":{"line":70,"column":48}}},"6":{"name":"(anonymous_6)","line":78,"loc":{"start":{"line":78,"column":4},"end":{"line":78,"column":17}}},"7":{"name":"(anonymous_7)","line":111,"loc":{"start":{"line":111,"column":28},"end":{"line":111,"column":48}}},"8":{"name":"(anonymous_8)","line":115,"loc":{"start":{"line":115,"column":3},"end":{"line":115,"column":16}}},"9":{"name":"(anonymous_9)","line":130,"loc":{"start":{"line":130,"column":31},"end":{"line":130,"column":51}}},"10":{"name":"(anonymous_10)","line":134,"loc":{"start":{"line":134,"column":3},"end":{"line":134,"column":16}}}},"statementMap":{"1":{"start":{"line":18,"column":0},"end":{"line":21,"column":0}},"2":{"start":{"line":21,"column":0},"end":{"line":21,"column":30}},"3":{"start":{"line":22,"column":0},"end":{"line":147,"column":2}},"4":{"start":{"line":32,"column":5},"end":{"line":32,"column":92}},"5":{"start":{"line":33,"column":5},"end":{"line":38,"column":5}},"6":{"start":{"line":36,"column":4},"end":{"line":37,"column":69}},"7":{"start":{"line":36,"column":12},"end":{"line":36,"column":26}},"8":{"start":{"line":37,"column":9},"end":{"line":37,"column":69}},"9":{"start":{"line":49,"column":5},"end":{"line":49,"column":92}},"10":{"start":{"line":50,"column":5},"end":{"line":61,"column":5}},"11":{"start":{"line":56,"column":3},"end":{"line":60,"column":5}},"12":{"start":{"line":56,"column":11},"end":{"line":56,"column":25}},"13":{"start":{"line":58,"column":5},"end":{"line":58,"column":76}},"14":{"start":{"line":59,"column":5},"end":{"line":59,"column":41}},"15":{"start":{"line":72,"column":5},"end":{"line":72,"column":95}},"16":{"start":{"line":73,"column":5},"end":{"line":86,"column":5}},"17":{"start":{"line":79,"column":3},"end":{"line":85,"column":4}},"18":{"start":{"line":79,"column":11},"end":{"line":79,"column":25}},"19":{"start":{"line":81,"column":4},"end":{"line":81,"column":47}},"20":{"start":{"line":82,"column":4},"end":{"line":82,"column":73}},"21":{"start":{"line":83,"column":4},"end":{"line":83,"column":40}},"22":{"start":{"line":84,"column":5},"end":{"line":84,"column":36}},"23":{"start":{"line":113,"column":5},"end":{"line":113,"column":95}},"24":{"start":{"line":114,"column":5},"end":{"line":121,"column":5}},"25":{"start":{"line":116,"column":3},"end":{"line":120,"column":4}},"26":{"start":{"line":116,"column":11},"end":{"line":116,"column":25}},"27":{"start":{"line":118,"column":4},"end":{"line":118,"column":35}},"28":{"start":{"line":119,"column":4},"end":{"line":119,"column":40}},"29":{"start":{"line":132,"column":5},"end":{"line":132,"column":98}},"30":{"start":{"line":133,"column":5},"end":{"line":137,"column":5}},"31":{"start":{"line":135,"column":3},"end":{"line":136,"column":39}},"32":{"start":{"line":135,"column":11},"end":{"line":135,"column":25}},"33":{"start":{"line":136,"column":8},"end":{"line":136,"column":39}}},"branchMap":{"1":{"line":36,"type":"if","locations":[{"start":{"line":36,"column":4},"end":{"line":36,"column":4}},{"start":{"line":36,"column":4},"end":{"line":36,"column":4}}]},"2":{"line":56,"type":"if","locations":[{"start":{"line":56,"column":3},"end":{"line":56,"column":3}},{"start":{"line":56,"column":3},"end":{"line":56,"column":3}}]},"3":{"line":79,"type":"if","locations":[{"start":{"line":79,"column":3},"end":{"line":79,"column":3}},{"start":{"line":79,"column":3},"end":{"line":79,"column":3}}]},"4":{"line":116,"type":"if","locations":[{"start":{"line":116,"column":3},"end":{"line":116,"column":3}},{"start":{"line":116,"column":3},"end":{"line":116,"column":3}}]},"5":{"line":135,"type":"if","locations":[{"start":{"line":135,"column":3},"end":{"line":135,"column":3}},{"start":{"line":135,"column":3},"end":{"line":135,"column":3}}]}}},"/home/bryce/project/github/EasyAgile/website/api/controllers/EditorController.js":{"path":"/home/bryce/project/github/EasyAgile/website/api/controllers/EditorController.js","s":{"1":1,"2":1,"3":1,"4":1,"5":1,"6":0,"7":1,"8":1,"9":1,"10":1,"11":0,"12":1,"13":2,"14":2,"15":2,"16":1,"17":1},"b":{"1":[0,1],"2":[0,1],"3":[1,1]},"f":{"1":1,"2":1,"3":1,"4":1,"5":2,"6":2},"fnMap":{"1":{"name":"(anonymous_1)","line":27,"loc":{"start":{"line":27,"column":9},"end":{"line":27,"column":29}}},"2":{"name":"(anonymous_2)","line":30,"loc":{"start":{"line":30,"column":39},"end":{"line":30,"column":61}}},"3":{"name":"(anonymous_3)","line":43,"loc":{"start":{"line":43,"column":12},"end":{"line":43,"column":32}}},"4":{"name":"(anonymous_4)","line":49,"loc":{"start":{"line":49,"column":7},"end":{"line":49,"column":22}}},"5":{"name":"(anonymous_5)","line":74,"loc":{"start":{"line":74,"column":12},"end":{"line":74,"column":32}}},"6":{"name":"(anonymous_6)","line":77,"loc":{"start":{"line":77,"column":80},"end":{"line":77,"column":102}}}},"statementMap":{"1":{"start":{"line":17,"column":0},"end":{"line":17,"column":30}},"2":{"start":{"line":19,"column":0},"end":{"line":91,"column":2}},"3":{"start":{"line":29,"column":5},"end":{"line":29,"column":75}},"4":{"start":{"line":30,"column":5},"end":{"line":35,"column":4}},"5":{"start":{"line":32,"column":6},"end":{"line":33,"column":70}},"6":{"start":{"line":32,"column":14},"end":{"line":32,"column":28}},"7":{"start":{"line":33,"column":11},"end":{"line":33,"column":70}},"8":{"start":{"line":45,"column":5},"end":{"line":45,"column":78}},"9":{"start":{"line":46,"column":5},"end":{"line":54,"column":4}},"10":{"start":{"line":50,"column":6},"end":{"line":51,"column":77}},"11":{"start":{"line":50,"column":14},"end":{"line":50,"column":28}},"12":{"start":{"line":51,"column":11},"end":{"line":51,"column":77}},"13":{"start":{"line":76,"column":5},"end":{"line":76,"column":78}},"14":{"start":{"line":77,"column":5},"end":{"line":82,"column":4}},"15":{"start":{"line":79,"column":6},"end":{"line":80,"column":70}},"16":{"start":{"line":79,"column":14},"end":{"line":79,"column":28}},"17":{"start":{"line":80,"column":11},"end":{"line":80,"column":70}}},"branchMap":{"1":{"line":32,"type":"if","locations":[{"start":{"line":32,"column":6},"end":{"line":32,"column":6}},{"start":{"line":32,"column":6},"end":{"line":32,"column":6}}]},"2":{"line":50,"type":"if","locations":[{"start":{"line":50,"column":6},"end":{"line":50,"column":6}},{"start":{"line":50,"column":6},"end":{"line":50,"column":6}}]},"3":{"line":79,"type":"if","locations":[{"start":{"line":79,"column":6},"end":{"line":79,"column":6}},{"start":{"line":79,"column":6},"end":{"line":79,"column":6}}]}}},"/home/bryce/project/github/EasyAgile/website/api/controllers/FileController.js":{"path":"/home/bryce/project/github/EasyAgile/website/api/controllers/FileController.js","s":{"1":1,"2":1,"3":1,"4":1,"5":1,"6":0,"7":1,"8":1,"9":1,"10":0,"11":0,"12":0,"13":0,"14":1,"15":1,"16":1,"17":0,"18":1,"19":1,"20":1,"21":1,"22":0,"23":1,"24":1,"25":1,"26":1,"27":0},"b":{"1":[0,1],"2":[0,1],"3":[0,0],"4":[1,0],"5":[1,0],"6":[1,0]},"f":{"1":1,"2":1,"3":1,"4":0,"5":1,"6":1,"7":1,"8":1,"9":1},"fnMap":{"1":{"name":"(anonymous_1)","line":27,"loc":{"start":{"line":27,"column":26},"end":{"line":27,"column":46}}},"2":{"name":"(anonymous_2)","line":30,"loc":{"start":{"line":30,"column":54},"end":{"line":30,"column":74}}},"3":{"name":"(anonymous_3)","line":42,"loc":{"start":{"line":42,"column":26},"end":{"line":42,"column":46}}},"4":{"name":"(anonymous_4)","line":46,"loc":{"start":{"line":46,"column":94},"end":{"line":46,"column":107}}},"5":{"name":"(anonymous_5)","line":51,"loc":{"start":{"line":51,"column":93},"end":{"line":51,"column":106}}},"6":{"name":"(anonymous_6)","line":64,"loc":{"start":{"line":64,"column":25},"end":{"line":64,"column":45}}},"7":{"name":"(anonymous_7)","line":67,"loc":{"start":{"line":67,"column":95},"end":{"line":67,"column":114}}},"8":{"name":"(anonymous_8)","line":79,"loc":{"start":{"line":79,"column":28},"end":{"line":79,"column":48}}},"9":{"name":"(anonymous_9)","line":82,"loc":{"start":{"line":82,"column":91},"end":{"line":82,"column":110}}}},"statementMap":{"1":{"start":{"line":17,"column":0},"end":{"line":17,"column":30}},"2":{"start":{"line":19,"column":0},"end":{"line":97,"column":2}},"3":{"start":{"line":29,"column":5},"end":{"line":29,"column":90}},"4":{"start":{"line":30,"column":5},"end":{"line":34,"column":4}},"5":{"start":{"line":31,"column":6},"end":{"line":32,"column":67}},"6":{"start":{"line":31,"column":14},"end":{"line":31,"column":28}},"7":{"start":{"line":32,"column":11},"end":{"line":32,"column":67}},"8":{"start":{"line":44,"column":5},"end":{"line":44,"column":90}},"9":{"start":{"line":45,"column":5},"end":{"line":55,"column":3}},"10":{"start":{"line":46,"column":6},"end":{"line":49,"column":9}},"11":{"start":{"line":47,"column":7},"end":{"line":48,"column":59}},"12":{"start":{"line":47,"column":15},"end":{"line":47,"column":29}},"13":{"start":{"line":48,"column":12},"end":{"line":48,"column":59}},"14":{"start":{"line":51,"column":6},"end":{"line":54,"column":9}},"15":{"start":{"line":52,"column":7},"end":{"line":53,"column":59}},"16":{"start":{"line":52,"column":15},"end":{"line":52,"column":29}},"17":{"start":{"line":53,"column":12},"end":{"line":53,"column":59}},"18":{"start":{"line":66,"column":5},"end":{"line":66,"column":86}},"19":{"start":{"line":67,"column":5},"end":{"line":70,"column":8}},"20":{"start":{"line":68,"column":6},"end":{"line":68,"column":35}},"21":{"start":{"line":68,"column":14},"end":{"line":68,"column":35}},"22":{"start":{"line":69,"column":6},"end":{"line":69,"column":40}},"23":{"start":{"line":81,"column":5},"end":{"line":81,"column":89}},"24":{"start":{"line":82,"column":5},"end":{"line":85,"column":8}},"25":{"start":{"line":83,"column":6},"end":{"line":84,"column":42}},"26":{"start":{"line":83,"column":14},"end":{"line":83,"column":28}},"27":{"start":{"line":84,"column":11},"end":{"line":84,"column":42}}},"branchMap":{"1":{"line":31,"type":"if","locations":[{"start":{"line":31,"column":6},"end":{"line":31,"column":6}},{"start":{"line":31,"column":6},"end":{"line":31,"column":6}}]},"2":{"line":45,"type":"if","locations":[{"start":{"line":45,"column":5},"end":{"line":45,"column":5}},{"start":{"line":45,"column":5},"end":{"line":45,"column":5}}]},"3":{"line":47,"type":"if","locations":[{"start":{"line":47,"column":7},"end":{"line":47,"column":7}},{"start":{"line":47,"column":7},"end":{"line":47,"column":7}}]},"4":{"line":52,"type":"if","locations":[{"start":{"line":52,"column":7},"end":{"line":52,"column":7}},{"start":{"line":52,"column":7},"end":{"line":52,"column":7}}]},"5":{"line":68,"type":"if","locations":[{"start":{"line":68,"column":6},"end":{"line":68,"column":6}},{"start":{"line":68,"column":6},"end":{"line":68,"column":6}}]},"6":{"line":83,"type":"if","locations":[{"start":{"line":83,"column":6},"end":{"line":83,"column":6}},{"start":{"line":83,"column":6},"end":{"line":83,"column":6}}]}}},"/home/bryce/project/github/EasyAgile/website/api/controllers/IssueController.js":{"path":"/home/bryce/project/github/EasyAgile/website/api/controllers/IssueController.js","s":{"1":1,"2":1,"3":1,"4":1,"5":1,"6":0,"7":1,"8":1,"9":1,"10":1,"11":0,"12":1,"13":2,"14":2,"15":2,"16":1,"17":1,"18":2,"19":2,"20":2,"21":1,"22":1,"23":2,"24":2,"25":2,"26":1,"27":1},"b":{"1":[0,1],"2":[0,1],"3":[1,1],"4":[1,1],"5":[1,1]},"f":{"1":1,"2":1,"3":1,"4":1,"5":2,"6":2,"7":2,"8":2,"9":2,"10":2},"fnMap":{"1":{"name":"(anonymous_1)","line":26,"loc":{"start":{"line":26,"column":18},"end":{"line":26,"column":38}}},"2":{"name":"(anonymous_2)","line":29,"loc":{"start":{"line":29,"column":47},"end":{"line":29,"column":67}}},"3":{"name":"(anonymous_3)","line":41,"loc":{"start":{"line":41,"column":21},"end":{"line":41,"column":41}}},"4":{"name":"(anonymous_4)","line":44,"loc":{"start":{"line":44,"column":50},"end":{"line":44,"column":63}}},"5":{"name":"(anonymous_5)","line":57,"loc":{"start":{"line":57,"column":17},"end":{"line":57,"column":37}}},"6":{"name":"(anonymous_6)","line":64,"loc":{"start":{"line":64,"column":4},"end":{"line":64,"column":19}}},"7":{"name":"(anonymous_7)","line":76,"loc":{"start":{"line":76,"column":20},"end":{"line":76,"column":40}}},"8":{"name":"(anonymous_8)","line":83,"loc":{"start":{"line":83,"column":4},"end":{"line":83,"column":17}}},"9":{"name":"(anonymous_9)","line":110,"loc":{"start":{"line":110,"column":20},"end":{"line":110,"column":40}}},"10":{"name":"(anonymous_10)","line":113,"loc":{"start":{"line":113,"column":88},"end":{"line":113,"column":101}}}},"statementMap":{"1":{"start":{"line":18,"column":0},"end":{"line":18,"column":20}},"2":{"start":{"line":19,"column":0},"end":{"line":128,"column":2}},"3":{"start":{"line":28,"column":5},"end":{"line":28,"column":83}},"4":{"start":{"line":29,"column":5},"end":{"line":32,"column":5}},"5":{"start":{"line":30,"column":3},"end":{"line":31,"column":66}},"6":{"start":{"line":30,"column":11},"end":{"line":30,"column":25}},"7":{"start":{"line":31,"column":8},"end":{"line":31,"column":66}},"8":{"start":{"line":43,"column":5},"end":{"line":43,"column":86}},"9":{"start":{"line":44,"column":5},"end":{"line":47,"column":5}},"10":{"start":{"line":45,"column":3},"end":{"line":46,"column":39}},"11":{"start":{"line":45,"column":11},"end":{"line":45,"column":25}},"12":{"start":{"line":46,"column":8},"end":{"line":46,"column":39}},"13":{"start":{"line":59,"column":5},"end":{"line":59,"column":82}},"14":{"start":{"line":60,"column":5},"end":{"line":67,"column":5}},"15":{"start":{"line":65,"column":3},"end":{"line":66,"column":75}},"16":{"start":{"line":65,"column":11},"end":{"line":65,"column":25}},"17":{"start":{"line":66,"column":8},"end":{"line":66,"column":75}},"18":{"start":{"line":78,"column":5},"end":{"line":78,"column":85}},"19":{"start":{"line":79,"column":5},"end":{"line":86,"column":5}},"20":{"start":{"line":84,"column":3},"end":{"line":85,"column":39}},"21":{"start":{"line":84,"column":11},"end":{"line":84,"column":25}},"22":{"start":{"line":85,"column":8},"end":{"line":85,"column":39}},"23":{"start":{"line":112,"column":5},"end":{"line":112,"column":85}},"24":{"start":{"line":113,"column":5},"end":{"line":116,"column":5}},"25":{"start":{"line":114,"column":3},"end":{"line":115,"column":39}},"26":{"start":{"line":114,"column":11},"end":{"line":114,"column":25}},"27":{"start":{"line":115,"column":8},"end":{"line":115,"column":39}}},"branchMap":{"1":{"line":30,"type":"if","locations":[{"start":{"line":30,"column":3},"end":{"line":30,"column":3}},{"start":{"line":30,"column":3},"end":{"line":30,"column":3}}]},"2":{"line":45,"type":"if","locations":[{"start":{"line":45,"column":3},"end":{"line":45,"column":3}},{"start":{"line":45,"column":3},"end":{"line":45,"column":3}}]},"3":{"line":65,"type":"if","locations":[{"start":{"line":65,"column":3},"end":{"line":65,"column":3}},{"start":{"line":65,"column":3},"end":{"line":65,"column":3}}]},"4":{"line":84,"type":"if","locations":[{"start":{"line":84,"column":3},"end":{"line":84,"column":3}},{"start":{"line":84,"column":3},"end":{"line":84,"column":3}}]},"5":{"line":114,"type":"if","locations":[{"start":{"line":114,"column":3},"end":{"line":114,"column":3}},{"start":{"line":114,"column":3},"end":{"line":114,"column":3}}]}}},"/home/bryce/project/github/EasyAgile/website/api/controllers/ProjectController.js":{"path":"/home/bryce/project/github/EasyAgile/website/api/controllers/ProjectController.js","s":{"1":1,"2":4,"3":4,"4":4,"5":3,"6":1,"7":2,"8":2,"9":2,"10":0,"11":2,"12":2,"13":4,"14":4,"15":4,"16":1,"17":4,"18":1,"19":4,"20":1,"21":4,"22":0,"23":4,"24":4,"25":0,"26":4,"27":1,"28":1,"29":1,"30":0,"31":1,"32":1,"33":1,"34":1,"35":0,"36":1,"37":1,"38":1,"39":1,"40":0,"41":1,"42":3,"43":3,"44":3,"45":1,"46":2,"47":1,"48":1,"49":1,"50":0,"51":1,"52":1,"53":1,"54":1,"55":0,"56":1,"57":1,"58":1,"59":1,"60":1,"61":0,"62":0,"63":0,"64":0,"65":0,"66":0,"67":0,"68":0,"69":0,"70":0,"71":0,"72":0,"73":0,"74":0,"75":0,"76":0,"77":0,"78":0,"79":0,"80":0,"81":0,"82":0,"83":0,"84":0,"85":0,"86":0,"87":0,"88":0,"89":0,"90":0,"91":0,"92":0,"93":1,"94":1,"95":1,"96":0,"97":1,"98":1,"99":1,"100":1,"101":0,"102":1,"103":1,"104":1,"105":1,"106":0,"107":1,"108":1,"109":1,"110":1,"111":0,"112":1,"113":1,"114":1,"115":1,"116":0,"117":1,"118":1,"119":1,"120":1,"121":0,"122":1,"123":1,"124":1,"125":1,"126":0,"127":1,"128":1,"129":1,"130":1,"131":0,"132":1,"133":1,"134":1,"135":1,"136":0,"137":1},"b":{"1":[3,1],"2":[0,2],"3":[1,3],"4":[1,3],"5":[1,3],"6":[0,4],"7":[0,4],"8":[0,1],"9":[0,1],"10":[0,1],"11":[1,2],"12":[0,1],"13":[0,1],"14":[1,0],"15":[0,0],"16":[0,0],"17":[0,0],"18":[0,0],"19":[0,1],"20":[0,1],"21":[0,1],"22":[0,1],"23":[0,1],"24":[0,1],"25":[0,1],"26":[0,1],"27":[0,1]},"f":{"1":4,"2":4,"3":2,"4":2,"5":4,"6":4,"7":1,"8":1,"9":1,"10":1,"11":1,"12":1,"13":3,"14":3,"15":1,"16":1,"17":1,"18":1,"19":1,"20":1,"21":0,"22":0,"23":0,"24":0,"25":0,"26":0,"27":0,"28":0,"29":1,"30":1,"31":1,"32":1,"33":1,"34":1,"35":1,"36":1,"37":1,"38":1,"39":1,"40":1,"41":1,"42":1,"43":1,"44":1,"45":1,"46":1},"fnMap":{"1":{"name":"(anonymous_1)","line":26,"loc":{"start":{"line":26,"column":19},"end":{"line":26,"column":39}}},"2":{"name":"(anonymous_2)","line":29,"loc":{"start":{"line":29,"column":85},"end":{"line":29,"column":106}}},"3":{"name":"(anonymous_3)","line":41,"loc":{"start":{"line":41,"column":20},"end":{"line":41,"column":40}}},"4":{"name":"(anonymous_4)","line":44,"loc":{"start":{"line":44,"column":56},"end":{"line":44,"column":76}}},"5":{"name":"(anonymous_5)","line":60,"loc":{"start":{"line":60,"column":21},"end":{"line":60,"column":41}}},"6":{"name":"(anonymous_6)","line":69,"loc":{"start":{"line":69,"column":84},"end":{"line":69,"column":97}}},"7":{"name":"(anonymous_7)","line":81,"loc":{"start":{"line":81,"column":19},"end":{"line":81,"column":39}}},"8":{"name":"(anonymous_8)","line":84,"loc":{"start":{"line":84,"column":72},"end":{"line":84,"column":85}}},"9":{"name":"(anonymous_9)","line":96,"loc":{"start":{"line":96,"column":18},"end":{"line":96,"column":38}}},"10":{"name":"(anonymous_10)","line":99,"loc":{"start":{"line":99,"column":73},"end":{"line":99,"column":86}}},"11":{"name":"(anonymous_11)","line":111,"loc":{"start":{"line":111,"column":19},"end":{"line":111,"column":39}}},"12":{"name":"(anonymous_12)","line":114,"loc":{"start":{"line":114,"column":72},"end":{"line":114,"column":85}}},"13":{"name":"(anonymous_13)","line":141,"loc":{"start":{"line":141,"column":22},"end":{"line":141,"column":42}}},"14":{"name":"(anonymous_14)","line":144,"loc":{"start":{"line":144,"column":91},"end":{"line":144,"column":104}}},"15":{"name":"(anonymous_15)","line":156,"loc":{"start":{"line":156,"column":22},"end":{"line":156,"column":42}}},"16":{"name":"(anonymous_16)","line":159,"loc":{"start":{"line":159,"column":75},"end":{"line":159,"column":88}}},"17":{"name":"(anonymous_17)","line":171,"loc":{"start":{"line":171,"column":22},"end":{"line":171,"column":42}}},"18":{"name":"(anonymous_18)","line":174,"loc":{"start":{"line":174,"column":75},"end":{"line":174,"column":88}}},"19":{"name":"(anonymous_19)","line":188,"loc":{"start":{"line":188,"column":25},"end":{"line":188,"column":45}}},"20":{"name":"(anonymous_20)","line":191,"loc":{"start":{"line":191,"column":118},"end":{"line":191,"column":131}}},"21":{"name":"(anonymous_21)","line":203,"loc":{"start":{"line":203,"column":25},"end":{"line":203,"column":45}}},"22":{"name":"(anonymous_22)","line":206,"loc":{"start":{"line":206,"column":92},"end":{"line":206,"column":110}}},"23":{"name":"(anonymous_23)","line":222,"loc":{"start":{"line":222,"column":25},"end":{"line":222,"column":45}}},"24":{"name":"(anonymous_24)","line":225,"loc":{"start":{"line":225,"column":92},"end":{"line":225,"column":110}}},"25":{"name":"(anonymous_25)","line":240,"loc":{"start":{"line":240,"column":25},"end":{"line":240,"column":45}}},"26":{"name":"(anonymous_26)","line":243,"loc":{"start":{"line":243,"column":95},"end":{"line":243,"column":108}}},"27":{"name":"(anonymous_27)","line":254,"loc":{"start":{"line":254,"column":26},"end":{"line":254,"column":44}}},"28":{"name":"(anonymous_28)","line":259,"loc":{"start":{"line":259,"column":27},"end":{"line":259,"column":48}}},"29":{"name":"(anonymous_29)","line":278,"loc":{"start":{"line":278,"column":22},"end":{"line":278,"column":42}}},"30":{"name":"(anonymous_30)","line":281,"loc":{"start":{"line":281,"column":91},"end":{"line":281,"column":104}}},"31":{"name":"(anonymous_31)","line":293,"loc":{"start":{"line":293,"column":20},"end":{"line":293,"column":40}}},"32":{"name":"(anonymous_32)","line":296,"loc":{"start":{"line":296,"column":89},"end":{"line":296,"column":102}}},"33":{"name":"(anonymous_33)","line":309,"loc":{"start":{"line":309,"column":23},"end":{"line":309,"column":43}}},"34":{"name":"(anonymous_34)","line":312,"loc":{"start":{"line":312,"column":90},"end":{"line":312,"column":103}}},"35":{"name":"(anonymous_35)","line":324,"loc":{"start":{"line":324,"column":20},"end":{"line":324,"column":40}}},"36":{"name":"(anonymous_36)","line":327,"loc":{"start":{"line":327,"column":106},"end":{"line":327,"column":119}}},"37":{"name":"(anonymous_37)","line":339,"loc":{"start":{"line":339,"column":14},"end":{"line":339,"column":34}}},"38":{"name":"(anonymous_38)","line":342,"loc":{"start":{"line":342,"column":82},"end":{"line":342,"column":95}}},"39":{"name":"(anonymous_39)","line":354,"loc":{"start":{"line":354,"column":17},"end":{"line":354,"column":37}}},"40":{"name":"(anonymous_40)","line":357,"loc":{"start":{"line":357,"column":85},"end":{"line":357,"column":98}}},"41":{"name":"(anonymous_41)","line":369,"loc":{"start":{"line":369,"column":16},"end":{"line":369,"column":36}}},"42":{"name":"(anonymous_42)","line":372,"loc":{"start":{"line":372,"column":75},"end":{"line":372,"column":96}}},"43":{"name":"(anonymous_43)","line":384,"loc":{"start":{"line":384,"column":22},"end":{"line":384,"column":42}}},"44":{"name":"(anonymous_44)","line":388,"loc":{"start":{"line":388,"column":6},"end":{"line":388,"column":27}}},"45":{"name":"(anonymous_45)","line":400,"loc":{"start":{"line":400,"column":16},"end":{"line":400,"column":36}}},"46":{"name":"(anonymous_46)","line":403,"loc":{"start":{"line":403,"column":58},"end":{"line":403,"column":79}}}},"statementMap":{"1":{"start":{"line":19,"column":0},"end":{"line":415,"column":2}},"2":{"start":{"line":28,"column":5},"end":{"line":28,"column":86}},"3":{"start":{"line":29,"column":5},"end":{"line":32,"column":5}},"4":{"start":{"line":30,"column":3},"end":{"line":31,"column":67}},"5":{"start":{"line":30,"column":11},"end":{"line":30,"column":25}},"6":{"start":{"line":31,"column":8},"end":{"line":31,"column":67}},"7":{"start":{"line":43,"column":5},"end":{"line":43,"column":87}},"8":{"start":{"line":44,"column":5},"end":{"line":51,"column":5}},"9":{"start":{"line":46,"column":3},"end":{"line":50,"column":4}},"10":{"start":{"line":46,"column":11},"end":{"line":46,"column":25}},"11":{"start":{"line":48,"column":4},"end":{"line":48,"column":24}},"12":{"start":{"line":49,"column":4},"end":{"line":49,"column":63}},"13":{"start":{"line":62,"column":5},"end":{"line":62,"column":88}},"14":{"start":{"line":63,"column":5},"end":{"line":63,"column":24}},"15":{"start":{"line":64,"column":2},"end":{"line":64,"column":51}},"16":{"start":{"line":64,"column":20},"end":{"line":64,"column":51}},"17":{"start":{"line":65,"column":2},"end":{"line":65,"column":57}},"18":{"start":{"line":65,"column":20},"end":{"line":65,"column":57}},"19":{"start":{"line":66,"column":2},"end":{"line":66,"column":60}},"20":{"start":{"line":66,"column":23},"end":{"line":66,"column":60}},"21":{"start":{"line":67,"column":2},"end":{"line":67,"column":54}},"22":{"start":{"line":67,"column":23},"end":{"line":67,"column":54}},"23":{"start":{"line":69,"column":2},"end":{"line":72,"column":5}},"24":{"start":{"line":70,"column":3},"end":{"line":71,"column":39}},"25":{"start":{"line":70,"column":11},"end":{"line":70,"column":25}},"26":{"start":{"line":71,"column":8},"end":{"line":71,"column":39}},"27":{"start":{"line":83,"column":5},"end":{"line":83,"column":86}},"28":{"start":{"line":84,"column":5},"end":{"line":87,"column":5}},"29":{"start":{"line":85,"column":3},"end":{"line":86,"column":39}},"30":{"start":{"line":85,"column":11},"end":{"line":85,"column":25}},"31":{"start":{"line":86,"column":8},"end":{"line":86,"column":39}},"32":{"start":{"line":98,"column":5},"end":{"line":98,"column":85}},"33":{"start":{"line":99,"column":5},"end":{"line":102,"column":5}},"34":{"start":{"line":100,"column":3},"end":{"line":101,"column":39}},"35":{"start":{"line":100,"column":11},"end":{"line":100,"column":25}},"36":{"start":{"line":101,"column":8},"end":{"line":101,"column":39}},"37":{"start":{"line":113,"column":5},"end":{"line":113,"column":86}},"38":{"start":{"line":114,"column":5},"end":{"line":117,"column":5}},"39":{"start":{"line":115,"column":3},"end":{"line":116,"column":39}},"40":{"start":{"line":115,"column":11},"end":{"line":115,"column":25}},"41":{"start":{"line":116,"column":8},"end":{"line":116,"column":39}},"42":{"start":{"line":143,"column":5},"end":{"line":143,"column":89}},"43":{"start":{"line":144,"column":5},"end":{"line":147,"column":5}},"44":{"start":{"line":145,"column":3},"end":{"line":146,"column":39}},"45":{"start":{"line":145,"column":11},"end":{"line":145,"column":25}},"46":{"start":{"line":146,"column":8},"end":{"line":146,"column":39}},"47":{"start":{"line":158,"column":5},"end":{"line":158,"column":89}},"48":{"start":{"line":159,"column":5},"end":{"line":162,"column":5}},"49":{"start":{"line":160,"column":3},"end":{"line":161,"column":39}},"50":{"start":{"line":160,"column":11},"end":{"line":160,"column":25}},"51":{"start":{"line":161,"column":8},"end":{"line":161,"column":39}},"52":{"start":{"line":173,"column":5},"end":{"line":173,"column":89}},"53":{"start":{"line":174,"column":5},"end":{"line":177,"column":5}},"54":{"start":{"line":175,"column":3},"end":{"line":176,"column":39}},"55":{"start":{"line":175,"column":11},"end":{"line":175,"column":25}},"56":{"start":{"line":176,"column":8},"end":{"line":176,"column":39}},"57":{"start":{"line":190,"column":5},"end":{"line":190,"column":92}},"58":{"start":{"line":191,"column":5},"end":{"line":194,"column":5}},"59":{"start":{"line":192,"column":3},"end":{"line":193,"column":39}},"60":{"start":{"line":192,"column":11},"end":{"line":192,"column":25}},"61":{"start":{"line":193,"column":8},"end":{"line":193,"column":39}},"62":{"start":{"line":205,"column":5},"end":{"line":205,"column":92}},"63":{"start":{"line":206,"column":5},"end":{"line":212,"column":5}},"64":{"start":{"line":207,"column":3},"end":{"line":211,"column":4}},"65":{"start":{"line":207,"column":11},"end":{"line":207,"column":25}},"66":{"start":{"line":209,"column":4},"end":{"line":209,"column":28}},"67":{"start":{"line":210,"column":4},"end":{"line":210,"column":45}},"68":{"start":{"line":224,"column":5},"end":{"line":224,"column":92}},"69":{"start":{"line":225,"column":5},"end":{"line":231,"column":5}},"70":{"start":{"line":226,"column":3},"end":{"line":230,"column":4}},"71":{"start":{"line":226,"column":11},"end":{"line":226,"column":25}},"72":{"start":{"line":228,"column":4},"end":{"line":228,"column":28}},"73":{"start":{"line":229,"column":4},"end":{"line":229,"column":36}},"74":{"start":{"line":242,"column":5},"end":{"line":242,"column":92}},"75":{"start":{"line":243,"column":5},"end":{"line":251,"column":5}},"76":{"start":{"line":244,"column":3},"end":{"line":250,"column":4}},"77":{"start":{"line":244,"column":11},"end":{"line":244,"column":25}},"78":{"start":{"line":246,"column":4},"end":{"line":246,"column":37}},"79":{"start":{"line":247,"column":4},"end":{"line":247,"column":41}},"80":{"start":{"line":248,"column":4},"end":{"line":248,"column":41}},"81":{"start":{"line":249,"column":4},"end":{"line":249,"column":36}},"82":{"start":{"line":255,"column":5},"end":{"line":255,"column":93}},"83":{"start":{"line":256,"column":5},"end":{"line":270,"column":5}},"84":{"start":{"line":260,"column":3},"end":{"line":269,"column":4}},"85":{"start":{"line":260,"column":11},"end":{"line":260,"column":25}},"86":{"start":{"line":262,"column":4},"end":{"line":262,"column":30}},"87":{"start":{"line":263,"column":4},"end":{"line":263,"column":91}},"88":{"start":{"line":264,"column":4},"end":{"line":264,"column":27}},"89":{"start":{"line":265,"column":4},"end":{"line":265,"column":29}},"90":{"start":{"line":266,"column":4},"end":{"line":266,"column":29}},"91":{"start":{"line":267,"column":4},"end":{"line":267,"column":28}},"92":{"start":{"line":268,"column":4},"end":{"line":268,"column":57}},"93":{"start":{"line":280,"column":5},"end":{"line":280,"column":89}},"94":{"start":{"line":281,"column":5},"end":{"line":284,"column":5}},"95":{"start":{"line":282,"column":3},"end":{"line":283,"column":39}},"96":{"start":{"line":282,"column":11},"end":{"line":282,"column":25}},"97":{"start":{"line":283,"column":8},"end":{"line":283,"column":39}},"98":{"start":{"line":295,"column":5},"end":{"line":295,"column":87}},"99":{"start":{"line":296,"column":5},"end":{"line":299,"column":5}},"100":{"start":{"line":297,"column":3},"end":{"line":298,"column":39}},"101":{"start":{"line":297,"column":11},"end":{"line":297,"column":25}},"102":{"start":{"line":298,"column":8},"end":{"line":298,"column":39}},"103":{"start":{"line":311,"column":5},"end":{"line":311,"column":90}},"104":{"start":{"line":312,"column":5},"end":{"line":315,"column":5}},"105":{"start":{"line":313,"column":3},"end":{"line":314,"column":39}},"106":{"start":{"line":313,"column":11},"end":{"line":313,"column":25}},"107":{"start":{"line":314,"column":8},"end":{"line":314,"column":39}},"108":{"start":{"line":326,"column":5},"end":{"line":326,"column":87}},"109":{"start":{"line":327,"column":5},"end":{"line":330,"column":5}},"110":{"start":{"line":328,"column":3},"end":{"line":329,"column":39}},"111":{"start":{"line":328,"column":11},"end":{"line":328,"column":25}},"112":{"start":{"line":329,"column":8},"end":{"line":329,"column":39}},"113":{"start":{"line":341,"column":5},"end":{"line":341,"column":81}},"114":{"start":{"line":342,"column":5},"end":{"line":345,"column":5}},"115":{"start":{"line":343,"column":3},"end":{"line":344,"column":39}},"116":{"start":{"line":343,"column":11},"end":{"line":343,"column":25}},"117":{"start":{"line":344,"column":8},"end":{"line":344,"column":39}},"118":{"start":{"line":356,"column":5},"end":{"line":356,"column":84}},"119":{"start":{"line":357,"column":5},"end":{"line":360,"column":5}},"120":{"start":{"line":358,"column":3},"end":{"line":359,"column":39}},"121":{"start":{"line":358,"column":11},"end":{"line":358,"column":25}},"122":{"start":{"line":359,"column":8},"end":{"line":359,"column":39}},"123":{"start":{"line":371,"column":5},"end":{"line":371,"column":83}},"124":{"start":{"line":372,"column":5},"end":{"line":375,"column":5}},"125":{"start":{"line":373,"column":3},"end":{"line":374,"column":67}},"126":{"start":{"line":373,"column":11},"end":{"line":373,"column":25}},"127":{"start":{"line":374,"column":8},"end":{"line":374,"column":67}},"128":{"start":{"line":386,"column":5},"end":{"line":386,"column":89}},"129":{"start":{"line":387,"column":5},"end":{"line":391,"column":5}},"130":{"start":{"line":389,"column":3},"end":{"line":390,"column":67}},"131":{"start":{"line":389,"column":11},"end":{"line":389,"column":25}},"132":{"start":{"line":390,"column":8},"end":{"line":390,"column":67}},"133":{"start":{"line":402,"column":5},"end":{"line":402,"column":83}},"134":{"start":{"line":403,"column":5},"end":{"line":406,"column":5}},"135":{"start":{"line":404,"column":3},"end":{"line":405,"column":66}},"136":{"start":{"line":404,"column":11},"end":{"line":404,"column":25}},"137":{"start":{"line":405,"column":8},"end":{"line":405,"column":66}}},"branchMap":{"1":{"line":30,"type":"if","locations":[{"start":{"line":30,"column":3},"end":{"line":30,"column":3}},{"start":{"line":30,"column":3},"end":{"line":30,"column":3}}]},"2":{"line":46,"type":"if","locations":[{"start":{"line":46,"column":3},"end":{"line":46,"column":3}},{"start":{"line":46,"column":3},"end":{"line":46,"column":3}}]},"3":{"line":64,"type":"if","locations":[{"start":{"line":64,"column":2},"end":{"line":64,"column":2}},{"start":{"line":64,"column":2},"end":{"line":64,"column":2}}]},"4":{"line":65,"type":"if","locations":[{"start":{"line":65,"column":2},"end":{"line":65,"column":2}},{"start":{"line":65,"column":2},"end":{"line":65,"column":2}}]},"5":{"line":66,"type":"if","locations":[{"start":{"line":66,"column":2},"end":{"line":66,"column":2}},{"start":{"line":66,"column":2},"end":{"line":66,"column":2}}]},"6":{"line":67,"type":"if","locations":[{"start":{"line":67,"column":2},"end":{"line":67,"column":2}},{"start":{"line":67,"column":2},"end":{"line":67,"column":2}}]},"7":{"line":70,"type":"if","locations":[{"start":{"line":70,"column":3},"end":{"line":70,"column":3}},{"start":{"line":70,"column":3},"end":{"line":70,"column":3}}]},"8":{"line":85,"type":"if","locations":[{"start":{"line":85,"column":3},"end":{"line":85,"column":3}},{"start":{"line":85,"column":3},"end":{"line":85,"column":3}}]},"9":{"line":100,"type":"if","locations":[{"start":{"line":100,"column":3},"end":{"line":100,"column":3}},{"start":{"line":100,"column":3},"end":{"line":100,"column":3}}]},"10":{"line":115,"type":"if","locations":[{"start":{"line":115,"column":3},"end":{"line":115,"column":3}},{"start":{"line":115,"column":3},"end":{"line":115,"column":3}}]},"11":{"line":145,"type":"if","locations":[{"start":{"line":145,"column":3},"end":{"line":145,"column":3}},{"start":{"line":145,"column":3},"end":{"line":145,"column":3}}]},"12":{"line":160,"type":"if","locations":[{"start":{"line":160,"column":3},"end":{"line":160,"column":3}},{"start":{"line":160,"column":3},"end":{"line":160,"column":3}}]},"13":{"line":175,"type":"if","locations":[{"start":{"line":175,"column":3},"end":{"line":175,"column":3}},{"start":{"line":175,"column":3},"end":{"line":175,"column":3}}]},"14":{"line":192,"type":"if","locations":[{"start":{"line":192,"column":3},"end":{"line":192,"column":3}},{"start":{"line":192,"column":3},"end":{"line":192,"column":3}}]},"15":{"line":207,"type":"if","locations":[{"start":{"line":207,"column":3},"end":{"line":207,"column":3}},{"start":{"line":207,"column":3},"end":{"line":207,"column":3}}]},"16":{"line":226,"type":"if","locations":[{"start":{"line":226,"column":3},"end":{"line":226,"column":3}},{"start":{"line":226,"column":3},"end":{"line":226,"column":3}}]},"17":{"line":244,"type":"if","locations":[{"start":{"line":244,"column":3},"end":{"line":244,"column":3}},{"start":{"line":244,"column":3},"end":{"line":244,"column":3}}]},"18":{"line":260,"type":"if","locations":[{"start":{"line":260,"column":3},"end":{"line":260,"column":3}},{"start":{"line":260,"column":3},"end":{"line":260,"column":3}}]},"19":{"line":282,"type":"if","locations":[{"start":{"line":282,"column":3},"end":{"line":282,"column":3}},{"start":{"line":282,"column":3},"end":{"line":282,"column":3}}]},"20":{"line":297,"type":"if","locations":[{"start":{"line":297,"column":3},"end":{"line":297,"column":3}},{"start":{"line":297,"column":3},"end":{"line":297,"column":3}}]},"21":{"line":313,"type":"if","locations":[{"start":{"line":313,"column":3},"end":{"line":313,"column":3}},{"start":{"line":313,"column":3},"end":{"line":313,"column":3}}]},"22":{"line":328,"type":"if","locations":[{"start":{"line":328,"column":3},"end":{"line":328,"column":3}},{"start":{"line":328,"column":3},"end":{"line":328,"column":3}}]},"23":{"line":343,"type":"if","locations":[{"start":{"line":343,"column":3},"end":{"line":343,"column":3}},{"start":{"line":343,"column":3},"end":{"line":343,"column":3}}]},"24":{"line":358,"type":"if","locations":[{"start":{"line":358,"column":3},"end":{"line":358,"column":3}},{"start":{"line":358,"column":3},"end":{"line":358,"column":3}}]},"25":{"line":373,"type":"if","locations":[{"start":{"line":373,"column":3},"end":{"line":373,"column":3}},{"start":{"line":373,"column":3},"end":{"line":373,"column":3}}]},"26":{"line":389,"type":"if","locations":[{"start":{"line":389,"column":3},"end":{"line":389,"column":3}},{"start":{"line":389,"column":3},"end":{"line":389,"column":3}}]},"27":{"line":404,"type":"if","locations":[{"start":{"line":404,"column":3},"end":{"line":404,"column":3}},{"start":{"line":404,"column":3},"end":{"line":404,"column":3}}]}}},"/home/bryce/project/github/EasyAgile/website/api/controllers/SocketioController.js":{"path":"/home/bryce/project/github/EasyAgile/website/api/controllers/SocketioController.js","s":{"1":1,"2":1,"3":1,"4":1,"5":0,"6":0,"7":1,"8":1,"9":1,"10":1,"11":0,"12":0,"13":1,"14":1,"15":1,"16":1,"17":0,"18":0,"19":1},"b":{"1":[0,1],"2":[1,1],"3":[0,1],"4":[1,1],"5":[0,1],"6":[1,1]},"f":{"1":1,"2":1,"3":1},"fnMap":{"1":{"name":"(anonymous_1)","line":27,"loc":{"start":{"line":27,"column":23},"end":{"line":27,"column":43}}},"2":{"name":"(anonymous_2)","line":48,"loc":{"start":{"line":48,"column":24},"end":{"line":48,"column":44}}},"3":{"name":"(anonymous_3)","line":66,"loc":{"start":{"line":66,"column":21},"end":{"line":66,"column":41}}}},"statementMap":{"1":{"start":{"line":18,"column":0},"end":{"line":87,"column":2}},"2":{"start":{"line":29,"column":6},"end":{"line":29,"column":91}},"3":{"start":{"line":30,"column":6},"end":{"line":31,"column":6}},"4":{"start":{"line":31,"column":6},"end":{"line":38,"column":7}},"5":{"start":{"line":32,"column":8},"end":{"line":32,"column":34}},"6":{"start":{"line":35,"column":8},"end":{"line":35,"column":91}},"7":{"start":{"line":37,"column":8},"end":{"line":37,"column":91}},"8":{"start":{"line":50,"column":6},"end":{"line":50,"column":92}},"9":{"start":{"line":51,"column":6},"end":{"line":52,"column":6}},"10":{"start":{"line":52,"column":6},"end":{"line":57,"column":7}},"11":{"start":{"line":53,"column":8},"end":{"line":53,"column":34}},"12":{"start":{"line":54,"column":8},"end":{"line":54,"column":91}},"13":{"start":{"line":56,"column":8},"end":{"line":56,"column":91}},"14":{"start":{"line":68,"column":6},"end":{"line":68,"column":89}},"15":{"start":{"line":69,"column":6},"end":{"line":71,"column":6}},"16":{"start":{"line":71,"column":6},"end":{"line":76,"column":7}},"17":{"start":{"line":72,"column":8},"end":{"line":72,"column":34}},"18":{"start":{"line":73,"column":8},"end":{"line":73,"column":91}},"19":{"start":{"line":75,"column":8},"end":{"line":75,"column":91}}},"branchMap":{"1":{"line":31,"type":"if","locations":[{"start":{"line":31,"column":6},"end":{"line":31,"column":6}},{"start":{"line":31,"column":6},"end":{"line":31,"column":6}}]},"2":{"line":31,"type":"binary-expr","locations":[{"start":{"line":31,"column":9},"end":{"line":31,"column":19}},{"start":{"line":31,"column":23},"end":{"line":31,"column":38}}]},"3":{"line":52,"type":"if","locations":[{"start":{"line":52,"column":6},"end":{"line":52,"column":6}},{"start":{"line":52,"column":6},"end":{"line":52,"column":6}}]},"4":{"line":52,"type":"binary-expr","locations":[{"start":{"line":52,"column":9},"end":{"line":52,"column":19}},{"start":{"line":52,"column":23},"end":{"line":52,"column":38}}]},"5":{"line":71,"type":"if","locations":[{"start":{"line":71,"column":6},"end":{"line":71,"column":6}},{"start":{"line":71,"column":6},"end":{"line":71,"column":6}}]},"6":{"line":71,"type":"binary-expr","locations":[{"start":{"line":71,"column":9},"end":{"line":71,"column":19}},{"start":{"line":71,"column":23},"end":{"line":71,"column":38}}]}}},"/home/bryce/project/github/EasyAgile/website/api/controllers/SprintController.js":{"path":"/home/bryce/project/github/EasyAgile/website/api/controllers/SprintController.js","s":{"1":1,"2":1,"3":1,"4":1,"5":0,"6":1,"7":1,"8":1,"9":1,"10":0,"11":1,"12":2,"13":2,"14":2,"15":0,"16":2,"17":0,"18":2,"19":2,"20":1,"21":1,"22":1,"23":2,"24":2,"25":2,"26":1,"27":1,"28":1,"29":1,"30":1,"31":1,"32":1,"33":0,"34":1,"35":1,"36":2,"37":2,"38":2,"39":0,"40":2,"41":2,"42":1,"43":1,"44":1,"45":0,"46":1,"47":1,"48":1,"49":1,"50":0,"51":1},"b":{"1":[0,1],"2":[0,1],"3":[0,2],"4":[0,2],"5":[1,1],"6":[1,1],"7":[0,1],"8":[0,2],"9":[0,1],"10":[0,1]},"f":{"1":1,"2":1,"3":1,"4":1,"5":2,"6":2,"7":2,"8":2,"9":1,"10":1,"11":2,"12":2,"13":1,"14":1,"15":1,"16":1},"fnMap":{"1":{"name":"(anonymous_1)","line":25,"loc":{"start":{"line":25,"column":19},"end":{"line":25,"column":39}}},"2":{"name":"(anonymous_2)","line":28,"loc":{"start":{"line":28,"column":80},"end":{"line":28,"column":102}}},"3":{"name":"(anonymous_3)","line":40,"loc":{"start":{"line":40,"column":18},"end":{"line":40,"column":38}}},"4":{"name":"(anonymous_4)","line":44,"loc":{"start":{"line":44,"column":3},"end":{"line":44,"column":24}}},"5":{"name":"(anonymous_5)","line":56,"loc":{"start":{"line":56,"column":18},"end":{"line":56,"column":38}}},"6":{"name":"(anonymous_6)","line":69,"loc":{"start":{"line":69,"column":78},"end":{"line":69,"column":93}}},"7":{"name":"(anonymous_7)","line":84,"loc":{"start":{"line":84,"column":18},"end":{"line":84,"column":38}}},"8":{"name":"(anonymous_8)","line":87,"loc":{"start":{"line":87,"column":86},"end":{"line":87,"column":99}}},"9":{"name":"(anonymous_9)","line":102,"loc":{"start":{"line":102,"column":18},"end":{"line":102,"column":38}}},"10":{"name":"(anonymous_10)","line":111,"loc":{"start":{"line":111,"column":5},"end":{"line":111,"column":18}}},"11":{"name":"(anonymous_11)","line":126,"loc":{"start":{"line":126,"column":17},"end":{"line":126,"column":37}}},"12":{"name":"(anonymous_12)","line":134,"loc":{"start":{"line":134,"column":87},"end":{"line":134,"column":100}}},"13":{"name":"(anonymous_13)","line":149,"loc":{"start":{"line":149,"column":18},"end":{"line":149,"column":38}}},"14":{"name":"(anonymous_14)","line":152,"loc":{"start":{"line":152,"column":91},"end":{"line":152,"column":104}}},"15":{"name":"(anonymous_15)","line":165,"loc":{"start":{"line":165,"column":16},"end":{"line":165,"column":36}}},"16":{"name":"(anonymous_16)","line":168,"loc":{"start":{"line":168,"column":91},"end":{"line":168,"column":111}}}},"statementMap":{"1":{"start":{"line":18,"column":0},"end":{"line":181,"column":2}},"2":{"start":{"line":27,"column":5},"end":{"line":27,"column":85}},"3":{"start":{"line":28,"column":5},"end":{"line":32,"column":4}},"4":{"start":{"line":29,"column":3},"end":{"line":30,"column":68}},"5":{"start":{"line":29,"column":11},"end":{"line":29,"column":25}},"6":{"start":{"line":30,"column":8},"end":{"line":30,"column":68}},"7":{"start":{"line":42,"column":5},"end":{"line":42,"column":84}},"8":{"start":{"line":43,"column":5},"end":{"line":48,"column":4}},"9":{"start":{"line":45,"column":3},"end":{"line":46,"column":66}},"10":{"start":{"line":45,"column":11},"end":{"line":45,"column":25}},"11":{"start":{"line":46,"column":8},"end":{"line":46,"column":66}},"12":{"start":{"line":58,"column":5},"end":{"line":58,"column":84}},"13":{"start":{"line":59,"column":5},"end":{"line":64,"column":4}},"14":{"start":{"line":65,"column":2},"end":{"line":65,"column":61}},"15":{"start":{"line":65,"column":23},"end":{"line":65,"column":61}},"16":{"start":{"line":66,"column":2},"end":{"line":68,"column":3}},"17":{"start":{"line":67,"column":4},"end":{"line":67,"column":46}},"18":{"start":{"line":69,"column":2},"end":{"line":75,"column":5}},"19":{"start":{"line":70,"column":3},"end":{"line":74,"column":4}},"20":{"start":{"line":70,"column":11},"end":{"line":70,"column":25}},"21":{"start":{"line":72,"column":4},"end":{"line":72,"column":41}},"22":{"start":{"line":73,"column":4},"end":{"line":73,"column":56}},"23":{"start":{"line":86,"column":5},"end":{"line":86,"column":84}},"24":{"start":{"line":87,"column":5},"end":{"line":93,"column":5}},"25":{"start":{"line":88,"column":3},"end":{"line":92,"column":4}},"26":{"start":{"line":88,"column":11},"end":{"line":88,"column":25}},"27":{"start":{"line":90,"column":4},"end":{"line":90,"colum
[...]
n":13}},"115":{"start":{"line":177,"column":11},"end":{"line":178,"column":11}},"116":{"start":{"line":177,"column":28},"end":{"line":178,"column":11}},"117":{"start":{"line":178,"column":11},"end":{"line":181,"column":14}},"118":{"start":{"line":179,"column":12},"end":{"line":180,"column":38}},"119":{"start":{"line":179,"column":20},"end":{"line":179,"column":65}},"120":{"start":{"line":180,"column":17},"end":{"line":180,"column":38}},"121":{"start":{"line":185,"column":7},"end":{"line":185,"column":24}},"122":{"start":{"line":186,"column":7},"end":{"line":194,"column":8}},"123":{"start":{"line":188,"column":8},"end":{"line":194,"column":7}},"124":{"start":{"line":189,"column":9},"end":{"line":192,"column":15}},"125":{"start":{"line":190,"column":13},"end":{"line":191,"column":39}},"126":{"start":{"line":190,"column":21},"end":{"line":190,"column":66}},"127":{"start":{"line":191,"column":18},"end":{"line":191,"column":39}},"128":{"start":{"line":195,"column":7},"end":{"line":198,"column":10}},"129":{"start":{"line":196,"column":8},"end":{"line":196,"column":29}},"130":{"start":{"line":197,"column":8},"end":{"line":197,"column":41}},"131":{"start":{"line":200,"column":7},"end":{"line":206,"column":6}},"132":{"start":{"line":202,"column":4},"end":{"line":205,"column":5}},"133":{"start":{"line":202,"column":12},"end":{"line":202,"column":33}},"134":{"start":{"line":204,"column":5},"end":{"line":204,"column":35}},"135":{"start":{"line":212,"column":0},"end":{"line":223,"column":2}},"136":{"start":{"line":214,"column":1},"end":{"line":221,"column":13}},"137":{"start":{"line":216,"column":11},"end":{"line":220,"column":12}},"138":{"start":{"line":216,"column":19},"end":{"line":216,"column":57}},"139":{"start":{"line":218,"column":12},"end":{"line":218,"column":32}},"140":{"start":{"line":219,"column":12},"end":{"line":219,"column":35}},"141":{"start":{"line":225,"column":0},"end":{"line":236,"column":2}},"142":{"start":{"line":227,"column":1},"end":{"line":235,"column":13}},"143":{"start":{"line":230,"column":11},"end":{"line":234,"column":12}},"144":{"start":{"line":230,"column":19},"end":{"line":230,"column":57}},"145":{"start":{"line":232,"column":12},"end":{"line":232,"column":32}},"146":{"start":{"line":233,"column":12},"end":{"line":233,"column":35}},"147":{"start":{"line":238,"column":0},"end":{"line":305,"column":0}},"148":{"start":{"line":240,"column":1},"end":{"line":302,"column":13}},"149":{"start":{"line":242,"column":3},"end":{"line":242,"column":49}},"150":{"start":{"line":245,"column":3},"end":{"line":245,"column":22}},"151":{"start":{"line":246,"column":3},"end":{"line":246,"column":21}},"152":{"start":{"line":247,"column":3},"end":{"line":247,"column":22}},"153":{"start":{"line":248,"column":3},"end":{"line":248,"column":18}},"154":{"start":{"line":249,"column":3},"end":{"line":249,"column":24}},"155":{"start":{"line":250,"column":3},"end":{"line":290,"column":4}},"156":{"start":{"line":251,"column":4},"end":{"line":269,"column":5}},"157":{"start":{"line":252,"column":5},"end":{"line":252,"column":24}},"158":{"start":{"line":254,"column":5},"end":{"line":256,"column":24}},"159":{"start":{"line":255,"column":6},"end":{"line":256,"column":24}},"160":{"start":{"line":256,"column":7},"end":{"line":256,"column":24}},"161":{"start":{"line":257,"column":5},"end":{"line":267,"column":6}},"162":{"start":{"line":258,"column":6},"end":{"line":262,"column":8}},"163":{"start":{"line":263,"column":6},"end":{"line":263,"column":30}},"164":{"start":{"line":264,"column":6},"end":{"line":264,"column":24}},"165":{"start":{"line":266,"column":6},"end":{"line":266,"column":30}},"166":{"start":{"line":270,"column":4},"end":{"line":290,"column":3}},"167":{"start":{"line":271,"column":4},"end":{"line":289,"column":4}},"168":{"start":{"line":272,"column":6},"end":{"line":272,"column":59}},"169":{"start":{"line":272,"column":14},"end":{"line":272,"column":59}},"170":{"start":{"line":273,"column":6},"end":{"line":273,"column":62}},"171":{"start":{"line":273,"column":13},"end":{"line":273,"column":62}},"172":{"start":{"line":274,"column":6},"end":{"line":287,"column":9}},"173":{"start":{"line":275,"column":7},"end":{"line":275,"column":60}},"174":{"start":{"line":275,"column":15},"end":{"line":275,"column":60}},"175":{"start":{"line":276,"column":7},"end":{"line":276,"column":64}},"176":{"start":{"line":276,"column":14},"end":{"line":276,"column":64}},"177":{"start":{"line":284,"column":7},"end":{"line":284,"column":58}},"178":{"start":{"line":284,"column":36},"end":{"line":284,"column":58}},"179":{"start":{"line":285,"column":7},"end":{"line":285,"column":30}},"180":{"start":{"line":286,"column":7},"end":{"line":286,"column":22}},"181":{"start":{"line":291,"column":3},"end":{"line":293,"column":6}},"182":{"start":{"line":292,"column":4},"end":{"line":292,"column":29}},"183":{"start":{"line":294,"column":3},"end":{"line":300,"column":6}},"184":{"start":{"line":296,"column":4},"end":{"line":299,"column":5}},"185":{"start":{"line":296,"column":12},"end":{"line":296,"column":33}},"186":{"start":{"line":298,"column":5},"end":{"line":298,"column":52}},"187":{"start":{"line":305,"column":0},"end":{"line":316,"column":0}},"188":{"start":{"line":307,"column":1},"end":{"line":313,"column":13}},"189":{"start":{"line":310,"column":11},"end":{"line":312,"column":48}},"190":{"start":{"line":310,"column":19},"end":{"line":310,"column":57}},"191":{"start":{"line":311,"column":16},"end":{"line":312,"column":48}},"192":{"start":{"line":311,"column":28},"end":{"line":311,"column":64}},"193":{"start":{"line":312,"column":16},"end":{"line":312,"column":48}},"194":{"start":{"line":316,"column":0},"end":{"line":335,"column":0}},"195":{"start":{"line":318,"column":1},"end":{"line":332,"column":13}},"196":{"start":{"line":320,"column":3},"end":{"line":320,"column":44}},"197":{"start":{"line":323,"column":3},"end":{"line":326,"column":6}},"198":{"start":{"line":327,"column":3},"end":{"line":331,"column":2}},"199":{"start":{"line":328,"column":4},"end":{"line":329,"column":24}},"200":{"start":{"line":328,"column":12},"end":{"line":328,"column":50}},"201":{"start":{"line":329,"column":9},"end":{"line":329,"column":24}},"202":{"start":{"line":335,"column":0},"end":{"line":349,"column":0}},"203":{"start":{"line":337,"column":1},"end":{"line":346,"column":4}},"204":{"start":{"line":338,"column":2},"end":{"line":338,"column":31}},"205":{"start":{"line":338,"column":10},"end":{"line":338,"column":31}},"206":{"start":{"line":339,"column":2},"end":{"line":339,"column":32}},"207":{"start":{"line":340,"column":2},"end":{"line":340,"column":52}},"208":{"start":{"line":340,"column":9},"end":{"line":340,"column":52}},"209":{"start":{"line":341,"column":2},"end":{"line":341,"column":16}},"210":{"start":{"line":342,"column":2},"end":{"line":345,"column":5}},"211":{"start":{"line":343,"column":3},"end":{"line":344,"column":23}},"212":{"start":{"line":343,"column":11},"end":{"line":343,"column":49}},"213":{"start":{"line":344,"column":8},"end":{"line":344,"column":23}},"214":{"start":{"line":349,"column":0},"end":{"line":361,"column":0}},"215":{"start":{"line":351,"column":1},"end":{"line":359,"column":0}},"216":{"start":{"line":352,"column":2},"end":{"line":352,"column":31}},"217":{"start":{"line":352,"column":10},"end":{"line":352,"column":31}},"218":{"start":{"line":354,"column":2},"end":{"line":358,"column":1}},"219":{"start":{"line":355,"column":3},"end":{"line":356,"column":36}},"220":{"start":{"line":355,"column":10},"end":{"line":355,"column":55}},"221":{"start":{"line":356,"column":8},"end":{"line":356,"column":36}},"222":{"start":{"line":361,"column":0},"end":{"line":376,"column":0}},"223":{"start":{"line":363,"column":1},"end":{"line":374,"column":0}},"224":{"start":{"line":364,"column":2},"end":{"line":364,"column":31}},"225":{"start":{"line":364,"column":10},"end":{"line":364,"column":31}},"226":{"start":{"line":366,"column":2},"end":{"line":366,"column":30}},"227":{"start":{"line":367,"column":2},"end":{"line":367,"column":52}},"228":{"start":{"line":367,"column":9},"end":{"line":367,"column":52}},"229":{"start":{"line":368,"column":2},"end":{"line":368,"column":16}},"230":{"start":{"line":369,"column":2},"end":{"line":372,"column":5}},"231":{"start":{"line":370,"column":3},"end":{"line":371,"column":23}},"232":{"start":{"line":370,"column":11},"end":{"line":370,"column":49}},"233":{"start":{"line":371,"column":8},"end":{"line":371,"column":23}},"234":{"start":{"line":376,"column":0},"end":{"line":390,"column":0}},"235":{"start":{"line":377,"column":1},"end":{"line":388,"column":0}},"236":{"start":{"line":378,"column":2},"end":{"line":378,"column":31}},"237":{"start":{"line":378,"column":10},"end":{"line":378,"column":31}},"238":{"start":{"line":380,"column":2},"end":{"line":380,"column":30}},"239":{"start":{"line":381,"column":2},"end":{"line":381,"column":52}},"240":{"start":{"line":381,"column":9},"end":{"line":381,"column":52}},"241":{"start":{"line":382,"column":2},"end":{"line":382,"column":13}},"242":{"start":{"line":383,"column":2},"end":{"line":386,"column":5}},"243":{"start":{"line":384,"column":3},"end":{"line":385,"column":23}},"244":{"start":{"line":384,"column":11},"end":{"line":384,"column":49}},"245":{"start":{"line":385,"column":8},"end":{"line":385,"column":23}},"246":{"start":{"line":390,"column":0},"end":{"line":400,"column":0}},"247":{"start":{"line":391,"column":1},"end":{"line":399,"column":0}},"248":{"start":{"line":392,"column":2},"end":{"line":392,"column":31}},"249":{"start":{"line":392,"column":10},"end":{"line":392,"column":31}},"250":{"start":{"line":393,"column":2},"end":{"line":393,"column":17}},"251":{"start":{"line":394,"column":2},"end":{"line":397,"column":5}},"252":{"start":{"line":395,"column":3},"end":{"line":396,"column":23}},"253":{"start":{"line":395,"column":11},"end":{"line":395,"column":49}},"254":{"start":{"line":396,"column":8},"end":{"line":396,"column":23}}},"branchMap":{"1":{"line":15,"type":"if","locations":[{"start":{"line":15,"column":1},"end":{"line":15,"column":1}},{"start":{"line":15,"column":1},"end":{"line":15,"column":1}}]},"2":{"line":15,"type":"binary-expr","locations":[{"start":{"line":15,"column":4},"end":{"line":15,"column":18}},{"start":{"line":15,"column":22},"end":{"line":15,"column":37}},{"start":{"line":15,"column":41},"end":{"line":15,"column":59}}]},"3":{"line":22,"type":"if","locations":[{"start":{"line":22,"column":3},"end":{"line":22,"column":3}},{"start":{"line":22,"column":3},"end":{"line":22,"column":3}}]},"4":{"line":42,"type":"if","locations":[{"start":{"line":42,"column":4},"end":{"line":42,"column":4}},{"start":{"line":42,"column":4},"end":{"line":42,"column":4}}]},"5":{"line":52,"type":"if","locations":[{"start":{"line":52,"column":5},"end":{"line":52,"column":5}},{"start":{"line":52,"column":5},"end":{"line":52,"column":5}}]},"6":{"line":65,"type":"if","locations":[{"start":{"line":65,"column":2},"end":{"line":65,"column":2}},{"start":{"line":65,"column":2},"end":{"line":65,"column":2}}]},"7":{"line":66,"type":"if","locations":[{"start":{"line":66,"column":2},"end":{"line":66,"column":2}},{"start":{"line":66,"column":2},"end":{"line":66,"column":2}}]},"8":{"line":75,"type":"if","locations":[{"start":{"line":75,"column":1},"end":{"line":75,"column":1}},{"start":{"line":75,"column":1},"end":{"line":75,"column":1}}]},"9":{"line":75,"type":"binary-expr","locations":[{"start":{"line":75,"column":4},"end":{"line":75,"column":9}},{"start":{"line":75,"column":13},"end":{"line":75,"column":26}}]},"10":{"line":77,"type":"if","locations":[{"start":{"line":77,"column":1},"end":{"line":77,"column":1}},{"start":{"line":77,"column":1},"end":{"line":77,"column":1}}]},"11":{"line":79,"type":"if","locations":[{"start":{"line":79,"column":2},"end":{"line":79,"column":2}},{"start":{"line":79,"column":2},"end":{"line":79,"column":2}}]},"12":{"line":80,"type":"if","locations":[{"start":{"line":80,"column":2},"end":{"line":80,"column":2}},{"start":{"line":80,"column":2},"end":{"line":80,"column":2}}]},"13":{"line":94,"type":"if","locations":[{"start":{"line":94,"column":1},"end":{"line":94,"column":1}},{"start":{"line":94,"column":1},"end":{"line":94,"column":1}}]},"14":{"line":94,"type":"binary-expr","locations":[{"start":{"line":94,"column":4},"end":{"line":94,"column":10}},{"start":{"line":94,"column":14},"end":{"line":94,"column":23}}]},"15":{"line":99,"type":"if","locations":[{"start":{"line":99,"column":2},"end":{"line":99,"column":2}},{"start":{"line":99,"column":2},"end":{"line":99,"column":2}}]},"16":{"line":100,"type":"if","locations":[{"start":{"line":100,"column":2},"end":{"line":100,"column":2}},{"start":{"line":100,"column":2},"end":{"line":100,"column":2}}]},"17":{"line":101,"type":"if","locations":[{"start":{"line":101,"column":7},"end":{"line":101,"column":7}},{"start":{"line":101,"column":7},"end":{"line":101,"column":7}}]},"18":{"line":103,"type":"if","locations":[{"start":{"line":103,"column":7},"end":{"line":103,"column":7}},{"start":{"line":103,"column":7},"end":{"line":103,"column":7}}]},"19":{"line":117,"type":"if","locations":[{"start":{"line":117,"column":4},"end":{"line":117,"column":4}},{"start":{"line":117,"column":4},"end":{"line":117,"column":4}}]},"20":{"line":118,"type":"if","locations":[{"start":{"line":118,"column":9},"end":{"line":118,"column":9}},{"start":{"line":118,"column":9},"end":{"line":118,"column":9}}]},"21":{"line":120,"type":"if","locations":[{"start":{"line":120,"column":9},"end":{"line":120,"column":9}},{"start":{"line":120,"column":9},"end":{"line":120,"column":9}}]},"22":{"line":120,"type":"binary-expr","locations":[{"start":{"line":120,"column":12},"end":{"line":120,"column":30}},{"start":{"line":120,"column":34},"end":{"line":120,"column":58}}]},"23":{"line":122,"type":"if","locations":[{"start":{"line":122,"column":9},"end":{"line":122,"column":9}},{"start":{"line":122,"column":9},"end":{"line":122,"column":9}}]},"24":{"line":127,"type":"if","locations":[{"start":{"line":127,"column":9},"end":{"line":127,"column":9}},{"start":{"line":127,"column":9},"end":{"line":127,"column":9}}]},"25":{"line":138,"type":"if","locations":[{"start":{"line":138,"column":4},"end":{"line":138,"column":4}},{"start":{"line":138,"column":4},"end":{"line":138,"column":4}}]},"26":{"line":149,"type":"if","locations":[{"start":{"line":149,"column":2},"end":{"line":149,"column":2}},{"start":{"line":149,"column":2},"end":{"line":149,"column":2}}]},"27":{"line":159,"type":"if","locations":[{"start":{"line":159,"column":1},"end":{"line":159,"column":1}},{"start":{"line":159,"column":1},"end":{"line":159,"column":1}}]},"28":{"line":164,"type":"if","locations":[{"start":{"line":164,"column":2},"end":{"line":164,"column":2}},{"start":{"line":164,"column":2},"end":{"line":164,"column":2}}]},"29":{"line":177,"type":"if","locations":[{"start":{"line":177,"column":11},"end":{"line":177,"column":11}},{"start":{"line":177,"column":11},"end":{"line":177,"column":11}}]},"30":{"line":179,"type":"if","locations":[{"start":{"line":179,"column":12},"end":{"line":179,"column":12}},{"start":{"line":179,"column":12},"end":{"line":179,"column":12}}]},"31":{"line":190,"type":"if","locations":[{"start":{"line":190,"column":13},"end":{"line":190,"column":13}},{"start":{"line":190,"column":13},"end":{"line":190,"column":13}}]},"32":{"line":202,"type":"if","locations":[{"start":{"line":202,"column":4},"end":{"line":202,"column":4}},{"start":{"line":202,"column":4},"end":{"line":202,"column":4}}]},"33":{"line":216,"type":"if","locations":[{"start":{"line":216,"column":11},"end":{"line":216,"column":11}},{"start":{"line":216,"column":11},"end":{"line":216,"column":11}}]},"34":{"line":230,"type":"if","locations":[{"start":{"line":230,"column":11},"end":{"line":230,"column":11}},{"start":{"line":230,"column":11},"end":{"line":230,"column":11}}]},"35":{"line":255,"type":"if","locations":[{"start":{"line":255,"column":6},"end":{"line":255,"column":6}},{"start":{"line":255,"column":6},"end":{"line":255,"column":6}}]},"36":{"line":257,"type":"if","locations":[{"start":{"line":257,"column":5},"end":{"line":257,"column":5}},{"start":{"line":257,"column":5},"end":{"line":257,"column":5}}]},"37":{"line":272,"type":"if","locations":[{"start":{"line":272,"column":6},"end":{"line":272,"column":6}},{"start":{"line":272,"column":6},"end":{"line":272,"column":6}}]},"38":{"line":273,"type":"if","locations":[{"start":{"line":273,"column":6},"end":{"line":273,"column":6}},{"start":{"line":273,"column":6},"end":{"line":273,"column":6}}]},"39":{"line":275,"type":"if","locations":[{"start":{"line":275,"column":7},"end":{"line":275,"column":7}},{"start":{"line":275,"column":7},"end":{"line":275,"column":7}}]},"40":{"line":276,"type":"if","locations":[{"start":{"line":276,"column":7},"end":{"line":276,"column":7}},{"start":{"line":276,"column":7},"end":{"line":276,"column":7}}]},"41":{"line":284,"type":"if","locations":[{"start":{"line":284,"column":7},"end":{"line":284,"column":7}},{"start":{"line":284,"column":7},"end":{"line":284,"column":7}}]},"42":{"line":296,"type":"if","locations":[{"start":{"line":296,"column":4},"end":{"line":296,"column":4}},{"start":{"line":296,"column":4},"end":{"line":296,"column":4}}]},"43":{"line":310,"type":"if","locations":[{"start":{"line":310,"column":11},"end":{"line":310,"column":11}},{"start":{"line":310,"column":11},"end":{"line":310,"column":11}}]},"44":{"line":311,"type":"if","locations":[{"start":{"line":311,"column":16},"end":{"line":311,"column":16}},{"start":{"line":311,"column":16},"end":{"line":311,"column":16}}]},"45":{"line":328,"type":"if","locations":[{"start":{"line":328,"column":4},"end":{"line":328,"column":4}},{"start":{"line":328,"column":4},"end":{"line":328,"column":4}}]},"46":{"line":338,"type":"if","locations":[{"start":{"line":338,"column":2},"end":{"line":338,"column":2}},{"start":{"line":338,"column":2},"end":{"line":338,"column":2}}]},"47":{"line":340,"type":"if","locations":[{"start":{"line":340,"column":2},"end":{"line":340,"column":2}},{"start":{"line":340,"column":2},"end":{"line":340,"column":2}}]},"48":{"line":343,"type":"if","locations":[{"start":{"line":343,"column":3},"end":{"line":343,"column":3}},{"start":{"line":343,"column":3},"end":{"line":343,"column":3}}]},"49":{"line":352,"type":"if","locations":[{"start":{"line":352,"column":2},"end":{"line":352,"column":2}},{"start":{"line":352,"column":2},"end":{"line":352,"column":2}}]},"50":{"line":355,"type":"if","locations":[{"start":{"line":355,"column":3},"end":{"line":355,"column":3}},{"start":{"line":355,"column":3},"end":{"line":355,"column":3}}]},"51":{"line":364,"type":"if","locations":[{"start":{"line":364,"column":2},"end":{"line":364,"column":2}},{"start":{"line":364,"column":2},"end":{"line":364,"column":2}}]},"52":{"line":367,"type":"if","locations":[{"start":{"line":367,"column":2},"end":{"line":367,"column":2}},{"start":{"line":367,"column":2},"end":{"line":367,"column":2}}]},"53":{"line":370,"type":"if","locations":[{"start":{"line":370,"column":3},"end":{"line":370,"column":3}},{"start":{"line":370,"column":3},"end":{"line":370,"column":3}}]},"54":{"line":378,"type":"if","locations":[{"start":{"line":378,"column":2},"end":{"line":378,"column":2}},{"start":{"line":378,"column":2},"end":{"line":378,"column":2}}]},"55":{"line":381,"type":"if","locations":[{"start":{"line":381,"column":2},"end":{"line":381,"column":2}},{"start":{"line":381,"column":2},"end":{"line":381,"column":2}}]},"56":{"line":384,"type":"if","locations":[{"start":{"line":384,"column":3},"end":{"line":384,"column":3}},{"start":{"line":384,"column":3},"end":{"line":384,"column":3}}]},"57":{"line":392,"type":"if","locations":[{"start":{"line":392,"column":2},"end":{"line":392,"column":2}},{"start":{"line":392,"column":2},"end":{"line":392,"column":2}}]},"58":{"line":395,"type":"if","locations":[{"start":{"line":395,"column":3},"end":{"line":395,"column":3}},{"start":{"line":395,"column":3},"end":{"line":395,"column":3}}]}}}}