TN:
SF:/home/bryce/project/github/EasyAgile/website/api/controllers/StaticController.js
FN:22,renderViewWithProject
FN:23,(anonymous_2)
FN:34,renderViewWithProjectAndFiles
FN:36,(anonymous_4)
FN:39,(anonymous_5)
FN:40,(anonymous_6)
FN:45,(anonymous_7)
FN:54,renderViewWithProjectAndTopics
FN:56,(anonymous_9)
FN:59,(anonymous_10)
FN:60,(anonymous_11)
FN:65,(anonymous_12)
FN:74,renderViewWithProjectAndOneTopic
FN:76,(anonymous_14)
FN:79,(anonymous_15)
FN:80,(anonymous_16)
FN:85,(anonymous_17)
FN:94,renderViewWithProjectAndTopicsFilesTasks
FN:96,(anonymous_19)
FN:99,(anonymous_20)
FN:100,(anonymous_21)
FN:105,(anonymous_22)
FN:106,(anonymous_23)
FN:111,(anonymous_24)
FN:112,(anonymous_25)
FN:117,(anonymous_26)
FN:138,(anonymous_27)
FN:152,(anonymous_28)
FN:166,(anonymous_29)
FN:178,(anonymous_30)
FN:189,(anonymous_31)
FN:203,(anonymous_32)
FN:205,(anonymous_33)
FN:227,(anonymous_34)
FN:240,(anonymous_35)
FN:255,(anonymous_36)
FN:267,(anonymous_37)
FN:279,(anonymous_38)
FN:291,(anonymous_39)
FN:303,(anonymous_40)
FN:315,(anonymous_41)
FN:327,(anonymous_42)
FN:339,(anonymous_43)
FN:350,(anonymous_44)
FN:361,(anonymous_45)
FN:373,(anonymous_46)
FNF:46
FNH:45
FNDA:4,renderViewWithProject
FNDA:4,(anonymous_2)
FNDA:1,renderViewWithProjectAndFiles
FNDA:1,(anonymous_4)
FNDA:1,(anonymous_5)
FNDA:1,(anonymous_6)
FNDA:1,(anonymous_7)
FNDA:3,renderViewWithProjectAndTopics
FNDA:3,(anonymous_9)
FNDA:3,(anonymous_10)
FNDA:3,(anonymous_11)
FNDA:3,(anonymous_12)
FNDA:1,renderViewWithProjectAndOneTopic
FNDA:1,(anonymous_14)
FNDA:1,(anonymous_15)
FNDA:1,(anonymous_16)
FNDA:1,(anonymous_17)
FNDA:1,renderViewWithProjectAndTopicsFilesTasks
FNDA:1,(anonymous_19)
FNDA:1,(anonymous_20)
FNDA:1,(anonymous_21)
FNDA:1,(anonymous_22)
FNDA:1,(anonymous_23)
FNDA:1,(anonymous_24)
FNDA:1,(anonymous_25)
FNDA:1,(anonymous_26)
FNDA:2,(anonymous_27)
FNDA:2,(anonymous_28)
FNDA:2,(anonymous_29)
FNDA:2,(anonymous_30)
FNDA:1,(anonymous_31)
FNDA:1,(anonymous_32)
FNDA:1,(anonymous_33)
FNDA:1,(anonymous_34)
FNDA:1,(anonymous_35)
FNDA:1,(anonymous_36)
FNDA:1,(anonymous_37)
FNDA:1,(anonymous_38)
FNDA:1,(anonymous_39)
FNDA:1,(anonymous_40)
FNDA:1,(anonymous_41)
FNDA:1,(anonymous_42)
FNDA:1,(anonymous_43)
FNDA:1,(anonymous_44)
FNDA:1,(anonymous_45)
FNDA:0,(anonymous_46)
DA:20,1
DA:21,1
DA:22,1
DA:23,4
DA:24,4
DA:28,4
DA:34,1
DA:35,1
DA:37,1
DA:40,1
DA:41,1
DA:42,1
DA:46,1
DA:47,1
DA:54,1
DA:55,3
DA:57,3
DA:60,3
DA:61,3
DA:62,3
DA:66,3
DA:67,3
DA:74,1
DA:75,1
DA:77,1
DA:80,1
DA:81,1
DA:82,1
DA:86,1
DA:87,1
DA:94,1
DA:95,1
DA:97,1
DA:100,1
DA:101,1
DA:102,1
DA:106,1
DA:107,1
DA:108,1
DA:112,1
DA:113,1
DA:114,1
DA:118,1
DA:119,1
DA:129,1
DA:140,2
DA:141,2
DA:154,2
DA:155,2
DA:168,2
DA:169,2
DA:179,2
DA:180,2
DA:190,1
DA:191,1
DA:204,1
DA:205,1
DA:206,1
DA:207,1
DA:228,1
DA:229,1
DA:241,1
DA:242,1
DA:256,1
DA:258,1
DA:268,1
DA:270,1
DA:280,1
DA:282,1
DA:292,1
DA:294,1
DA:304,1
DA:306,1
DA:316,1
DA:318,1
DA:328,1
DA:330,1
DA:340,1
DA:342,1
DA:351,1
DA:353,1
DA:362,1
DA:364,1
DA:374,0
DA:376,0
LF:85
LH:83
BRDA:24,1,0,0
BRDA:24,1,1,4
BRDA:41,2,0,0
BRDA:41,2,1,1
BRDA:46,3,0,0
BRDA:46,3,1,1
BRDA:61,4,0,0
BRDA:61,4,1,3
BRDA:66,5,0,0
BRDA:66,5,1,3
BRDA:81,6,0,0
BRDA:81,6,1,1
BRDA:86,7,0,0
BRDA:86,7,1,1
BRDA:101,8,0,0
BRDA:101,8,1,1
BRDA:107,9,0,0
BRDA:107,9,1,1
BRDA:113,10,0,0
BRDA:113,10,1,1
BRDA:118,11,0,0
BRDA:118,11,1,1
BRDA:206,12,0,0
BRDA:206,12,1,1
BRF:24
BRH:12
end_of_record
TN:
SF:/home/bryce/project/github/EasyAgile/website/api/services/EmailService.js
FN:18,(anonymous_1)
FN:30,(anonymous_2)
FNF:2
FNH:1
FNDA:1,(anonymous_1)
FNDA:0,(anonymous_2)
DA:1,1
DA:4,1
DA:18,1
DA:21,1
DA:30,1
DA:31,0
DA:32,0
DA:33,0
DA:35,0
DA:36,0
LF:10
LH:5
BRDA:31,1,0,0
BRDA:31,1,1,0
BRF:2
BRH:0
end_of_record
TN:
SF:/home/bryce/project/github/EasyAgile/website/config/400.js
FN:23,badRequest
FNF:1
FNH:0
FNDA:0,badRequest
DA:23,1
DA:31,0
DA:33,0
DA:38,0
DA:39,0
DA:44,0
DA:45,0
DA:55,0
DA:58,0
DA:61,0
DA:71,0
LF:11
LH:1
BRDA:38,1,0,0
BRDA:38,1,1,0
BRDA:44,2,0,0
BRDA:44,2,1,0
BRDA:55,3,0,0
BRDA:55,3,1,0
BRF:6
BRH:0
end_of_record
TN:
SF:/home/bryce/project/github/EasyAgile/website/config/403.js
FN:13,badRequest
FN:44,(anonymous_2)
FNF:2
FNH:0
FNDA:0,badRequest
FNDA:0,(anonymous_2)
DA:13,1
DA:21,0
DA:22,0
DA:24,0
DA:29,0
DA:30,0
DA:34,0
DA:35,0
DA:39,0
DA:40,0
DA:41,0
DA:44,0
DA:46,0
DA:49,0
LF:14
LH:1
BRDA:29,1,0,0
BRDA:29,1,1,0
BRDA:34,2,0,0
BRDA:34,2,1,0
BRDA:46,3,0,0
BRDA:46,3,1,0
BRF:6
BRH:0
end_of_record
TN:
SF:/home/bryce/project/github/EasyAgile/website/config/404.js
FN:10,pageNotFound
FN:30,(anonymous_2)
FNF:2
FNH:1
FNDA:1,pageNotFound
FNDA:0,(anonymous_2)
DA:10,1
DA:18,1
DA:19,1
DA:20,1
DA:25,1
DA:26,1
DA:29,0
DA:30,0
DA:32,0
DA:35,0
LF:10
LH:6
BRDA:25,1,0,1
BRDA:25,1,1,0
BRDA:32,2,0,0
BRDA:32,2,1,0
BRF:4
BRH:1
end_of_record
TN:
SF:/home/bryce/project/github/EasyAgile/website/config/500.js
FN:15,serverErrorOccurred
FN:69,(anonymous_2)
FNF:2
FNH:0
FNDA:0,serverErrorOccurred
FNDA:0,(anonymous_2)
DA:15,1
DA:23,0
DA:27,0
DA:33,0
DA:34,0
DA:38,0
DA:39,0
DA:42,0
DA:44,0
DA:45,0
DA:48,0
DA:49,0
DA:54,0
DA:55,0
DA:59,0
DA:60,0
DA:64,0
DA:65,0
DA:66,0
DA:69,0
DA:71,0
DA:74,0
LF:22
LH:1
BRDA:38,1,0,0
BRDA:38,1,1,0
BRDA:48,2,0,0
BRDA:48,2,1,0
BRDA:54,3,0,0
BRDA:54,3,1,0
BRDA:59,4,0,0
BRDA:59,4,1,0
BRDA:71,5,0,0
BRDA:71,5,1,0
BRF:10
BRH:0
end_of_record
TN:
SF:/home/bryce/project/github/EasyAgile/website/config/adapters.js
FNF:0
FNH:0
DA:15,1
LF:1
LH:1
BRF:0
BRH:0
end_of_record
TN:
SF:/home/bryce/project/github/EasyAgile/website/config/application.js
FN:19,(anonymous_1)
FN:22,(anonymous_2)
FN:39,(anonymous_3)
FN:45,(anonymous_4)
FNF:4
FNH:0
FNDA:0,(anonymous_1)
FNDA:0,(anonymous_2)
FNDA:0,(anonymous_3)
FNDA:0,(anonymous_4)
DA:6,1
DA:18,1
DA:20,0
DA:22,0
DA:23,0
DA:26,0
DA:28,0
DA:30,0
DA:32,0
DA:34,0
DA:38,1
DA:40,0
DA:44,1
DA:46,0
LF:14
LH:4
BRF:0
BRH:0
end_of_record
TN:
SF:/home/bryce/project/github/EasyAgile/website/config/bootstrap.js
FN:11,(anonymous_1)
FNF:1
FNH:1
FNDA:1,(anonymous_1)
DA:11,1
DA:13,1
DA:14,1
DA:15,1
DA:17,1
DA:18,1
DA:22,1
LF:7
LH:7
BRDA:14,1,0,1
BRDA:14,1,1,0
BRF:2
BRH:1
end_of_record
TN:
SF:/home/bryce/project/github/EasyAgile/website/config/controllers.js
FNF:0
FNH:0
DA:20,1
LF:1
LH:1
BRF:0
BRH:0
end_of_record
TN:
SF:/home/bryce/project/github/EasyAgile/website/config/cors.js
FNF:0
FNH:0
DA:25,1
LF:1
LH:1
BRF:0
BRH:0
end_of_record
TN:
SF:/home/bryce/project/github/EasyAgile/website/config/csrf.js
FNF:0
FNH:0
DA:40,1
LF:1
LH:1
BRF:0
BRH:0
end_of_record
TN:
SF:/home/bryce/project/github/EasyAgile/website/config/i18n.js
FNF:0
FNH:0
DA:12,1
LF:1
LH:1
BRF:0
BRH:0
end_of_record
TN:
SF:/home/bryce/project/github/EasyAgile/website/config/local.js
FNF:0
FNH:0
DA:25,1
LF:1
LH:1
BRDA:39,1,0,1
BRDA:39,1,1,1
BRDA:55,2,0,1
BRDA:55,2,1,0
BRF:4
BRH:3
end_of_record
TN:
SF:/home/bryce/project/github/EasyAgile/website/config/log.js
FNF:0
FNH:0
DA:12,1
LF:1
LH:1
BRF:0
BRH:0
end_of_record
TN:
SF:/home/bryce/project/github/EasyAgile/website/config/policies.js
FNF:0
FNH:0
DA:15,1
LF:1
LH:1
BRF:0
BRH:0
end_of_record
TN:
SF:/home/bryce/project/github/EasyAgile/website/config/routes.js
FNF:0
FNH:0
DA:29,1
LF:1
LH:1
BRF:0
BRH:0
end_of_record
TN:
SF:/home/bryce/project/github/EasyAgile/website/config/session.js
FNF:0
FNH:0
DA:13,1
LF:1
LH:1
BRF:0
BRH:0
end_of_record
TN:
SF:/home/bryce/project/github/EasyAgile/website/config/sockets.js
FN:17,(anonymous_1)
FN:25,(anonymous_2)
FNF:2
FNH:0
FNDA:0,(anonymous_1)
FNDA:0,(anonymous_2)
DA:11,1
LF:1
LH:1
BRF:0
BRH:0
end_of_record
TN:
SF:/home/bryce/project/github/EasyAgile/website/config/views.js
FNF:0
FNH:0
DA:12,1
LF:1
LH:1
BRF:0
BRH:0
end_of_record
TN:
SF:/home/bryce/project/github/EasyAgile/website/api/controllers/AuthController.js
FN:24,(anonymous_1)
FN:31,(anonymous_2)
FN:54,(anonymous_3)
FN:61,(anonymous_4)
FN:75,(anonymous_5)
FN:77,(anonymous_6)
FN:91,(anonymous_7)
FN:93,(anonymous_8)
FNF:8
FNH:8
FNDA:7,(anonymous_1)
FNDA:7,(anonymous_2)
FNDA:1,(anonymous_3)
FNDA:18,(anonymous_4)
FNDA:4,(anonymous_5)
FNDA:4,(anonymous_6)
FNDA:2,(anonymous_7)
FNDA:2,(anonymous_8)
DA:9,1
DA:25,7
DA:26,7
DA:31,7
DA:32,7
DA:34,7
DA:42,0
DA:55,1
DA:56,1
DA:58,1
DA:62,18
DA:63,18
DA:64,18
DA:76,4
DA:77,4
DA:78,4
DA:79,3
DA:80,3
DA:81,3
DA:84,1
DA:85,1
DA:86,1
DA:92,2
DA:93,2
DA:94,2
DA:95,0
DA:96,0
LF:27
LH:24
BRDA:32,1,0,7
BRDA:32,1,1,0
BRDA:78,2,0,3
BRDA:78,2,1,1
BRDA:94,3,0,2
BRDA:94,3,1,0
BRF:6
BRH:4
end_of_record
TN:
SF:/home/bryce/project/github/EasyAgile/website/api/controllers/BacklogController.js
FN:30,(anonymous_1)
FN:34,(anonymous_2)
FN:47,(anonymous_3)
FN:55,(anonymous_4)
FN:70,(anonymous_5)
FN:78,(anonymous_6)
FN:111,(anonymous_7)
FN:115,(anonymous_8)
FN:130,(anonymous_9)
FN:134,(anonymous_10)
FNF:10
FNH:10
FNDA:1,(anonymous_1)
FNDA:1,(anonymous_2)
FNDA:3,(anonymous_3)
FNDA:3,(anonymous_4)
FNDA:2,(anonymous_5)
FNDA:2,(anonymous_6)
FNDA:2,(anonymous_7)
FNDA:2,(anonymous_8)
FNDA:1,(anonymous_9)
FNDA:1,(anonymous_10)
DA:18,1
DA:21,1
DA:22,1
DA:32,1
DA:33,1
DA:36,1
DA:37,1
DA:49,3
DA:50,3
DA:56,3
DA:58,2
DA:59,2
DA:72,2
DA:73,2
DA:79,2
DA:81,1
DA:82,1
DA:83,1
DA:84,1
DA:113,2
DA:114,2
DA:116,2
DA:118,2
DA:119,2
DA:132,1
DA:133,1
DA:135,1
DA:136,1
LF:28
LH:28
BRDA:36,1,0,0
BRDA:36,1,1,1
BRDA:56,2,0,1
BRDA:56,2,1,2
BRDA:79,3,0,1
BRDA:79,3,1,1
BRDA:116,4,0,0
BRDA:116,4,1,2
BRDA:135,5,0,0
BRDA:135,5,1,1
BRF:10
BRH:7
end_of_record
TN:
SF:/home/bryce/project/github/EasyAgile/website/api/controllers/EditorController.js
FN:27,(anonymous_1)
FN:30,(anonymous_2)
FN:43,(anonymous_3)
FN:49,(anonymous_4)
FN:74,(anonymous_5)
FN:77,(anonymous_6)
FNF:6
FNH:6
FNDA:1,(anonymous_1)
FNDA:1,(anonymous_2)
FNDA:1,(anonymous_3)
FNDA:1,(anonymous_4)
FNDA:2,(anonymous_5)
FNDA:2,(anonymous_6)
DA:17,1
DA:19,1
DA:29,1
DA:30,1
DA:32,1
DA:33,1
DA:45,1
DA:46,1
DA:50,1
DA:51,1
DA:76,2
DA:77,2
DA:79,2
DA:80,1
LF:14
LH:14
BRDA:32,1,0,0
BRDA:32,1,1,1
BRDA:50,2,0,0
BRDA:50,2,1,1
BRDA:79,3,0,1
BRDA:79,3,1,1
BRF:6
BRH:4
end_of_record
TN:
SF:/home/bryce/project/github/EasyAgile/website/api/controllers/FileController.js
FN:27,(anonymous_1)
FN:30,(anonymous_2)
FN:42,(anonymous_3)
FN:46,(anonymous_4)
FN:51,(anonymous_5)
FN:64,(anonymous_6)
FN:67,(anonymous_7)
FN:79,(anonymous_8)
FN:82,(anonymous_9)
FNF:9
FNH:8
FNDA:1,(anonymous_1)
FNDA:1,(anonymous_2)
FNDA:1,(anonymous_3)
FNDA:0,(anonymous_4)
FNDA:1,(anonymous_5)
FNDA:1,(anonymous_6)
FNDA:1,(anonymous_7)
FNDA:1,(anonymous_8)
FNDA:1,(anonymous_9)
DA:17,1
DA:19,1
DA:29,1
DA:30,1
DA:31,1
DA:32,1
DA:44,1
DA:45,1
DA:46,0
DA:47,0
DA:48,0
DA:51,1
DA:52,1
DA:53,0
DA:66,1
DA:67,1
DA:68,1
DA:69,0
DA:81,1
DA:82,1
DA:83,1
DA:84,0
LF:22
LH:16
BRDA:31,1,0,0
BRDA:31,1,1,1
BRDA:45,2,0,0
BRDA:45,2,1,1
BRDA:47,3,0,0
BRDA:47,3,1,0
BRDA:52,4,0,1
BRDA:52,4,1,0
BRDA:68,5,0,1
BRDA:68,5,1,0
BRDA:83,6,0,1
BRDA:83,6,1,0
BRF:12
BRH:5
end_of_record
TN:
SF:/home/bryce/project/github/EasyAgile/website/api/controllers/IssueController.js
FN:26,(anonymous_1)
FN:29,(anonymous_2)
FN:41,(anonymous_3)
FN:44,(anonymous_4)
FN:57,(anonymous_5)
FN:64,(anonymous_6)
FN:76,(anonymous_7)
FN:83,(anonymous_8)
FN:110,(anonymous_9)
FN:113,(anonymous_10)
FNF:10
FNH:10
FNDA:1,(anonymous_1)
FNDA:1,(anonymous_2)
FNDA:1,(anonymous_3)
FNDA:1,(anonymous_4)
FNDA:2,(anonymous_5)
FNDA:2,(anonymous_6)
FNDA:2,(anonymous_7)
FNDA:2,(anonymous_8)
FNDA:2,(anonymous_9)
FNDA:2,(anonymous_10)
DA:18,1
DA:19,1
DA:28,1
DA:29,1
DA:30,1
DA:31,1
DA:43,1
DA:44,1
DA:45,1
DA:46,1
DA:59,2
DA:60,2
DA:65,2
DA:66,1
DA:78,2
DA:79,2
DA:84,2
DA:85,1
DA:112,2
DA:113,2
DA:114,2
DA:115,1
LF:22
LH:22
BRDA:30,1,0,0
BRDA:30,1,1,1
BRDA:45,2,0,0
BRDA:45,2,1,1
BRDA:65,3,0,1
BRDA:65,3,1,1
BRDA:84,4,0,1
BRDA:84,4,1,1
BRDA:114,5,0,1
BRDA:114,5,1,1
BRF:10
BRH:8
end_of_record
TN:
SF:/home/bryce/project/github/EasyAgile/website/api/controllers/ProjectController.js
FN:26,(anonymous_1)
FN:29,(anonymous_2)
FN:41,(anonymous_3)
FN:44,(anonymous_4)
FN:60,(anonymous_5)
FN:69,(anonymous_6)
FN:81,(anonymous_7)
FN:84,(anonymous_8)
FN:96,(anonymous_9)
FN:99,(anonymous_10)
FN:111,(anonymous_11)
FN:114,(anonymous_12)
FN:141,(anonymous_13)
FN:144,(anonymous_14)
FN:156,(anonymous_15)
FN:159,(anonymous_16)
FN:171,(anonymous_17)
FN:174,(anonymous_18)
FN:188,(anonymous_19)
FN:191,(anonymous_20)
FN:203,(anonymous_21)
FN:206,(anonymous_22)
FN:222,(anonymous_23)
FN:225,(anonymous_24)
FN:240,(anonymous_25)
FN:243,(anonymous_26)
FN:254,(anonymous_27)
FN:259,(anonymous_28)
FN:278,(anonymous_29)
FN:281,(anonymous_30)
FN:293,(anonymous_31)
FN:296,(anonymous_32)
FN:309,(anonymous_33)
FN:312,(anonymous_34)
FN:324,(anonymous_35)
FN:327,(anonymous_36)
FN:339,(anonymous_37)
FN:342,(anonymous_38)
FN:354,(anonymous_39)
FN:357,(anonymous_40)
FN:369,(anonymous_41)
FN:372,(anonymous_42)
FN:384,(anonymous_43)
FN:388,(anonymous_44)
FN:400,(anonymous_45)
FN:403,(anonymous_46)
FNF:46
FNH:38
FNDA:4,(anonymous_1)
FNDA:4,(anonymous_2)
FNDA:2,(anonymous_3)
FNDA:2,(anonymous_4)
FNDA:4,(anonymous_5)
FNDA:4,(anonymous_6)
FNDA:1,(anonymous_7)
FNDA:1,(anonymous_8)
FNDA:1,(anonymous_9)
FNDA:1,(anonymous_10)
FNDA:1,(anonymous_11)
FNDA:1,(anonymous_12)
FNDA:3,(anonymous_13)
FNDA:3,(anonymous_14)
FNDA:1,(anonymous_15)
FNDA:1,(anonymous_16)
FNDA:1,(anonymous_17)
FNDA:1,(anonymous_18)
FNDA:1,(anonymous_19)
FNDA:1,(anonymous_20)
FNDA:0,(anonymous_21)
FNDA:0,(anonymous_22)
FNDA:0,(anonymous_23)
FNDA:0,(anonymous_24)
FNDA:0,(anonymous_25)
FNDA:0,(anonymous_26)
FNDA:0,(anonymous_27)
FNDA:0,(anonymous_28)
FNDA:1,(anonymous_29)
FNDA:1,(anonymous_30)
FNDA:1,(anonymous_31)
FNDA:1,(anonymous_32)
FNDA:1,(anonymous_33)
FNDA:1,(anonymous_34)
FNDA:1,(anonymous_35)
FNDA:1,(anonymous_36)
FNDA:1,(anonymous_37)
FNDA:1,(anonymous_38)
FNDA:1,(anonymous_39)
FNDA:1,(anonymous_40)
FNDA:1,(anonymous_41)
FNDA:1,(anonymous_42)
FNDA:1,(anonymous_43)
FNDA:1,(anonymous_44)
FNDA:1,(anonymous_45)
FNDA:1,(anonymous_46)
DA:19,1
DA:28,4
DA:29,4
DA:30,4
DA:31,1
DA:43,2
DA:44,2
DA:46,2
DA:48,2
DA:49,2
DA:62,4
DA:63,4
DA:64,4
DA:65,4
DA:66,4
DA:67,4
DA:69,4
DA:70,4
DA:71,4
DA:83,1
DA:84,1
DA:85,1
DA:86,1
DA:98,1
DA:99,1
DA:100,1
DA:101,1
DA:113,1
DA:114,1
DA:115,1
DA:116,1
DA:143,3
DA:144,3
DA:145,3
DA:146,2
DA:158,1
DA:159,1
DA:160,1
DA:161,1
DA:173,1
DA:174,1
DA:175,1
DA:176,1
DA:190,1
DA:191,1
DA:192,1
DA:193,0
DA:205,0
DA:206,0
DA:207,0
DA:209,0
DA:210,0
DA:224,0
DA:225,0
DA:226,0
DA:228,0
DA:229,0
DA:242,0
DA:243,0
DA:244,0
DA:246,0
DA:247,0
DA:248,0
DA:249,0
DA:255,0
DA:256,0
DA:260,0
DA:262,0
DA:263,0
DA:264,0
DA:265,0
DA:266,0
DA:267,0
DA:268,0
DA:280,1
DA:281,1
DA:282,1
DA:283,1
DA:295,1
DA:296,1
DA:297,1
DA:298,1
DA:311,1
DA:312,1
DA:313,1
DA:314,1
DA:326,1
DA:327,1
DA:328,1
DA:329,1
DA:341,1
DA:342,1
DA:343,1
DA:344,1
DA:356,1
DA:357,1
DA:358,1
DA:359,1
DA:371,1
DA:372,1
DA:373,1
DA:374,1
DA:386,1
DA:387,1
DA:389,1
DA:390,1
DA:402,1
DA:403,1
DA:404,1
DA:405,1
LF:110
LH:82
BRDA:30,1,0,3
BRDA:30,1,1,1
BRDA:46,2,0,0
BRDA:46,2,1,2
BRDA:64,3,0,1
BRDA:64,3,1,3
BRDA:65,4,0,1
BRDA:65,4,1,3
BRDA:66,5,0,1
BRDA:66,5,1,3
BRDA:67,6,0,0
BRDA:67,6,1,4
BRDA:70,7,0,0
BRDA:70,7,1,4
BRDA:85,8,0,0
BRDA:85,8,1,1
BRDA:100,9,0,0
BRDA:100,9,1,1
BRDA:115,10,0,0
BRDA:115,10,1,1
BRDA:145,11,0,1
BRDA:145,11,1,2
BRDA:160,12,0,0
BRDA:160,12,1,1
BRDA:175,13,0,0
BRDA:175,13,1,1
BRDA:192,14,0,1
BRDA:192,14,1,0
BRDA:207,15,0,0
BRDA:207,15,1,0
BRDA:226,16,0,0
BRDA:226,16,1,0
BRDA:244,17,0,0
BRDA:244,17,1,0
BRDA:260,18,0,0
BRDA:260,18,1,0
BRDA:282,19,0,0
BRDA:282,19,1,1
BRDA:297,20,0,0
BRDA:297,20,1,1
BRDA:313,21,0,0
BRDA:313,21,1,1
BRDA:328,22,0,0
BRDA:328,22,1,1
BRDA:343,23,0,0
BRDA:343,23,1,1
BRDA:358,24,0,0
BRDA:358,24,1,1
BRDA:373,25,0,0
BRDA:373,25,1,1
BRDA:389,26,0,0
BRDA:389,26,1,1
BRDA:404,27,0,0
BRDA:404,27,1,1
BRF:54
BRH:28
end_of_record
TN:
SF:/home/bryce/project/github/EasyAgile/website/api/controllers/SocketioController.js
FN:27,(anonymous_1)
FN:48,(anonymous_2)
FN:66,(anonymous_3)
FNF:3
FNH:3
FNDA:1,(anonymous_1)
FNDA:1,(anonymous_2)
FNDA:1,(anonymous_3)
DA:18,1
DA:29,1
DA:30,1
DA:31,1
DA:32,0
DA:35,0
DA:37,1
DA:50,1
DA:51,1
DA:52,1
DA:53,0
DA:54,0
DA:56,1
DA:68,1
DA:69,1
DA:71,1
DA:72,0
DA:73,0
DA:75,1
LF:19
LH:13
BRDA:31,1,0,0
BRDA:31,1,1,1
BRDA:31,2,0,1
BRDA:31,2,1,1
BRDA:52,3,0,0
BRDA:52,3,1,1
BRDA:52,4,0,1
BRDA:52,4,1,1
BRDA:71,5,0,0
BRDA:71,5,1,1
BRDA:71,6,0,1
BRDA:71,6,1,1
BRF:12
BRH:9
end_of_record
TN:
SF:/home/bryce/project/github/EasyAgile/website/api/controllers/SprintController.js
FN:25,(anonymous_1)
FN:28,(anonymous_2)
FN:40,(anonymous_3)
FN:44,(anonymous_4)
FN:56,(anonymous_5)
FN:69,(anonymous_6)
FN:84,(anonymous_7)
FN:87,(anonymous_8)
FN:102,(anonymous_9)
FN:111,(anonymous_10)
FN:126,(anonymous_11)
FN:134,(anonymous_12)
FN:149,(anonymous_13)
FN:152,(anonymous_14)
FN:165,(anonymous_15)
FN:168,(anonymous_16)
FNF:16
FNH:16
FNDA:1,(anonymous_1)
FNDA:1,(anonymous_2)
FNDA:1,(anonymous_3)
FNDA:1,(anonymous_4)
FNDA:2,(anonymous_5)
FNDA:2,(anonymous_6)
FNDA:2,(anonymous_7)
FNDA:2,(anonymous_8)
FNDA:1,(anonymous_9)
FNDA:1,(anonymous_10)
FNDA:2,(anonymous_11)
FNDA:2,(anonymous_12)
FNDA:1,(anonymous_13)
FNDA:1,(anonymous_14)
FNDA:1,(anonymous_15)
FNDA:1,(anonymous_16)
DA:18,1
DA:27,1
DA:28,1
DA:29,1
DA:30,1
DA:42,1
DA:43,1
DA:45,1
DA:46,1
DA:58,2
DA:59,2
DA:65,2
DA:66,2
DA:67,0
DA:69,2
DA:70,2
DA:72,1
DA:73,1
DA:86,2
DA:87,2
DA:88,2
DA:90,1
DA:91,1
DA:104,1
DA:105,1
DA:106,1
DA:112,1
DA:114,1
DA:115,1
DA:128,2
DA:134,2
DA:135,2
DA:137,2
DA:138,2
DA:151,1
DA:152,1
DA:153,1
DA:154,1
DA:167,1
DA:168,1
DA:169,1
DA:170,1
LF:42
LH:41
BRDA:29,1,0,0
BRDA:29,1,1,1
BRDA:45,2,0,0
BRDA:45,2,1,1
BRDA:65,3,0,0
BRDA:65,3,1,2
BRDA:66,4,0,0
BRDA:66,4,1,2
BRDA:70,5,0,1
BRDA:70,5,1,1
BRDA:88,6,0,1
BRDA:88,6,1,1
BRDA:112,7,0,0
BRDA:112,7,1,1
BRDA:135,8,0,0
BRDA:135,8,1,2
BRDA:153,9,0,0
BRDA:153,9,1,1
BRDA:169,10,0,0
BRDA:169,10,1,1
BRF:20
BRH:12
end_of_record
TN:
SF:/home/bryce/project/github/EasyAgile/website/api/controllers/StoryController.js
FN:28,(anonymous_1)
FN:31,(anonymous_2)
FN:43,(anonymous_3)
FN:46,(anonymous_4)
FN:59,(anonymous_5)
FN:65,(anonymous_6)
FN:77,(anonymous_7)
FN:83,(anonymous_8)
FN:110,(anonymous_9)
FN:113,(anonymous_10)
FNF:10
FNH:10
FNDA:1,(anonymous_1)
FNDA:1,(anonymous_2)
FNDA:1,(anonymous_3)
FNDA:1,(anonymous_4)
FNDA:2,(anonymous_5)
FNDA:2,(anonymous_6)
FNDA:2,(anonymous_7)
FNDA:2,(anonymous_8)
FNDA:2,(anonymous_9)
FNDA:2,(anonymous_10)
DA:18,1
DA:19,1
DA:30,1
DA:31,1
DA:32,1
DA:33,1
DA:45,1
DA:46,1
DA:47,1
DA:48,1
DA:61,2
DA:62,2
DA:66,2
DA:67,1
DA:79,2
DA:80,2
DA:84,2
DA:85,1
DA:112,2
DA:113,2
DA:114,2
DA:115,1
LF:22
LH:22
BRDA:32,1,0,0
BRDA:32,1,1,1
BRDA:47,2,0,0
BRDA:47,2,1,1
BRDA:66,3,0,1
BRDA:66,3,1,1
BRDA:84,4,0,1
BRDA:84,4,1,1
BRDA:114,5,0,1
BRDA:114,5,1,1
BRF:10
BRH:8
end_of_record
TN:
SF:/home/bryce/project/github/EasyAgile/website/api/controllers/TaskController.js
FN:25,(anonymous_1)
FN:28,(anonymous_2)
FN:40,(anonymous_3)
FN:53,(anonymous_4)
FN:68,(anonymous_5)
FN:81,(anonymous_6)
FN:96,(anonymous_7)
FN:100,(anonymous_8)
FN:115,(anonymous_9)
FN:118,(anonymous_10)
FN:133,(anonymous_11)
FN:136,(anonymous_12)
FN:151,(anonymous_13)
FN:155,(anonymous_14)
FN:170,(anonymous_15)
FN:174,(anonymous_16)
FN:190,(anonymous_17)
FN:194,(anonymous_18)
FN:209,(anonymous_19)
FN:213,(anonymous_20)
FN:229,(anonymous_21)
FN:231,(anonymous_22)
FNF:22
FNH:22
FNDA:1,(anonymous_1)
FNDA:1,(anonymous_2)
FNDA:2,(anonymous_3)
FNDA:2,(anonymous_4)
FNDA:6,(anonymous_5)
FNDA:6,(anonymous_6)
FNDA:1,(anonymous_7)
FNDA:1,(anonymous_8)
FNDA:1,(anonymous_9)
FNDA:1,(anonymous_10)
FNDA:1,(anonymous_11)
FNDA:1,(anonymous_12)
FNDA:1,(anonymous_13)
FNDA:1,(anonymous_14)
FNDA:1,(anonymous_15)
FNDA:1,(anonymous_16)
FNDA:1,(anonymous_17)
FNDA:1,(anonymous_18)
FNDA:1,(anonymous_19)
FNDA:1,(anonymous_20)
FNDA:1,(anonymous_21)
FNDA:1,(anonymous_22)
DA:18,1
DA:27,1
DA:28,1
DA:29,1
DA:30,1
DA:42,2
DA:43,2
DA:51,2
DA:53,2
DA:54,2
DA:56,1
DA:57,1
DA:70,6
DA:72,6
DA:82,6
DA:84,6
DA:85,6
DA:98,1
DA:99,1
DA:101,1
DA:103,1
DA:104,1
DA:117,1
DA:118,1
DA:119,1
DA:121,1
DA:122,1
DA:135,1
DA:136,1
DA:137,1
DA:139,1
DA:140,1
DA:153,1
DA:154,1
DA:156,1
DA:158,1
DA:159,1
DA:172,1
DA:173,1
DA:175,1
DA:177,1
DA:178,1
DA:192,1
DA:193,1
DA:195,1
DA:197,1
DA:198,1
DA:210,1
DA:211,1
DA:214,1
DA:216,1
DA:217,1
DA:230,1
DA:231,1
DA:232,1
DA:233,1
LF:56
LH:56
BRDA:29,1,0,0
BRDA:29,1,1,1
BRDA:51,2,0,0
BRDA:51,2,1,2
BRDA:54,3,0,1
BRDA:54,3,1,1
BRDA:82,4,0,0
BRDA:82,4,1,6
BRDA:101,5,0,0
BRDA:101,5,1,1
BRDA:119,6,0,0
BRDA:119,6,1,1
BRDA:137,7,0,0
BRDA:137,7,1,1
BRDA:156,8,0,0
BRDA:156,8,1,1
BRDA:175,9,0,0
BRDA:175,9,1,1
BRDA:195,10,0,0
BRDA:195,10,1,1
BRDA:214,11,0,0
BRDA:214,11,1,1
BRDA:232,12,0,0
BRDA:232,12,1,1
BRF:24
BRH:13
end_of_record
TN:
SF:/home/bryce/project/github/EasyAgile/website/api/controllers/TopicController.js
FN:27,(anonymous_1)
FN:30,(anonymous_2)
FN:42,(anonymous_3)
FN:45,(anonymous_4)
FN:57,(anonymous_5)
FN:63,(anonymous_6)
FN:75,(anonymous_7)
FN:78,(anonymous_8)
FN:90,(anonymous_9)
FN:94,(anonymous_10)
FN:106,(anonymous_11)
FN:109,(anonymous_12)
FN:121,(anonymous_13)
FN:125,(anonymous_14)
FNF:14
FNH:14
FNDA:1,(anonymous_1)
FNDA:1,(anonymous_2)
FNDA:2,(anonymous_3)
FNDA:2,(anonymous_4)
FNDA:2,(anonymous_5)
FNDA:2,(anonymous_6)
FNDA:2,(anonymous_7)
FNDA:2,(anonymous_8)
FNDA:2,(anonymous_9)
FNDA:2,(anonymous_10)
FNDA:1,(anonymous_11)
FNDA:1,(anonymous_12)
FNDA:2,(anonymous_13)
FNDA:2,(anonymous_14)
DA:18,1
DA:19,1
DA:29,1
DA:30,1
DA:31,1
DA:32,1
DA:44,2
DA:45,2
DA:46,2
DA:47,1
DA:59,2
DA:60,2
DA:64,2
DA:65,1
DA:77,2
DA:78,2
DA:79,2
DA:80,1
DA:92,2
DA:93,2
DA:95,2
DA:96,1
DA:108,1
DA:109,1
DA:110,1
DA:111,1
DA:123,2
DA:124,2
DA:126,2
DA:127,1
LF:30
LH:30
BRDA:31,1,0,0
BRDA:31,1,1,1
BRDA:46,2,0,1
BRDA:46,2,1,1
BRDA:64,3,0,1
BRDA:64,3,1,1
BRDA:79,4,0,1
BRDA:79,4,1,1
BRDA:95,5,0,1
BRDA:95,5,1,1
BRDA:110,6,0,0
BRDA:110,6,1,1
BRDA:126,7,0,1
BRDA:126,7,1,1
BRF:14
BRH:12
end_of_record
TN:
SF:/home/bryce/project/github/EasyAgile/website/api/controllers/UserController.js
FN:27,(anonymous_1)
FN:30,(anonymous_2)
FN:44,(anonymous_3)
FN:46,(anonymous_4)
FN:60,(anonymous_5)
FN:62,(anonymous_6)
FN:74,(anonymous_7)
FN:76,(anonymous_8)
FN:92,(anonymous_9)
FN:102,(anonymous_10)
FN:115,(anonymous_11)
FN:117,(anonymous_12)
FN:132,(anonymous_13)
FN:136,(anonymous_14)
FN:148,(anonymous_15)
FN:150,(anonymous_16)
FN:162,(anonymous_17)
FN:164,(anonymous_18)
FN:176,(anonymous_19)
FN:186,(anonymous_20)
FN:202,(anonymous_21)
FN:204,(anonymous_22)
FN:220,(anonymous_23)
FN:222,(anonymous_24)
FN:237,(anonymous_25)
FN:239,(anonymous_26)
FN:251,(anonymous_27)
FN:253,(anonymous_28)
FN:265,(anonymous_29)
FN:267,(anonymous_30)
FN:279,(anonymous_31)
FN:281,(anonymous_32)
FN:296,(anonymous_33)
FN:298,(anonymous_34)
FN:310,(anonymous_35)
FN:312,(anonymous_36)
FN:324,(anonymous_37)
FN:326,(anonymous_38)
FN:338,(anonymous_39)
FN:340,(anonymous_40)
FNF:40
FNH:38
FNDA:3,(anonymous_1)
FNDA:3,(anonymous_2)
FNDA:2,(anonymous_3)
FNDA:2,(anonymous_4)
FNDA:1,(anonymous_5)
FNDA:1,(anonymous_6)
FNDA:22,(anonymous_7)
FNDA:22,(anonymous_8)
FNDA:5,(anonymous_9)
FNDA:5,(anonymous_10)
FNDA:1,(anonymous_11)
FNDA:1,(anonymous_12)
FNDA:1,(anonymous_13)
FNDA:1,(anonymous_14)
FNDA:1,(anonymous_15)
FNDA:1,(anonymous_16)
FNDA:1,(anonymous_17)
FNDA:1,(anonymous_18)
FNDA:2,(anonymous_19)
FNDA:2,(anonymous_20)
FNDA:1,(anonymous_21)
FNDA:1,(anonymous_22)
FNDA:1,(anonymous_23)
FNDA:1,(anonymous_24)
FNDA:0,(anonymous_25)
FNDA:0,(anonymous_26)
FNDA:1,(anonymous_27)
FNDA:1,(anonymous_28)
FNDA:1,(anonymous_29)
FNDA:1,(anonymous_30)
FNDA:1,(anonymous_31)
FNDA:1,(anonymous_32)
FNDA:1,(anonymous_33)
FNDA:1,(anonymous_34)
FNDA:1,(anonymous_35)
FNDA:1,(anonymous_36)
FNDA:1,(anonymous_37)
FNDA:1,(anonymous_38)
FNDA:1,(anonymous_39)
FNDA:1,(anonymous_40)
DA:19,1
DA:29,3
DA:30,3
DA:31,3
DA:32,0
DA:34,3
DA:45,2
DA:46,2
DA:47,2
DA:48,1
DA:50,1
DA:61,1
DA:62,1
DA:63,1
DA:64,1
DA:75,22
DA:76,22
DA:77,22
DA:79,18
DA:81,18
DA:93,5
DA:94,5
DA:96,5
DA:98,5
DA:99,5
DA:101,5
DA:102,5
DA:103,5
DA:104,5
DA:105,5
DA:116,1
DA:117,1
DA:118,1
DA:120,0
DA:121,0
DA:133,1
DA:134,1
DA:135,0
DA:136,1
DA:137,1
DA:138,1
DA:149,1
DA:150,1
DA:151,1
DA:152,1
DA:163,1
DA:164,1
DA:165,1
DA:166,1
DA:177,2
DA:178,2
DA:187,2
DA:189,1
DA:190,1
DA:203,1
DA:204,1
DA:205,1
DA:207,1
DA:221,1
DA:222,1
DA:223,1
DA:225,1
DA:226,1
DA:238,0
DA:239,0
DA:240,0
DA:241,0
DA:252,1
DA:253,1
DA:254,1
DA:255,1
DA:266,1
DA:267,1
DA:268,1
DA:269,0
DA:280,1
DA:281,1
DA:282,1
DA:284,1
DA:285,1
DA:297,1
DA:298,1
DA:299,1
DA:300,1
DA:311,1
DA:312,1
DA:313,1
DA:314,0
DA:325,1
DA:326,1
DA:327,1
DA:328,0
DA:339,1
DA:340,1
DA:341,1
DA:342,1
LF:96
LH:85
BRDA:31,1,0,0
BRDA:31,1,1,3
BRDA:47,2,0,1
BRDA:47,2,1,1
BRDA:63,3,0,0
BRDA:63,3,1,1
BRDA:77,4,0,4
BRDA:77,4,1,18
BRDA:96,5,0,1
BRDA:96,5,1,4
BRDA:98,6,0,1
BRDA:98,6,1,4
BRDA:99,7,0,1
BRDA:99,7,1,4
BRDA:101,8,0,0
BRDA:101,8,1,5
BRDA:103,9,0,0
BRDA:103,9,1,5
BRDA:118,10,0,1
BRDA:118,10,1,0
BRDA:134,11,0,0
BRDA:134,11,1,1
BRDA:137,12,0,0
BRDA:137,12,1,1
BRDA:151,13,0,0
BRDA:151,13,1,1
BRDA:165,14,0,0
BRDA:165,14,1,1
BRDA:187,15,0,1
BRDA:187,15,1,1
BRDA:205,16,0,0
BRDA:205,16,1,1
BRDA:223,17,0,0
BRDA:223,17,1,1
BRDA:240,18,0,0
BRDA:240,18,1,0
BRDA:254,19,0,0
BRDA:254,19,1,1
BRDA:268,20,0,1
BRDA:268,20,1,0
BRDA:282,21,0,0
BRDA:282,21,1,1
BRDA:299,22,0,0
BRDA:299,22,1,1
BRDA:313,23,0,1
BRDA:313,23,1,0
BRDA:327,24,0,1
BRDA:327,24,1,0
BRDA:341,25,0,0
BRDA:341,25,1,1
BRF:50
BRH:30
end_of_record
TN:
SF:/home/bryce/project/github/EasyAgile/website/api/policies/checkLogin.js
FN:13,checkLogin
FNF:1
FNH:1
FNDA:25,checkLogin
DA:13,1
DA:14,25
DA:18,25
DA:19,25
DA:25,0
LF:5
LH:4
BRDA:18,1,0,25
BRDA:18,1,1,0
BRF:2
BRH:1
end_of_record
TN:
SF:/home/bryce/project/github/EasyAgile/website/api/policies/checkNoUser.js
FN:13,checkNoUser
FNF:1
FNH:1
FNDA:23,checkNoUser
DA:13,1
DA:14,23
DA:18,23
DA:19,22
DA:24,1
LF:5
LH:5
BRDA:18,1,0,22
BRDA:18,1,1,1
BRF:2
BRH:2
end_of_record
TN:
SF:/home/bryce/project/github/EasyAgile/website/api/policies/checkNotLogin.js
FN:13,checkNotLogin
FNF:1
FNH:1
FNDA:13,checkNotLogin
DA:13,1
DA:14,13
DA:18,13
DA:19,13
DA:24,0
DA:25,0
LF:6
LH:4
BRDA:18,1,0,13
BRDA:18,1,1,0
BRF:2
BRH:1
end_of_record
TN:
SF:/home/bryce/project/github/EasyAgile/website/api/policies/checkUser.js
FN:13,checkUser
FNF:1
FNH:1
FNDA:153,checkUser
DA:13,1
DA:14,153
DA:18,153
DA:19,152
DA:24,1
LF:5
LH:5
BRDA:18,1,0,152
BRDA:18,1,1,1
BRF:2
BRH:2
end_of_record
TN:
SF:/home/bryce/project/github/EasyAgile/website/api/policies/flashMessage.js
FN:11,flashMessage
FN:22,(anonymous_2)
FNF:2
FNH:1
FNDA:14,flashMessage
FNDA:0,(anonymous_2)
DA:11,1
DA:12,14
DA:22,14
DA:23,0
DA:24,0
DA:27,0
DA:35,14
DA:37,14
DA:39,0
DA:42,0
DA:46,14
DA:49,14
DA:51,14
LF:13
LH:8
BRDA:23,1,0,0
BRDA:23,1,1,0
BRDA:24,2,0,0
BRDA:24,2,1,0
BRDA:35,3,0,14
BRDA:35,3,1,2
BRDA:37,4,0,0
BRDA:37,4,1,14
BRDA:37,5,0,14
BRDA:37,5,1,14
BRDA:46,6,0,14
BRDA:46,6,1,0
BRF:12
BRH:6
end_of_record
TN:
SF:/home/bryce/project/github/EasyAgile/website/api/policies/hasProjectAccess.js
FN:20,hasProjectAccess
FN:27,(anonymous_2)
FNF:2
FNH:2
FNDA:74,hasProjectAccess
FNDA:74,(anonymous_2)
DA:20,1
DA:21,74
DA:23,74
DA:27,74
DA:28,74
DA:29,14
DA:32,60
DA:33,60
LF:8
LH:8
BRDA:23,1,0,74
BRDA:23,1,1,74
BRDA:28,2,0,14
BRDA:28,2,1,60
BRF:4
BRH:4
end_of_record
TN:
SF:/home/bryce/project/github/EasyAgile/website/api/policies/hasProjectAdmin.js
FN:20,hasProjectAdmin
FN:27,(anonymous_2)
FNF:2
FNH:2
FNDA:34,hasProjectAdmin
FNDA:34,(anonymous_2)
DA:20,1
DA:21,34
DA:23,34
DA:27,34
DA:28,34
DA:29,0
DA:32,34
DA:33,34
LF:8
LH:7
BRDA:28,1,0,0
BRDA:28,1,1,34
BRF:2
BRH:1
end_of_record
TN:
SF:/home/bryce/project/github/EasyAgile/website/api/policies/hasProjectOwner.js
FN:20,hasProjectOwner
FN:27,(anonymous_2)
FNF:2
FNH:2
FNDA:3,hasProjectOwner
FNDA:3,(anonymous_2)
DA:20,1
DA:21,3
DA:23,3
DA:27,3
DA:28,3
DA:29,1
DA:32,2
DA:33,2
LF:8
LH:8
BRDA:28,1,0,1
BRDA:28,1,1,2
BRF:2
BRH:2
end_of_record
TN:
SF:/home/bryce/project/github/EasyAgile/website/api/policies/hasTaskOwnerOrAdmin.js
FN:20,hasTaskOwnerOrAdmin
FN:30,(anonymous_2)
FN:31,(anonymous_3)
FN:43,(anonymous_4)
FN:45,(anonymous_5)
FN:55,(anonymous_6)
FNF:6
FNH:6
FNDA:9,hasTaskOwnerOrAdmin
FNDA:9,(anonymous_2)
FNDA:9,(anonymous_3)
FNDA:9,(anonymous_4)
FNDA:9,(anonymous_5)
FNDA:9,(anonymous_6)
DA:20,1
DA:21,9
DA:23,9
DA:28,9
DA:29,9
DA:31,9
DA:32,9
DA:34,9
DA:38,0
DA:40,9
DA:44,9
DA:45,9
DA:46,9
DA:47,0
DA:50,9
DA:51,9
DA:56,9
DA:57,9
DA:58,9
DA:59,9
LF:20
LH:18
BRDA:32,1,0,0
BRDA:32,1,1,9
BRDA:38,2,0,0
BRDA:38,2,1,0
BRDA:44,3,0,0
BRDA:44,3,1,9
BRDA:46,4,0,0
BRDA:46,4,1,9
BRDA:56,5,0,0
BRDA:56,5,1,9
BRDA:57,6,0,0
BRDA:57,6,1,9
BRF:12
BRH:5
end_of_record
TN:
SF:/home/bryce/project/github/EasyAgile/website/api/policies/sprintInProject.js
FN:20,sprintInProject
FN:27,(anonymous_2)
FNF:2
FNH:2
FNDA:25,sprintInProject
FNDA:25,(anonymous_2)
DA:20,1
DA:21,25
DA:23,25
DA:27,25
DA:28,25
DA:29,0
DA:32,25
DA:33,25
DA:34,25
DA:36,0
LF:10
LH:8
BRDA:28,1,0,0
BRDA:28,1,1,25
BRDA:32,2,0,25
BRDA:32,2,1,0
BRF:4
BRH:2
end_of_record
TN:
SF:/home/bryce/project/github/EasyAgile/website/api/policies/taskInSprint.js
FN:20,taskInSprint
FN:27,(anonymous_2)
FNF:2
FNH:2
FNDA:13,taskInSprint
FNDA:13,(anonymous_2)
DA:20,1
DA:21,13
DA:23,13
DA:27,13
DA:28,13
DA:29,0
DA:32,13
DA:33,13
DA:34,13
DA:36,0
LF:10
LH:8
BRDA:28,1,0,0
BRDA:28,1,1,13
BRDA:32,2,0,13
BRDA:32,2,1,0
BRF:4
BRH:2
end_of_record
TN:
SF:/home/bryce/project/github/EasyAgile/website/api/policies/validateProjectisAlive.js
FN:20,validateProjectisAlive
FN:26,(anonymous_2)
FNF:2
FNH:2
FNDA:74,validateProjectisAlive
FNDA:74,(anonymous_2)
DA:20,1
DA:21,74
DA:23,74
DA:26,74
DA:27,74
DA:28,2
DA:31,72
DA:32,0
DA:33,0
DA:35,72
DA:36,72
LF:11
LH:9
BRDA:27,1,0,2
BRDA:27,1,1,72
BRDA:31,2,0,0
BRDA:31,2,1,72
BRF:4
BRH:3
end_of_record
TN:
SF:/home/bryce/project/github/EasyAgile/website/api/policies/validateTaskOwner.js
FN:20,validateTaskOwner
FN:34,(anonymous_2)
FN:37,(anonymous_3)
FN:38,(anonymous_4)
FN:50,(anonymous_5)
FNF:5
FNH:1
FNDA:10,validateTaskOwner
FNDA:0,(anonymous_2)
FNDA:0,(anonymous_3)
FNDA:0,(anonymous_4)
FNDA:0,(anonymous_5)
DA:20,1
DA:21,10
DA:23,10
DA:24,10
DA:26,10
DA:28,10
DA:29,10
DA:32,0
DA:33,0
DA:35,0
DA:38,0
DA:39,0
DA:40,0
DA:41,0
DA:42,0
DA:43,0
DA:44,0
DA:45,0
DA:48,0
DA:51,0
DA:52,0
DA:53,0
DA:54,0
LF:23
LH:7
BRDA:26,1,0,10
BRDA:26,1,1,0
BRDA:26,2,0,10
BRDA:26,2,1,0
BRDA:40,3,0,0
BRDA:40,3,1,0
BRDA:42,4,0,0
BRDA:42,4,1,0
BRDA:43,5,0,0
BRDA:43,5,1,0
BRDA:51,6,0,0
BRDA:51,6,1,0
BRDA:52,7,0,0
BRDA:52,7,1,0
BRF:14
BRH:2
end_of_record
TN:
SF:/home/bryce/project/github/EasyAgile/website/api/policies/validateURLID.js
FN:20,validateURLID
FN:36,(anonymous_2)
FNF:2
FNH:2
FNDA:151,validateURLID
FNDA:1812,(anonymous_2)
DA:20,1
DA:21,151
DA:23,151
DA:24,151
DA:36,151
DA:37,1812
DA:38,16
DA:40,151
DA:41,136
DA:42,136
DA:44,15
DA:45,15
LF:12
LH:12
BRDA:37,1,0,16
BRDA:37,1,1,1796
BRDA:37,2,0,1812
BRDA:37,2,1,240
BRDA:40,3,0,136
BRDA:40,3,1,15
BRF:6
BRH:6
end_of_record
TN:
SF:/home/bryce/project/github/EasyAgile/website/api/services/AuthService.js
FN:26,(anonymous_1)
FN:44,(anonymous_2)
FN:56,(anonymous_3)
FN:59,(anonymous_4)
FN:74,(anonymous_5)
FN:76,(anonymous_6)
FN:77,(anonymous_7)
FN:82,(anonymous_8)
FN:104,(anonymous_9)
FN:107,(anonymous_10)
FN:108,(anonymous_11)
FN:113,(anonymous_12)
FN:135,(anonymous_13)
FN:137,(anonymous_14)
FN:138,(anonymous_15)
FN:143,(anonymous_16)
FNF:16
FNH:12
FNDA:0,(anonymous_1)
FNDA:0,(anonymous_2)
FNDA:0,(anonymous_3)
FNDA:0,(anonymous_4)
FNDA:43,(anonymous_5)
FNDA:43,(anonymous_6)
FNDA:43,(anonymous_7)
FNDA:43,(anonymous_8)
FNDA:76,(anonymous_9)
FNDA:76,(anonymous_10)
FNDA:76,(anonymous_11)
FNDA:62,(anonymous_12)
FNDA:3,(anonymous_13)
FNDA:3,(anonymous_14)
FNDA:3,(anonymous_15)
FNDA:2,(anonymous_16)
DA:12,1
DA:13,1
DA:16,1
DA:26,1
DA:27,0
DA:30,0
DA:32,0
DA:44,1
DA:45,0
DA:47,0
DA:56,1
DA:57,0
DA:59,0
DA:60,0
DA:61,0
DA:64,0
DA:74,1
DA:75,43
DA:77,43
DA:78,43
DA:79,43
DA:83,43
DA:85,43
DA:86,43
DA:88,43
DA:89,43
DA:90,0
DA:92,43
DA:93,43
DA:104,1
DA:105,76
DA:106,76
DA:108,76
DA:109,76
DA:110,62
DA:114,62
DA:116,62
DA:117,62
DA:119,62
DA:120,62
DA:121,0
DA:123,62
DA:124,62
DA:135,1
DA:136,3
DA:138,3
DA:139,3
DA:140,2
DA:144,2
DA:146,2
DA:147,2
DA:149,2
DA:150,2
LF:53
LH:41
BRDA:60,1,0,0
BRDA:60,1,1,0
BRDA:78,2,0,0
BRDA:78,2,1,43
BRDA:85,3,0,43
BRDA:85,3,1,0
BRDA:89,4,0,0
BRDA:89,4,1,43
BRDA:89,5,0,43
BRDA:89,5,1,0
BRDA:92,6,0,0
BRDA:92,6,1,43
BRDA:109,7,0,14
BRDA:109,7,1,62
BRDA:116,8,0,62
BRDA:116,8,1,0
BRDA:120,9,0,0
BRDA:120,9,1,62
BRDA:123,10,0,0
BRDA:123,10,1,62
BRDA:139,11,0,1
BRDA:139,11,1,2
BRDA:146,12,0,2
BRDA:146,12,1,0
BRDA:149,13,0,0
BRDA:149,13,1,2
BRF:26
BRH:14
end_of_record
TN:
SF:/home/bryce/project/github/EasyAgile/website/api/services/DataService.js
FN:30,(anonymous_1)
FN:53,(anonymous_2)
FN:55,(anonymous_3)
FN:63,(anonymous_4)
FN:64,(anonymous_5)
FN:71,(anonymous_6)
FN:82,(anonymous_7)
FN:84,(anonymous_8)
FN:92,(anonymous_9)
FN:96,(anonymous_10)
FN:104,(anonymous_11)
FN:111,(anonymous_12)
FN:115,(anonymous_13)
FN:118,(anonymous_14)
FN:125,(anonymous_15)
FN:130,(anonymous_16)
FN:137,(anonymous_17)
FN:144,(anonymous_18)
FN:151,(anonymous_19)
FN:154,(anonymous_20)
FN:157,(anonymous_21)
FN:164,(anonymous_22)
FN:166,(anonymous_23)
FN:173,(anonymous_24)
FN:174,(anonymous_25)
FN:181,(anonymous_26)
FN:185,(anonymous_27)
FN:188,(anonymous_28)
FN:195,(anonymous_29)
FN:198,(anonymous_30)
FN:201,(anonymous_31)
FN:208,(anonymous_32)
FN:209,(anonymous_33)
FN:216,(anonymous_34)
FNF:34
FNH:34
FNDA:45,(anonymous_1)
FNDA:29,(anonymous_2)
FNDA:29,(anonymous_3)
FNDA:2,(anonymous_4)
FNDA:2,(anonymous_5)
FNDA:22,(anonymous_6)
FNDA:26,(anonymous_7)
FNDA:26,(anonymous_8)
FNDA:280,(anonymous_9)
FNDA:280,(anonymous_10)
FNDA:15,(anonymous_11)
FNDA:15,(anonymous_12)
FNDA:12,(anonymous_13)
FNDA:15,(anonymous_14)
FNDA:5,(anonymous_15)
FNDA:5,(anonymous_16)
FNDA:25,(anonymous_17)
FNDA:13,(anonymous_18)
FNDA:25,(anonymous_19)
FNDA:25,(anonymous_20)
FNDA:25,(anonymous_21)
FNDA:34,(anonymous_22)
FNDA:34,(anonymous_23)
FNDA:23,(anonymous_24)
FNDA:23,(anonymous_25)
FNDA:2,(anonymous_26)
FNDA:2,(anonymous_27)
FNDA:2,(anonymous_28)
FNDA:13,(anonymous_29)
FNDA:13,(anonymous_30)
FNDA:13,(anonymous_31)
FNDA:3,(anonymous_32)
FNDA:3,(anonymous_33)
FNDA:3,(anonymous_34)
DA:20,1
DA:21,1
DA:22,1
DA:23,1
DA:24,1
DA:25,1
DA:26,1
DA:27,1
DA:28,1
DA:30,1
DA:31,45
DA:32,45
DA:33,45
DA:34,356
DA:35,44
DA:38,1
DA:40,0
DA:41,0
DA:45,1
DA:53,1
DA:55,29
DA:56,29
DA:57,29
DA:58,28
DA:63,1
DA:64,2
DA:65,2
DA:66,2
DA:67,2
DA:71,1
DA:72,22
DA:79,22
DA:82,1
DA:84,26
DA:85,26
DA:86,0
DA:88,26
DA:92,1
DA:94,280
DA:97,280
DA:98,280
DA:99,263
DA:104,1
DA:106,15
DA:112,15
DA:113,15
DA:115,15
DA:116,12
DA:118,15
DA:119,15
DA:120,15
DA:125,1
DA:127,5
DA:131,5
DA:132,5
DA:133,5
DA:137,1
DA:139,25
DA:140,25
DA:141,25
DA:144,1
DA:146,13
DA:147,13
DA:148,13
DA:151,1
DA:153,25
DA:155,25
DA:158,25
DA:159,25
DA:164,1
DA:166,34
DA:167,34
DA:168,34
DA:169,34
DA:173,1
DA:174,23
DA:175,23
DA:176,23
DA:177,22
DA:181,1
DA:183,2
DA:186,2
DA:187,2
DA:188,2
DA:189,2
DA:190,2
DA:195,1
DA:197,13
DA:199,13
DA:202,13
DA:203,13
DA:208,1
DA:209,3
DA:210,3
DA:211,3
DA:212,3
DA:216,1
DA:218,3
DA:219,3
DA:220,3
LF:100
LH:97
BRDA:34,1,0,44
BRDA:34,1,1,312
BRDA:56,2,0,0
BRDA:56,2,1,29
BRDA:57,3,0,1
BRDA:57,3,1,28
BRDA:65,4,0,0
BRDA:65,4,1,2
BRDA:66,5,0,0
BRDA:66,5,1,2
BRDA:85,6,0,0
BRDA:85,6,1,26
BRDA:97,7,0,0
BRDA:97,7,1,280
BRDA:98,8,0,17
BRDA:98,8,1,263
BRDA:112,9,0,0
BRDA:112,9,1,15
BRDA:113,10,0,0
BRDA:113,10,1,15
BRDA:116,11,0,1
BRDA:116,11,1,11
BRDA:119,12,0,0
BRDA:119,12,1,15
BRDA:131,13,0,0
BRDA:131,13,1,5
BRDA:132,14,0,0
BRDA:132,14,1,5
BRDA:140,15,0,0
BRDA:140,15,1,25
BRDA:147,16,0,0
BRDA:147,16,1,13
BRDA:167,17,0,0
BRDA:167,17,1,34
BRDA:168,18,0,0
BRDA:168,18,1,34
BRDA:175,19,0,0
BRDA:175,19,1,23
BRDA:176,20,0,1
BRDA:176,20,1,22
BRDA:186,21,0,0
BRDA:186,21,1,2
BRDA:187,22,0,0
BRDA:187,22,1,2
BRDA:189,23,0,0
BRDA:189,23,1,2
BRDA:210,24,0,0
BRDA:210,24,1,3
BRDA:211,25,0,0
BRDA:211,25,1,3
BRDA:219,26,0,0
BRDA:219,26,1,3
BRF:52
BRH:31
end_of_record
TN:
SF:/home/bryce/project/github/EasyAgile/website/api/schemas/projectSchema.js
FNF:0
FNH:0
DA:1,1
DA:2,1
DA:3,1
DA:5,1
DA:77,1
LF:5
LH:5
BRF:0
BRH:0
end_of_record
TN:
SF:/home/bryce/project/github/EasyAgile/website/api/schemas/userSchema.js
FNF:0
FNH:0
DA:1,1
DA:2,1
DA:3,1
DA:5,1
DA:50,1
LF:5
LH:5
BRF:0
BRH:0
end_of_record
TN:
SF:/home/bryce/project/github/EasyAgile/website/api/schemas/sprintSchema.js
FNF:0
FNH:0
DA:1,1
DA:2,1
DA:3,1
DA:5,1
DA:61,1
LF:5
LH:5
BRF:0
BRH:0
end_of_record
TN:
SF:/home/bryce/project/github/EasyAgile/website/api/schemas/taskSchema.js
FNF:0
FNH:0
DA:1,1
DA:2,1
DA:3,1
DA:5,1
DA:37,1
LF:5
LH:5
BRF:0
BRH:0
end_of_record
TN:
SF:/home/bryce/project/github/EasyAgile/website/api/schemas/topicSchema.js
FNF:0
FNH:0
DA:1,1
DA:2,1
DA:3,1
DA:6,1
DA:22,1
LF:5
LH:5
BRF:0
BRH:0
end_of_record
TN:
SF:/home/bryce/project/github/EasyAgile/website/api/services/EditorService.js
FN:8,(anonymous_1)
FN:10,(anonymous_2)
FN:13,(anonymous_3)
FN:21,(anonymous_4)
FN:24,(anonymous_5)
FN:27,(anonymous_6)
FN:37,(anonymous_7)
FN:45,(anonymous_8)
FN:47,(anonymous_9)
FN:49,(anonymous_10)
FN:52,(anonymous_11)
FN:65,(anonymous_12)
FNF:12
FNH:11
FNDA:1,(anonymous_1)
FNDA:1,(anonymous_2)
FNDA:35,(anonymous_3)
FNDA:1,(anonymous_4)
FNDA:1,(anonymous_5)
FNDA:1,(anonymous_6)
FNDA:1,(anonymous_7)
FNDA:0,(anonymous_8)
FNDA:2,(anonymous_9)
FNDA:2,(anonymous_10)
FNDA:2,(anonymous_11)
FNDA:1,(anonymous_12)
DA:2,1
DA:3,1
DA:4,1
DA:5,1
DA:6,1
DA:8,1
DA:10,1
DA:11,1
DA:13,1
DA:14,35
DA:16,1
DA:21,1
DA:23,1
DA:25,1
DA:28,1
DA:32,1
DA:37,1
DA:38,1
DA:39,1
DA:45,1
DA:47,1
DA:48,2
DA:50,2
DA:53,2
DA:54,2
DA:58,1
DA:63,1
DA:65,1
DA:66,1
DA:67,1
LF:30
LH:30
BRDA:11,1,0,0
BRDA:11,1,1,1
BRDA:38,2,0,0
BRDA:38,2,1,1
BRDA:54,3,0,1
BRDA:54,3,1,1
BRDA:66,4,0,0
BRDA:66,4,1,1
BRF:8
BRH:5
end_of_record
TN:
SF:/home/bryce/project/github/EasyAgile/website/api/services/ErrorService.js
FN:212,(anonymous_1)
FN:219,(anonymous_2)
FNF:2
FNH:2
FNDA:70,(anonymous_1)
FNDA:10,(anonymous_2)
DA:8,1
DA:10,1
DA:14,1
DA:20,1
DA:26,1
DA:32,1
DA:38,1
DA:44,1
DA:50,1
DA:56,1
DA:62,1
DA:68,1
DA:74,1
DA:80,1
DA:86,1
DA:92,1
DA:98,1
DA:104,1
DA:110,1
DA:116,1
DA:122,1
DA:128,1
DA:134,1
DA:140,1
DA:146,1
DA:151,1
DA:156,1
DA:161,1
DA:166,1
DA:171,1
DA:176,1
DA:181,1
DA:186,1
DA:191,1
DA:196,1
DA:201,1
DA:206,1
DA:212,1
DA:214,70
DA:215,70
DA:216,70
DA:219,1
DA:221,10
DA:222,10
DA:223,10
DA:224,10
LF:46
LH:46
BRF:0
BRH:0
end_of_record
TN:
SF:/home/bryce/project/github/EasyAgile/website/api/services/FileService.js
FN:8,(anonymous_1)
FN:11,(anonymous_2)
FN:14,(anonymous_3)
FN:15,(anonymous_4)
FN:23,(anonymous_5)
FN:27,(anonymous_6)
FN:28,(anonymous_7)
FN:30,(anonymous_8)
FN:40,(anonymous_9)
FN:43,(anonymous_10)
FN:47,(anonymous_11)
FN:55,(anonymous_12)
FN:59,(anonymous_13)
FN:79,(anonymous_14)
FN:84,(anonymous_15)
FN:85,(anonymous_16)
FN:87,(anonymous_17)
FN:97,(anonymous_18)
FN:102,(anonymous_19)
FN:105,(anonymous_20)
FN:108,(anonymous_21)
FN:112,(anonymous_22)
FN:128,(anonymous_23)
FN:134,(anonymous_24)
FN:148,(anonymous_25)
FN:150,(anonymous_26)
FN:162,(anonymous_27)
FN:165,(anonymous_28)
FN:169,(anonymous_29)
FN:172,(anonymous_30)
FN:173,(anonymous_31)
FN:180,(anonymous_32)
FN:191,(anonymous_33)
FN:201,(anonymous_34)
FN:205,(anonymous_35)
FN:206,(anonymous_36)
FN:208,(anonymous_37)
FN:218,(anonymous_38)
FN:221,(anonymous_39)
FN:225,(anonymous_40)
FN:233,(anonymous_41)
FN:234,(anonymous_42)
FN:239,(anonymous_43)
FNF:43
FNH:12
FNDA:3,(anonymous_1)
FNDA:3,(anonymous_2)
FNDA:3,(anonymous_3)
FNDA:3,(anonymous_4)
FNDA:1,(anonymous_5)
FNDA:0,(anonymous_6)
FNDA:0,(anonymous_7)
FNDA:0,(anonymous_8)
FNDA:0,(anonymous_9)
FNDA:0,(anonymous_10)
FNDA:0,(anonymous_11)
FNDA:0,(anonymous_12)
FNDA:0,(anonymous_13)
FNDA:0,(anonymous_14)
FNDA:0,(anonymous_15)
FNDA:0,(anonymous_16)
FNDA:0,(anonymous_17)
FNDA:0,(anonymous_18)
FNDA:0,(anonymous_19)
FNDA:0,(anonymous_20)
FNDA:0,(anonymous_21)
FNDA:0,(anonymous_22)
FNDA:0,(anonymous_23)
FNDA:0,(anonymous_24)
FNDA:1,(anonymous_25)
FNDA:1,(anonymous_26)
FNDA:0,(anonymous_27)
FNDA:0,(anonymous_28)
FNDA:1,(anonymous_29)
FNDA:1,(anonymous_30)
FNDA:1,(anonymous_31)
FNDA:1,(anonymous_32)
FNDA:0,(anonymous_33)
FNDA:1,(anonymous_34)
FNDA:0,(anonymous_35)
FNDA:0,(anonymous_36)
FNDA:0,(anonymous_37)
FNDA:0,(anonymous_38)
FNDA:0,(anonymous_39)
FNDA:0,(anonymous_40)
FNDA:0,(anonymous_41)
FNDA:0,(anonymous_42)
FNDA:0,(anonymous_43)
DA:2,1
DA:3,1
DA:4,1
DA:5,1
DA:6,1
DA:7,1
DA:8,1
DA:10,3
DA:12,3
DA:15,3
DA:16,3
DA:17,3
DA:23,1
DA:24,1
DA:25,1
DA:26,0
DA:28,0
DA:29,0
DA:30,0
DA:31,0
DA:32,0
DA:36,0
DA:41,0
DA:42,0
DA:43,0
DA:44,0
DA:45,0
DA:47,0
DA:48,0
DA:49,0
DA:57,0
DA:60,0
DA:69,0
DA:74,0
DA:79,1
DA:80,0
DA:81,0
DA:82,0
DA:83,0
DA:85,0
DA:86,0
DA:87,0
DA:88,0
DA:89,0
DA:93,0
DA:99,0
DA:103,0
DA:105,0
DA:106,0
DA:107,0
DA:108,0
DA:109,0
DA:110,0
DA:112,0
DA:113,0
DA:115,0
DA:121,0
DA:129,0
DA:130,0
DA:138,0
DA:143,0
DA:148,1
DA:150,1
DA:151,1
DA:152,1
DA:153,1
DA:157,0
DA:162,0
DA:163,0
DA:164,0
DA:169,1
DA:171,1
DA:173,1
DA:174,1
DA:175,1
DA:177,1
DA:181,1
DA:185,0
DA:190,0
DA:191,0
DA:192,0
DA:193,0
DA:201,1
DA:202,1
DA:203,1
DA:204,0
DA:206,0
DA:207,0
DA:208,0
DA:209,0
DA:210,0
DA:214,0
DA:219,0
DA:220,0
DA:221,0
DA:222,0
DA:223,0
DA:225,0
DA:226,0
DA:227,0
DA:234,0
DA:235,0
DA:236,0
DA:237,0
DA:238,0
DA:239,0
DA:240,0
DA:241,0
LF:108
LH:31
BRDA:16,1,0,0
BRDA:16,1,1,3
BRDA:25,2,0,1
BRDA:25,2,1,0
BRDA:29,3,0,0
BRDA:29,3,1,0
BRDA:31,4,0,0
BRDA:31,4,1,0
BRDA:44,5,0,0
BRDA:44,5,1,0
BRDA:48,6,0,0
BRDA:48,6,1,0
BRDA:80,7,0,0
BRDA:80,7,1,0
BRDA:80,8,0,0
BRDA:80,8,1,0
BRDA:86,9,0,0
BRDA:86,9,1,0
BRDA:88,10,0,0
BRDA:88,10,1,0
BRDA:109,11,0,0
BRDA:109,11,1,0
BRDA:113,12,0,0
BRDA:113,12,1,0
BRDA:129,13,0,0
BRDA:129,13,1,0
BRDA:151,14,0,0
BRDA:151,14,1,1
BRDA:153,15,0,1
BRDA:153,15,1,0
BRDA:174,16,0,0
BRDA:174,16,1,1
BRDA:181,17,0,1
BRDA:181,17,1,0
BRDA:192,18,0,0
BRDA:192,18,1,0
BRDA:203,19,0,1
BRDA:203,19,1,0
BRDA:207,20,0,0
BRDA:207,20,1,0
BRDA:209,21,0,0
BRDA:209,21,1,0
BRDA:222,22,0,0
BRDA:222,22,1,0
BRDA:226,23,0,0
BRDA:226,23,1,0
BRDA:235,24,0,0
BRDA:235,24,1,0
BRDA:237,25,0,0
BRDA:237,25,1,0
BRDA:240,26,0,0
BRDA:240,26,1,0
BRF:52
BRH:7
end_of_record
TN:
SF:/home/bryce/project/github/EasyAgile/website/api/services/HistoryService.js
FN:62,(anonymous_1)
FN:63,(anonymous_2)
FN:65,(anonymous_3)
FN:72,(anonymous_4)
FN:73,(anonymous_5)
FN:80,(anonymous_6)
FN:87,(anonymous_7)
FN:88,(anonymous_8)
FN:90,(anonymous_9)
FN:97,(anonymous_10)
FN:98,(anonymous_11)
FN:100,(anonymous_12)
FNF:12
FNH:12
FNDA:1,(anonymous_1)
FNDA:1,(anonymous_2)
FNDA:1,(anonymous_3)
FNDA:1,(anonymous_4)
FNDA:1,(anonymous_5)
FNDA:1,(anonymous_6)
FNDA:1,(anonymous_7)
FNDA:1,(anonymous_8)
FNDA:1,(anonymous_9)
FNDA:1,(anonymous_10)
FNDA:1,(anonymous_11)
FNDA:1,(anonymous_12)
DA:6,1
DA:7,1
DA:8,1
DA:9,1
DA:10,1
DA:11,1
DA:41,1
DA:50,1
DA:58,1
DA:59,1
DA:60,1
DA:62,1
DA:63,1
DA:64,1
DA:65,1
DA:66,1
DA:67,1
DA:72,1
DA:73,1
DA:74,1
DA:75,1
DA:76,1
DA:77,1
DA:78,1
DA:79,1
DA:80,1
DA:81,1
DA:82,1
DA:87,1
DA:88,1
DA:89,1
DA:90,1
DA:91,1
DA:92,1
DA:97,1
DA:98,1
DA:99,1
DA:100,1
DA:101,1
DA:102,1
LF:40
LH:40
BRDA:64,1,0,0
BRDA:64,1,1,1
BRDA:66,2,0,0
BRDA:66,2,1,1
BRDA:76,3,0,0
BRDA:76,3,1,1
BRDA:77,4,0,0
BRDA:77,4,1,1
BRDA:77,5,0,1
BRDA:77,5,1,1
BRDA:78,6,0,0
BRDA:78,6,1,1
BRDA:78,7,0,1
BRDA:78,7,1,1
BRDA:79,8,0,0
BRDA:79,8,1,1
BRDA:81,9,0,0
BRDA:81,9,1,1
BRDA:89,10,0,0
BRDA:89,10,1,1
BRDA:91,11,0,0
BRDA:91,11,1,1
BRDA:99,12,0,0
BRDA:99,12,1,1
BRDA:101,13,0,0
BRDA:101,13,1,1
BRF:26
BRH:15
end_of_record
TN:
SF:/home/bryce/project/github/EasyAgile/website/api/services/MessageService.js
FN:27,(anonymous_1)
FN:29,(anonymous_2)
FN:31,(anonymous_3)
FN:32,(anonymous_4)
FN:39,(anonymous_5)
FNF:5
FNH:3
FNDA:0,(anonymous_1)
FNDA:0,(anonymous_2)
FNDA:8,(anonymous_3)
FNDA:8,(anonymous_4)
FNDA:8,(anonymous_5)
DA:6,1
DA:8,1
DA:25,1
DA:27,1
DA:29,1
DA:31,1
DA:32,8
DA:33,8
DA:34,8
DA:39,8
DA:40,8
DA:41,8
DA:42,8
LF:13
LH:13
BRDA:33,1,0,0
BRDA:33,1,1,8
BRDA:40,2,0,0
BRDA:40,2,1,8
BRF:4
BRH:2
end_of_record
TN:
SF:/home/bryce/project/github/EasyAgile/website/api/services/SocketService.js
FN:2,(anonymous_1)
FN:7,(anonymous_2)
FN:12,(anonymous_3)
FN:17,(anonymous_4)
FNF:4
FNH:4
FNDA:21,(anonymous_1)
FNDA:1,(anonymous_2)
FNDA:3,(anonymous_3)
FNDA:8,(anonymous_4)
DA:2,1
DA:4,21
DA:7,1
DA:9,1
DA:12,1
DA:14,3
DA:17,1
DA:18,8
DA:19,8
LF:9
LH:9
BRF:0
BRH:0
end_of_record
TN:
SF:/home/bryce/project/github/EasyAgile/website/api/services/StoryService.js
FN:8,(anonymous_1)
FN:10,(anonymous_2)
FN:15,(anonymous_3)
FN:20,(anonymous_4)
FN:33,(anonymous_5)
FN:45,(anonymous_6)
FN:47,(anonymous_7)
FN:50,(anonymous_8)
FN:55,(anonymous_9)
FN:59,(anonymous_10)
FN:72,(anonymous_11)
FN:74,(anonymous_12)
FN:78,(anonymous_13)
FN:83,(anonymous_14)
FN:87,(anonymous_15)
FN:99,(anonymous_16)
FN:101,(anonymous_17)
FN:103,(anonymous_18)
FN:105,(anonymous_19)
FN:114,(anonymous_20)
FN:117,(anonymous_21)
FN:122,(anonymous_22)
FN:134,(anonymous_23)
FN:136,(anonymous_24)
FN:140,(anonymous_25)
FN:145,(anonymous_26)
FN:163,(anonymous_27)
FN:175,(anonymous_28)
FN:177,(anonymous_29)
FN:181,(anonymous_30)
FN:186,(anonymous_31)
FN:201,(anonymous_32)
FNF:32
FNH:27
FNDA:4,(anonymous_1)
FNDA:4,(anonymous_2)
FNDA:2,(anonymous_3)
FNDA:2,(anonymous_4)
FNDA:2,(anonymous_5)
FNDA:0,(anonymous_6)
FNDA:0,(anonymous_7)
FNDA:0,(anonymous_8)
FNDA:0,(anonymous_9)
FNDA:0,(anonymous_10)
FNDA:2,(anonymous_11)
FNDA:2,(anonymous_12)
FNDA:2,(anonymous_13)
FNDA:2,(anonymous_14)
FNDA:2,(anonymous_15)
FNDA:2,(anonymous_16)
FNDA:1,(anonymous_17)
FNDA:1,(anonymous_18)
FNDA:1,(anonymous_19)
FNDA:1,(anonymous_20)
FNDA:1,(anonymous_21)
FNDA:1,(anonymous_22)
FNDA:4,(anonymous_23)
FNDA:4,(anonymous_24)
FNDA:4,(anonymous_25)
FNDA:4,(anonymous_26)
FNDA:2,(anonymous_27)
FNDA:4,(anonymous_28)
FNDA:4,(anonymous_29)
FNDA:4,(anonymous_30)
FNDA:4,(anonymous_31)
FNDA:2,(anonymous_32)
DA:2,1
DA:3,1
DA:4,1
DA:5,1
DA:8,1
DA:10,4
DA:11,4
DA:12,4
DA:13,2
DA:17,2
DA:22,2
DA:26,2
DA:27,1
DA:33,2
DA:34,2
DA:35,2
DA:45,1
DA:47,0
DA:48,0
DA:52,0
DA:57,0
DA:59,0
DA:60,0
DA:61,0
DA:72,1
DA:74,2
DA:76,2
DA:80,2
DA:85,2
DA:87,2
DA:88,2
DA:89,2
DA:99,1
DA:100,2
DA:101,1
DA:102,1
DA:104,1
DA:105,1
DA:106,1
DA:107,1
DA:114,1
DA:115,1
DA:119,1
DA:124,1
DA:134,1
DA:136,4
DA:138,4
DA:142,4
DA:147,4
DA:148,4
DA:150,2
DA:151,2
DA:152,2
DA:156,2
DA:157,0
DA:163,2
DA:164,2
DA:165,2
DA:175,1
DA:177,4
DA:179,4
DA:183,4
DA:188,4
DA:189,4
DA:193,2
DA:194,1
DA:199,2
DA:201,2
DA:202,2
DA:203,2
LF:70
LH:62
BRDA:12,1,0,2
BRDA:12,1,1,2
BRDA:12,2,0,4
BRDA:12,2,1,2
BRDA:26,3,0,1
BRDA:26,3,1,1
BRDA:34,4,0,0
BRDA:34,4,1,2
BRDA:60,5,0,0
BRDA:60,5,1,0
BRDA:88,6,0,0
BRDA:88,6,1,2
BRDA:100,7,0,1
BRDA:100,7,1,1
BRDA:104,8,0,0
BRDA:104,8,1,1
BRDA:106,9,0,0
BRDA:106,9,1,1
BRDA:148,10,0,2
BRDA:148,10,1,2
BRDA:150,11,0,2
BRDA:150,11,1,1
BRDA:151,12,0,2
BRDA:151,12,1,2
BRDA:156,13,0,0
BRDA:156,13,1,2
BRDA:156,14,0,2
BRDA:156,14,1,1
BRDA:164,15,0,0
BRDA:164,15,1,2
BRDA:189,16,0,2
BRDA:189,16,1,2
BRDA:193,17,0,1
BRDA:193,17,1,1
BRDA:202,18,0,0
BRDA:202,18,1,2
BRF:36
BRH:27
end_of_record
TN:
SF:/home/bryce/project/github/EasyAgile/website/api/services/backlogService.js
FN:15,(anonymous_1)
FN:17,(anonymous_2)
FN:21,(anonymous_3)
FN:26,(anonymous_4)
FN:41,(anonymous_5)
FN:52,(anonymous_6)
FN:54,(anonymous_7)
FN:58,(anonymous_8)
FN:63,(anonymous_9)
FN:84,(anonymous_10)
FN:95,(anonymous_11)
FN:97,(anonymous_12)
FN:101,(anonymous_13)
FN:106,(anonymous_14)
FN:115,(anonymous_15)
FN:117,(anonymous_16)
FN:121,(anonymous_17)
FN:126,(anonymous_18)
FN:130,(anonymous_19)
FN:141,(anonymous_20)
FN:143,(anonymous_21)
FN:147,(anonymous_22)
FN:152,(anonymous_23)
FN:169,(anonymous_24)
FN:180,(anonymous_25)
FN:182,(anonymous_26)
FN:186,(anonymous_27)
FN:191,(anonymous_28)
FN:194,(anonymous_29)
FNF:29
FNH:24
FNDA:3,(anonymous_1)
FNDA:3,(anonymous_2)
FNDA:3,(anonymous_3)
FNDA:3,(anonymous_4)
FNDA:3,(anonymous_5)
FNDA:2,(anonymous_6)
FNDA:2,(anonymous_7)
FNDA:2,(anonymous_8)
FNDA:2,(anonymous_9)
FNDA:2,(anonymous_10)
FNDA:1,(anonymous_11)
FNDA:1,(anonymous_12)
FNDA:1,(anonymous_13)
FNDA:1,(anonymous_14)
FNDA:0,(anonymous_15)
FNDA:0,(anonymous_16)
FNDA:0,(anonymous_17)
FNDA:0,(anonymous_18)
FNDA:0,(anonymous_19)
FNDA:2,(anonymous_20)
FNDA:2,(anonymous_21)
FNDA:2,(anonymous_22)
FNDA:2,(anonymous_23)
FNDA:2,(anonymous_24)
FNDA:1,(anonymous_25)
FNDA:1,(anonymous_26)
FNDA:1,(anonymous_27)
FNDA:1,(anonymous_28)
FNDA:1,(anonymous_29)
DA:1,1
DA:2,1
DA:3,1
DA:6,1
DA:15,1
DA:17,3
DA:19,3
DA:23,3
DA:27,3
DA:31,3
DA:32,3
DA:34,3
DA:40,3
DA:41,3
DA:42,3
DA:43,2
DA:52,1
DA:54,2
DA:56,2
DA:60,2
DA:65,2
DA:66,2
DA:68,2
DA:69,2
DA:70,2
DA:71,2
DA:72,2
DA:76,2
DA:77,2
DA:78,2
DA:84,2
DA:85,2
DA:86,1
DA:95,1
DA:97,1
DA:99,1
DA:103,1
DA:108,1
DA:115,1
DA:117,0
DA:119,0
DA:123,0
DA:128,0
DA:130,0
DA:131,0
DA:132,0
DA:141,1
DA:143,2
DA:145,2
DA:149,2
DA:154,2
DA:155,2
DA:156,2
DA:160,2
DA:161,2
DA:162,2
DA:168,2
DA:169,2
DA:170,2
DA:171,2
DA:180,1
DA:182,1
DA:184,1
DA:188,1
DA:193,1
DA:194,1
DA:195,1
DA:196,1
LF:68
LH:61
BRDA:27,1,0,3
BRDA:27,1,1,0
BRDA:32,2,0,0
BRDA:32,2,1,3
BRDA:42,3,0,1
BRDA:42,3,1,2
BRDA:66,4,0,0
BRDA:66,4,1,2
BRDA:72,5,0,2
BRDA:72,5,1,0
BRDA:77,6,0,0
BRDA:77,6,1,2
BRDA:85,7,0,1
BRDA:85,7,1,1
BRDA:131,8,0,0
BRDA:131,8,1,0
BRDA:155,9,0,0
BRDA:155,9,1,2
BRDA:156,10,0,2
BRDA:156,10,1,0
BRDA:161,11,0,0
BRDA:161,11,1,2
BRDA:170,12,0,0
BRDA:170,12,1,2
BRDA:195,13,0,0
BRDA:195,13,1,1
BRF:26
BRH:14
end_of_record
TN:
SF:/home/bryce/project/github/EasyAgile/website/api/services/errorDefine.js
FN:113,(anonymous_1)
FNF:1
FNH:0
FNDA:0,(anonymous_1)
DA:1,1
DA:5,1
DA:11,1
DA:17,1
DA:23,1
DA:29,1
DA:35,1
DA:41,1
DA:47,1
DA:53,1
DA:59,1
DA:65,1
DA:71,1
DA:77,1
DA:83,1
DA:89,1
DA:95,1
DA:101,1
DA:107,1
DA:113,1
DA:114,0
DA:115,0
DA:116,0
DA:117,0
LF:24
LH:20
BRDA:115,1,0,0
BRDA:115,1,1,0
BRDA:115,2,0,0
BRDA:115,2,1,0
BRDA:116,3,0,0
BRDA:116,3,1,0
BRF:6
BRH:0
end_of_record
TN:
SF:/home/bryce/project/github/EasyAgile/website/api/services/projectService.js
FN:10,(anonymous_1)
FN:14,(anonymous_2)
FN:19,(anonymous_3)
FN:33,(anonymous_4)
FN:39,(anonymous_5)
FN:41,(anonymous_6)
FN:47,(anonymous_7)
FN:51,(anonymous_8)
FN:56,(anonymous_9)
FN:69,(anonymous_10)
FN:78,(anonymous_11)
FN:80,(anonymous_12)
FN:99,(anonymous_13)
FN:110,(anonymous_14)
FN:112,(anonymous_15)
FN:123,(anonymous_16)
FN:129,(anonymous_17)
FN:134,(anonymous_18)
FN:136,(anonymous_19)
FN:147,(anonymous_20)
FN:153,(anonymous_21)
FN:158,(anonymous_22)
FN:160,(anonymous_23)
FN:165,(anonymous_24)
FN:175,(anonymous_25)
FN:178,(anonymous_26)
FN:185,(anonymous_27)
FN:187,makeDeleteQuery
FN:188,(anonymous_29)
FN:189,(anonymous_30)
FN:197,(anonymous_31)
FN:205,(anonymous_32)
FN:208,(anonymous_33)
FN:213,(anonymous_34)
FN:214,(anonymous_35)
FN:223,(anonymous_36)
FN:227,(anonymous_37)
FN:228,(anonymous_38)
FN:244,(anonymous_39)
FN:246,(anonymous_40)
FN:249,(anonymous_41)
FN:255,(anonymous_42)
FN:256,(anonymous_43)
FN:261,(anonymous_44)
FN:268,(anonymous_45)
FN:272,(anonymous_46)
FN:277,(anonymous_47)
FN:282,(anonymous_48)
FN:294,(anonymous_49)
FN:303,(anonymous_50)
FN:306,(anonymous_51)
FN:317,(anonymous_52)
FN:321,(anonymous_53)
FN:326,(anonymous_54)
FN:331,(anonymous_55)
FN:343,(anonymous_56)
FN:356,(anonymous_57)
FN:359,(anonymous_58)
FN:364,(anonymous_59)
FN:373,(anonymous_60)
FN:377,(anonymous_61)
FN:382,(anonymous_62)
FN:396,(anonymous_63)
FN:401,(anonymous_64)
FN:408,(anonymous_65)
FN:411,(anonymous_66)
FN:416,(anonymous_67)
FN:428,(anonymous_68)
FN:438,(anonymous_69)
FN:447,(anonymous_70)
FN:450,(anonymous_71)
FN:455,(anonymous_72)
FN:468,(anonymous_73)
FN:477,(anonymous_74)
FN:480,(anonymous_75)
FN:485,(anonymous_76)
FN:491,(anonymous_77)
FN:503,(anonymous_78)
FN:512,(anonymous_79)
FN:514,(anonymous_80)
FN:525,(anonymous_81)
FN:528,(anonymous_82)
FN:529,(anonymous_83)
FN:543,(anonymous_84)
FN:549,(anonymous_85)
FN:550,(anonymous_86)
FN:558,(anonymous_87)
FN:567,(anonymous_88)
FN:568,(anonymous_89)
FN:586,(anonymous_90)
FN:591,(anonymous_91)
FN:595,(anonymous_92)
FN:596,(anonymous_93)
FN:607,(anonymous_94)
FN:612,(anonymous_95)
FN:616,(anonymous_96)
FN:621,(anonymous_97)
FN:624,(anonymous_98)
FN:625,(anonymous_99)
FN:630,(anonymous_100)
FN:632,(anonymous_101)
FN:641,(anonymous_102)
FN:646,(anonymous_103)
FN:661,(anonymous_104)
FN:670,(anonymous_105)
FN:671,(anonymous_106)
FN:681,(anonymous_107)
FN:692,(anonymous_108)
FN:697,(anonymous_109)
FN:702,(anonymous_110)
FN:703,(anonymous_111)
FN:714,(anonymous_112)
FN:717,(anonymous_113)
FN:721,(anonymous_114)
FN:726,(anonymous_115)
FN:727,(anonymous_116)
FN:740,(anonymous_117)
FN:746,(anonymous_118)
FN:751,(anonymous_119)
FN:756,(anonymous_120)
FN:757,(anonymous_121)
FN:776,(anonymous_122)
FN:781,(anonymous_123)
FNF:123
FNH:80
FNDA:4,(anonymous_1)
FNDA:4,(anonymous_2)
FNDA:4,(anonymous_3)
FNDA:4,(anonymous_4)
FNDA:1,(anonymous_5)
FNDA:1,(anonymous_6)
FNDA:1,(anonymous_7)
FNDA:1,(anonymous_8)
FNDA:1,(anonymous_9)
FNDA:2,(anonymous_10)
FNDA:4,(anonymous_11)
FNDA:4,(anonymous_12)
FNDA:4,(anonymous_13)
FNDA:1,(anonymous_14)
FNDA:1,(anonymous_15)
FNDA:1,(anonymous_16)
FNDA:0,(anonymous_17)
FNDA:1,(anonymous_18)
FNDA:1,(anonymous_19)
FNDA:1,(anonymous_20)
FNDA:0,(anonymous_21)
FNDA:1,(anonymous_22)
FNDA:1,(anonymous_23)
FNDA:1,(anonymous_24)
FNDA:1,(anonymous_25)
FNDA:1,(anonymous_26)
FNDA:1,(anonymous_27)
FNDA:0,makeDeleteQuery
FNDA:0,(anonymous_29)
FNDA:0,(anonymous_30)
FNDA:0,(anonymous_31)
FNDA:0,(anonymous_32)
FNDA:1,(anonymous_33)
FNDA:1,(anonymous_34)
FNDA:1,(anonymous_35)
FNDA:0,(anonymous_36)
FNDA:0,(anonymous_37)
FNDA:0,(anonymous_38)
FNDA:0,(anonymous_39)
FNDA:0,(anonymous_40)
FNDA:0,(anonymous_41)
FNDA:0,(anonymous_42)
FNDA:0,(anonymous_43)
FNDA:0,(anonymous_44)
FNDA:1,(anonymous_45)
FNDA:1,(anonymous_46)
FNDA:1,(anonymous_47)
FNDA:1,(anonymous_48)
FNDA:1,(anonymous_49)
FNDA:1,(anonymous_50)
FNDA:1,(anonymous_51)
FNDA:1,(anonymous_52)
FNDA:1,(anonymous_53)
FNDA:1,(anonymous_54)
FNDA:1,(anonymous_55)
FNDA:1,(anonymous_56)
FNDA:1,(anonymous_57)
FNDA:1,(anonymous_58)
FNDA:1,(anonymous_59)
FNDA:2,(anonymous_60)
FNDA:2,(anonymous_61)
FNDA:2,(anonymous_62)
FNDA:2,(anonymous_63)
FNDA:2,(anonymous_64)
FNDA:1,(anonymous_65)
FNDA:1,(anonymous_66)
FNDA:1,(anonymous_67)
FNDA:1,(anonymous_68)
FNDA:1,(anonymous_69)
FNDA:1,(anonymous_70)
FNDA:1,(anonymous_71)
FNDA:1,(anonymous_72)
FNDA:1,(anonymous_73)
FNDA:1,(anonymous_74)
FNDA:1,(anonymous_75)
FNDA:1,(anonymous_76)
FNDA:1,(anonymous_77)
FNDA:1,(anonymous_78)
FNDA:1,(anonymous_79)
FNDA:1,(anonymous_80)
FNDA:3,(anonymous_81)
FNDA:3,(anonymous_82)
FNDA:3,(anonymous_83)
FNDA:3,(anonymous_84)
FNDA:3,(anonymous_85)
FNDA:3,(anonymous_86)
FNDA:2,(anonymous_87)
FNDA:1,(anonymous_88)
FNDA:1,(anonymous_89)
FNDA:1,(anonymous_90)
FNDA:1,(anonymous_91)
FNDA:1,(anonymous_92)
FNDA:1,(anonymous_93)
FNDA:1,(anonymous_94)
FNDA:1,(anonymous_95)
FNDA:1,(anonymous_96)
FNDA:0,(anonymous_97)
FNDA:0,(anonymous_98)
FNDA:0,(anonymous_99)
FNDA:0,(anonymous_100)
FNDA:0,(anonymous_101)
FNDA:0,(anonymous_102)
FNDA:0,(anonymous_103)
FNDA:0,(anonymous_104)
FNDA:0,(anonymous_105)
FNDA:0,(anonymous_106)
FNDA:0,(anonymous_107)
FNDA:0,(anonymous_108)
FNDA:0,(anonymous_109)
FNDA:0,(anonymous_110)
FNDA:0,(anonymous_111)
FNDA:0,(anonymous_112)
FNDA:0,(anonymous_113)
FNDA:0,(anonymous_114)
FNDA:0,(anonymous_115)
FNDA:0,(anonymous_116)
FNDA:0,(anonymous_117)
FNDA:0,(anonymous_118)
FNDA:0,(anonymous_119)
FNDA:0,(anonymous_120)
FNDA:0,(anonymous_121)
FNDA:0,(anonymous_122)
FNDA:0,(anonymous_123)
DA:2,1
DA:3,1
DA:4,1
DA:5,1
DA:6,1
DA:7,1
DA:8,1
DA:10,1
DA:12,4
DA:16,4
DA:20,4
DA:28,4
DA:33,4
DA:34,4
DA:35,1
DA:40,1
DA:41,1
DA:42,1
DA:43,1
DA:48,1
DA:52,1
DA:54,1
DA:56,1
DA:57,1
DA:58,1
DA:69,1
DA:71,2
DA:78,1
DA:80,4
DA:81,4
DA:85,4
DA:86,4
DA:87,1
DA:88,1
DA:90,4
DA:91,1
DA:92,1
DA:94,4
DA:99,4
DA:100,4
DA:101,4
DA:110,1
DA:112,1
DA:113,1
DA:117,1
DA:122,1
DA:123,1
DA:124,1
DA:125,1
DA:127,1
DA:128,0
DA:134,1
DA:136,1
DA:137,1
DA:141,1
DA:146,1
DA:147,1
DA:148,1
DA:149,1
DA:151,1
DA:152,0
DA:158,1
DA:160,1
DA:161,1
DA:162,1
DA:163,0
DA:164,1
DA:169,1
DA:173,1
DA:175,1
DA:176,1
DA:177,1
DA:178,1
DA:179,1
DA:180,1
DA:186,1
DA:187,1
DA:188,0
DA:189,0
DA:190,0
DA:191,0
DA:192,0
DA:197,0
DA:198,0
DA:199,0
DA:204,1
DA:205,1
DA:206,0
DA:208,1
DA:209,1
DA:210,1
DA:214,1
DA:215,1
DA:216,1
DA:223,1
DA:225,0
DA:228,0
DA:229,0
DA:230,0
DA:231,0
DA:232,0
DA:236,0
DA:241,0
DA:246,0
DA:247,0
DA:248,0
DA:249,0
DA:250,0
DA:251,0
DA:256,0
DA:257,0
DA:258,0
DA:260,0
DA:268,1
DA:270,1
DA:274,1
DA:279,1
DA:284,1
DA:285,0
DA:288,1
DA:289,1
DA:291,1
DA:295,1
DA:301,1
DA:303,1
DA:304,1
DA:306,1
DA:307,1
DA:309,1
DA:317,1
DA:319,1
DA:323,1
DA:328,1
DA:333,1
DA:334,0
DA:337,1
DA:338,1
DA:340,1
DA:345,1
DA:347,1
DA:351,1
DA:356,1
DA:357,1
DA:359,1
DA:360,1
DA:362,1
DA:363,1
DA:373,1
DA:375,2
DA:379,2
DA:384,2
DA:385,2
DA:387,2
DA:391,2
DA:396,2
DA:397,2
DA:398,2
DA:400,2
DA:408,1
DA:409,1
DA:410,1
DA:413,1
DA:417,1
DA:418,1
DA:419,0
DA:420,0
DA:422,1
DA:423,1
DA:424,1
DA:425,1
DA:427,1
DA:432,1
DA:438,1
DA:439,1
DA:440,1
DA:447,1
DA:449,1
DA:452,1
DA:456,1
DA:457,1
DA:458,0
DA:459,1
DA:463,1
DA:468,1
DA:469,1
DA:470,1
DA:477,1
DA:479,1
DA:482,1
DA:486,1
DA:487,1
DA:488,0
DA:489,1
DA:490,1
DA:491,1
DA:492,1
DA:493,1
DA:498,1
DA:503,1
DA:504,1
DA:505,1
DA:512,1
DA:514,1
DA:515,1
DA:516,1
DA:525,1
DA:527,3
DA:529,3
DA:530,3
DA:531,3
DA:538,3
DA:543,3
DA:544,3
DA:545,3
DA:550,3
DA:551,3
DA:552,2
DA:558,2
DA:559,2
DA:560,2
DA:567,1
DA:568,1
DA:569,1
DA:570,1
DA:571,1
DA:572,2
DA:573,1
DA:574,1
DA:577,1
DA:578,1
DA:582,1
DA:586,1
DA:587,1
DA:588,1
DA:590,1
DA:595,1
DA:596,1
DA:597,1
DA:598,1
DA:599,1
DA:600,2
DA:601,1
DA:602,1
DA:605,1
DA:606,1
DA:607,1
DA:608,1
DA:609,1
DA:611,1
DA:616,1
DA:617,1
DA:618,1
DA:619,1
DA:620,0
DA:622,0
DA:625,0
DA:626,0
DA:627,0
DA:632,0
DA:633,0
DA:635,0
DA:636,0
DA:637,0
DA:639,0
DA:643,0
DA:645,0
DA:648,0
DA:656,0
DA:661,0
DA:662,0
DA:663,0
DA:670,1
DA:671,0
DA:672,0
DA:673,0
DA:674,0
DA:675,0
DA:676,0
DA:677,0
DA:680,0
DA:681,0
DA:682,0
DA:683,0
DA:684,0
DA:688,0
DA:692,0
DA:693,0
DA:694,0
DA:696,0
DA:702,1
DA:703,0
DA:704,0
DA:705,0
DA:706,0
DA:707,0
DA:708,0
DA:709,0
DA:712,0
DA:713,0
DA:714,0
DA:715,0
DA:717,0
DA:718,0
DA:719,0
DA:720,0
DA:726,1
DA:727,0
DA:728,0
DA:729,0
DA:730,0
DA:731,0
DA:732,0
DA:733,0
DA:736,0
DA:737,0
DA:740,1
DA:745,0
DA:747,0
DA:748,0
DA:749,0
DA:750,0
DA:751,0
DA:752,0
DA:753,0
DA:757,0
DA:758,0
DA:759,0
DA:760,0
DA:761,0
DA:762,0
DA:763,0
DA:766,0
DA:768,0
DA:772,0
DA:776,0
DA:777,0
DA:778,0
DA:780,0
LF:338
LH:221
BRDA:34,1,0,3
BRDA:34,1,1,1
BRDA:42,2,0,0
BRDA:42,2,1,1
BRDA:52,3,0,0
BRDA:52,3,1,1
BRDA:57,4,0,0
BRDA:57,4,1,1
BRDA:81,5,0,0
BRDA:81,5,1,4
BRDA:86,6,0,1
BRDA:86,6,1,3
BRDA:90,7,0,1
BRDA:90,7,1,3
BRDA:100,8,0,0
BRDA:100,8,1,4
BRDA:113,9,0,0
BRDA:113,9,1,1
BRDA:124,10,0,0
BRDA:124,10,1,1
BRDA:137,11,0,0
BRDA:137,11,1,1
BRDA:148,12,0,0
BRDA:148,12,1,1
BRDA:161,13,0,0
BRDA:161,13,1,1
BRDA:162,14,0,0
BRDA:162,14,1,1
BRDA:176,15,0,0
BRDA:176,15,1,1
BRDA:179,16,0,0
BRDA:179,16,1,1
BRDA:190,17,0,0
BRDA:190,17,1,0
BRDA:198,18,0,0
BRDA:198,18,1,0
BRDA:204,19,0,0
BRDA:204,19,1,1
BRDA:209,20,0,0
BRDA:209,20,1,1
BRDA:215,21,0,0
BRDA:215,21,1,1
BRDA:229,22,0,0
BRDA:229,22,1,0
BRDA:231,23,0,0
BRDA:231,23,1,0
BRDA:247,24,0,0
BRDA:247,24,1,0
BRDA:250,25,0,0
BRDA:250,25,1,0
BRDA:257,26,0,0
BRDA:257,26,1,0
BRDA:284,27,0,0
BRDA:284,27,1,1
BRDA:289,28,0,0
BRDA:289,28,1,1
BRDA:304,29,0,0
BRDA:304,29,1,1
BRDA:307,30,0,0
BRDA:307,30,1,1
BRDA:333,31,0,0
BRDA:333,31,1,1
BRDA:338,32,0,0
BRDA:338,32,1,1
BRDA:357,33,0,0
BRDA:357,33,1,1
BRDA:360,34,0,0
BRDA:360,34,1,1
BRDA:385,35,0,0
BRDA:385,35,1,2
BRDA:392,36,0,1
BRDA:392,36,1,1
BRDA:397,37,0,0
BRDA:397,37,1,2
BRDA:401,38,0,1
BRDA:401,38,1,1
BRDA:409,39,0,1
BRDA:409,39,1,1
BRDA:409,39,2,1
BRDA:418,40,0,0
BRDA:418,40,1,1
BRDA:423,41,0,0
BRDA:423,41,1,1
BRDA:428,42,0,0
BRDA:428,42,1,1
BRDA:436,43,0,0
BRDA:436,43,1,1
BRDA:439,44,0,0
BRDA:439,44,1,1
BRDA:457,45,0,0
BRDA:457,45,1,1
BRDA:457,46,0,1
BRDA:457,46,1,1
BRDA:469,47,0,0
BRDA:469,47,1,1
BRDA:487,48,0,0
BRDA:487,48,1,1
BRDA:487,49,0,1
BRDA:487,49,1,1
BRDA:490,50,0,0
BRDA:490,50,1,1
BRDA:492,51,0,1
BRDA:492,51,1,0
BRDA:504,52,0,0
BRDA:504,52,1,1
BRDA:515,53,0,0
BRDA:515,53,1,1
BRDA:530,54,0,0
BRDA:530,54,1,3
BRDA:544,55,0,0
BRDA:544,55,1,3
BRDA:551,56,0,1
BRDA:551,56,1,2
BRDA:559,57,0,0
BRDA:559,57,1,2
BRDA:569,58,0,0
BRDA:569,58,1,1
BRDA:572,59,0,1
BRDA:572,59,1,1
BRDA:577,60,0,0
BRDA:577,60,1,1
BRDA:587,61,0,0
BRDA:587,61,1,1
BRDA:597,62,0,0
BRDA:597,62,1,1
BRDA:600,63,0,1
BRDA:600,63,1,1
BRDA:605,64,0,0
BRDA:605,64,1,1
BRDA:608,65,0,0
BRDA:608,65,1,1
BRDA:618,66,0,1
BRDA:618,66,1,0
BRDA:633,67,0,0
BRDA:633,67,1,0
BRDA:635,68,0,0
BRDA:635,68,1,0
BRDA:636,69,0,0
BRDA:636,69,1,0
BRDA:662,70,0,0
BRDA:662,70,1,0
BRDA:672,71,0,0
BRDA:672,71,1,0
BRDA:675,72,0,0
BRDA:675,72,1,0
BRDA:675,73,0,0
BRDA:675,73,1,0
BRDA:680,74,0,0
BRDA:680,74,1,0
BRDA:682,75,0,0
BRDA:682,75,1,0
BRDA:683,76,0,0
BRDA:683,76,1,0
BRDA:693,77,0,0
BRDA:693,77,1,0
BRDA:704,78,0,0
BRDA:704,78,1,0
BRDA:707,79,0,0
BRDA:707,79,1,0
BRDA:707,80,0,0
BRDA:707,80,1,0
BRDA:712,81,0,0
BRDA:712,81,1,0
BRDA:715,82,0,0
BRDA:715,82,1,0
BRDA:718,83,0,0
BRDA:718,83,1,0
BRDA:728,84,0,0
BRDA:728,84,1,0
BRDA:731,85,0,0
BRDA:731,85,1,0
BRDA:731,86,0,0
BRDA:731,86,1,0
BRDA:736,87,0,0
BRDA:736,87,1,0
BRDA:752,88,0,0
BRDA:752,88,1,0
BRDA:758,89,0,0
BRDA:758,89,1,0
BRDA:761,90,0,0
BRDA:761,90,1,0
BRDA:761,91,0,0
BRDA:761,91,1,0
BRDA:766,92,0,0
BRDA:766,92,1,0
BRDA:777,93,0,0
BRDA:777,93,1,0
BRF:187
BRH:71
end_of_record
TN:
SF:/home/bryce/project/github/EasyAgile/website/api/services/sprintService.js
FN:9,(anonymous_1)
FN:13,(anonymous_2)
FN:18,(anonymous_3)
FN:32,(anonymous_4)
FN:38,(anonymous_5)
FN:49,(anonymous_6)
FN:59,(anonymous_7)
FN:62,(anonymous_8)
FN:63,(anonymous_9)
FN:71,(anonymous_10)
FN:72,(anonymous_11)
FN:78,(anonymous_12)
FN:88,(anonymous_13)
FN:94,(anonymous_14)
FN:96,makeDeleteQuery
FN:97,(anonymous_16)
FN:98,(anonymous_17)
FN:104,(anonymous_18)
FN:107,(anonymous_19)
FN:112,(anonymous_20)
FN:113,(anonymous_21)
FN:121,(anonymous_22)
FN:125,(anonymous_23)
FN:131,(anonymous_24)
FN:134,(anonymous_25)
FN:137,(anonymous_26)
FN:145,(anonymous_27)
FN:148,makeQuery
FN:150,(anonymous_29)
FN:151,(anonymous_30)
FN:157,(anonymous_31)
FN:162,(anonymous_32)
FN:175,(anonymous_33)
FN:177,(anonymous_34)
FN:195,(anonymous_35)
FN:206,(anonymous_36)
FN:208,(anonymous_37)
FN:214,(anonymous_38)
FN:217,(anonymous_39)
FN:220,(anonymous_40)
FN:221,(anonymous_41)
FN:226,(anonymous_42)
FN:236,(anonymous_43)
FN:244,formatDate
FN:247,(anonymous_45)
FN:250,(anonymous_46)
FN:254,(anonymous_47)
FN:263,(anonymous_48)
FN:271,(anonymous_49)
FN:292,(anonymous_50)
FN:300,(anonymous_51)
FN:305,(anonymous_52)
FNF:52
FNH:48
FNDA:3,(anonymous_1)
FNDA:3,(anonymous_2)
FNDA:3,(anonymous_3)
FNDA:3,(anonymous_4)
FNDA:2,(anonymous_5)
FNDA:2,(anonymous_6)
FNDA:2,(anonymous_7)
FNDA:2,(anonymous_8)
FNDA:2,(anonymous_9)
FNDA:1,(anonymous_10)
FNDA:1,(anonymous_11)
FNDA:1,(anonymous_12)
FNDA:1,(anonymous_13)
FNDA:1,(anonymous_14)
FNDA:0,makeDeleteQuery
FNDA:0,(anonymous_16)
FNDA:0,(anonymous_17)
FNDA:0,(anonymous_18)
FNDA:1,(anonymous_19)
FNDA:1,(anonymous_20)
FNDA:1,(anonymous_21)
FNDA:1,(anonymous_22)
FNDA:1,(anonymous_23)
FNDA:1,(anonymous_24)
FNDA:1,(anonymous_25)
FNDA:1,(anonymous_26)
FNDA:1,(anonymous_27)
FNDA:8,makeQuery
FNDA:8,(anonymous_29)
FNDA:8,(anonymous_30)
FNDA:8,(anonymous_31)
FNDA:1,(anonymous_32)
FNDA:1,(anonymous_33)
FNDA:1,(anonymous_34)
FNDA:1,(anonymous_35)
FNDA:1,(anonymous_36)
FNDA:1,(anonymous_37)
FNDA:2,(anonymous_38)
FNDA:2,(anonymous_39)
FNDA:2,(anonymous_40)
FNDA:2,(anonymous_41)
FNDA:2,(anonymous_42)
FNDA:2,(anonymous_43)
FNDA:4,formatDate
FNDA:4,(anonymous_45)
FNDA:4,(anonymous_46)
FNDA:2,(anonymous_47)
FNDA:2,(anonymous_48)
FNDA:4,(anonymous_49)
FNDA:35,(anonymous_50)
FNDA:4,(anonymous_51)
FNDA:8,(anonymous_52)
DA:1,1
DA:2,1
DA:3,1
DA:4,1
DA:6,1
DA:7,1
DA:9,1
DA:11,3
DA:15,3
DA:20,3
DA:24,3
DA:25,3
DA:26,3
DA:27,3
DA:32,3
DA:33,3
DA:34,2
DA:40,2
DA:44,2
DA:49,2
DA:50,2
DA:51,2
DA:59,1
DA:61,2
DA:63,2
DA:64,2
DA:65,2
DA:66,1
DA:67,1
DA:72,1
DA:73,1
DA:74,1
DA:79,1
DA:83,1
DA:88,1
DA:89,1
DA:90,1
DA:95,1
DA:96,1
DA:97,0
DA:98,0
DA:99,0
DA:100,0
DA:104,1
DA:105,0
DA:107,1
DA:108,1
DA:109,1
DA:113,1
DA:114,1
DA:115,1
DA:121,1
DA:123,1
DA:126,1
DA:127,1
DA:131,1
DA:133,1
DA:135,1
DA:138,1
DA:140,1
DA:141,1
DA:147,1
DA:148,1
DA:150,8
DA:151,8
DA:152,8
DA:153,8
DA:157,1
DA:158,8
DA:159,8
DA:162,1
DA:164,1
DA:166,1
DA:175,1
DA:177,1
DA:178,1
DA:182,1
DA:183,1
DA:184,1
DA:185,1
DA:186,1
DA:191,1
DA:192,1
DA:193,1
DA:194,1
DA:195,1
DA:196,1
DA:197,1
DA:206,1
DA:208,1
DA:209,1
DA:210,1
DA:214,1
DA:216,2
DA:218,2
DA:221,2
DA:222,2
DA:223,2
DA:227,2
DA:231,2
DA:236,2
DA:237,2
DA:238,2
DA:244,1
DA:245,4
DA:247,1
DA:249,4
DA:251,4
DA:252,2
DA:255,2
DA:256,2
DA:257,2
DA:261,2
DA:264,2
DA:265,2
DA:266,2
DA:272,4
DA:273,4
DA:274,4
DA:275,4
DA:276,16
DA:277,4
DA:278,4
DA:281,4
DA:282,4
DA:283,0
DA:287,0
DA:289,4
DA:291,4
DA:292,4
DA:293,35
DA:296,4
DA:297,4
DA:300,4
DA:301,4
DA:302,4
DA:306,8
DA:307,8
LF:138
LH:131
BRDA:25,1,0,0
BRDA:25,1,1,3
BRDA:26,2,0,0
BRDA:26,2,1,3
BRDA:33,3,0,1
BRDA:33,3,1,2
BRDA:50,4,0,0
BRDA:50,4,1,2
BRDA:64,5,0,0
BRDA:64,5,1,2
BRDA:65,6,0,1
BRDA:65,6,1,1
BRDA:73,7,0,0
BRDA:73,7,1,1
BRDA:89,8,0,0
BRDA:89,8,1,1
BRDA:99,9,0,0
BRDA:99,9,1,0
BRDA:108,10,0,0
BRDA:108,10,1,1
BRDA:114,11,0,0
BRDA:114,11,1,1
BRDA:126,12,0,0
BRDA:126,12,1,1
BRDA:138,13,0,0
BRDA:138,13,1,1
BRDA:152,14,0,0
BRDA:152,14,1,8
BRDA:164,15,0,0
BRDA:164,15,1,1
BRDA:178,16,0,0
BRDA:178,16,1,1
BRDA:183,17,0,1
BRDA:183,17,1,0
BRDA:184,18,0,0
BRDA:184,18,1,1
BRDA:185,19,0,0
BRDA:185,19,1,1
BRDA:191,20,0,1
BRDA:191,20,1,0
BRDA:192,21,0,1
BRDA:192,21,1,0
BRDA:193,22,0,1
BRDA:193,22,1,1
BRDA:194,23,0,1
BRDA:194,23,1,1
BRDA:196,24,0,0
BRDA:196,24,1,1
BRDA:209,25,0,0
BRDA:209,25,1,1
BRDA:222,26,0,0
BRDA:222,26,1,2
BRDA:237,27,0,0
BRDA:237,27,1,2
BRDA:251,28,0,2
BRDA:251,28,1,2
BRDA:255,29,0,0
BRDA:255,29,1,2
BRDA:256,30,0,0
BRDA:256,30,1,2
BRDA:264,31,0,0
BRDA:264,31,1,2
BRDA:265,32,0,0
BRDA:265,32,1,2
BRDA:273,33,0,0
BRDA:273,33,1,4
BRDA:276,34,0,4
BRDA:276,34,1,12
BRDA:282,35,0,0
BRDA:282,35,1,4
BRDA:291,36,0,4
BRDA:291,36,1,0
BRDA:301,37,0,0
BRDA:301,37,1,4
BRDA:306,38,0,0
BRDA:306,38,1,8
BRF:76
BRH:43
end_of_record
TN:
SF:/home/bryce/project/github/EasyAgile/website/api/services/taskService.js
FN:7,makeWhatOfHistory
FN:11,(anonymous_2)
FN:16,(anonymous_3)
FN:21,(anonymous_4)
FN:40,(anonymous_5)
FN:45,(anonymous_6)
FN:62,(anonymous_7)
FN:67,(anonymous_8)
FN:72,(anonymous_9)
FN:81,(anonymous_10)
FN:83,(anonymous_11)
FN:90,(anonymous_12)
FN:94,(anonymous_13)
FN:99,(anonymous_14)
FN:144,(anonymous_15)
FN:149,(anonymous_16)
FN:159,(anonymous_17)
FN:162,(anonymous_18)
FN:172,(anonymous_19)
FN:177,(anonymous_20)
FN:193,(anonymous_21)
FN:198,(anonymous_22)
FN:208,(anonymous_23)
FN:212,(anonymous_24)
FN:216,(anonymous_25)
FN:217,(anonymous_26)
FN:222,(anonymous_27)
FN:224,(anonymous_28)
FN:243,(anonymous_29)
FN:246,(anonymous_30)
FN:251,(anonymous_31)
FN:256,(anonymous_32)
FN:264,(anonymous_33)
FN:267,(anonymous_34)
FN:272,(anonymous_35)
FN:274,(anonymous_36)
FN:283,(anonymous_37)
FN:292,(anonymous_38)
FN:296,(anonymous_39)
FN:298,(anonymous_40)
FN:304,(anonymous_41)
FN:309,(anonymous_42)
FN:311,(anonymous_43)
FN:319,(anonymous_44)
FN:333,(anonymous_45)
FN:338,(anonymous_46)
FN:346,(anonymous_47)
FN:350,(anonymous_48)
FN:352,(anonymous_49)
FN:358,(anonymous_50)
FN:363,(anonymous_51)
FN:365,(anonymous_52)
FN:374,(anonymous_53)
FN:388,(anonymous_54)
FN:393,(anonymous_55)
FNF:55
FNH:52
FNDA:48,makeWhatOfHistory
FNDA:2,(anonymous_2)
FNDA:2,(anonymous_3)
FNDA:2,(anonymous_4)
FNDA:2,(anonymous_5)
FNDA:1,(anonymous_6)
FNDA:1,(anonymous_7)
FNDA:1,(anonymous_8)
FNDA:0,(anonymous_9)
FNDA:2,(anonymous_10)
FNDA:2,(anonymous_11)
FNDA:9,(anonymous_12)
FNDA:9,(anonymous_13)
FNDA:8,(anonymous_14)
FNDA:8,(anonymous_15)
FNDA:8,(anonymous_16)
FNDA:1,(anonymous_17)
FNDA:1,(anonymous_18)
FNDA:1,(anonymous_19)
FNDA:1,(anonymous_20)
FNDA:1,(anonymous_21)
FNDA:1,(anonymous_22)
FNDA:1,(anonymous_23)
FNDA:1,(anonymous_24)
FNDA:1,(anonymous_25)
FNDA:1,(anonymous_26)
FNDA:1,(anonymous_27)
FNDA:1,(anonymous_28)
FNDA:0,(anonymous_29)
FNDA:1,(anonymous_30)
FNDA:1,(anonymous_31)
FNDA:0,(anonymous_32)
FNDA:2,(anonymous_33)
FNDA:2,(anonymous_34)
FNDA:2,(anonymous_35)
FNDA:2,(anonymous_36)
FNDA:2,(anonymous_37)
FNDA:1,(anonymous_38)
FNDA:1,(anonymous_39)
FNDA:1,(anonymous_40)
FNDA:1,(anonymous_41)
FNDA:1,(anonymous_42)
FNDA:1,(anonymous_43)
FNDA:1,(anonymous_44)
FNDA:1,(anonymous_45)
FNDA:1,(anonymous_46)
FNDA:1,(anonymous_47)
FNDA:1,(anonymous_48)
FNDA:1,(anonymous_49)
FNDA:1,(anonymous_50)
FNDA:1,(anonymous_51)
FNDA:1,(anonymous_52)
FNDA:1,(anonymous_53)
FNDA:1,(anonymous_54)
FNDA:1,(anonymous_55)
DA:1,1
DA:2,1
DA:3,1
DA:4,1
DA:5,1
DA:7,1
DA:8,48
DA:11,1
DA:13,2
DA:18,2
DA:23,2
DA:27,2
DA:28,2
DA:29,2
DA:30,2
DA:31,2
DA:32,2
DA:33,2
DA:34,2
DA:40,2
DA:41,2
DA:42,1
DA:46,1
DA:50,1
DA:51,1
DA:52,1
DA:53,1
DA:54,1
DA:55,1
DA:56,1
DA:57,1
DA:62,1
DA:63,1
DA:64,1
DA:68,1
DA:69,1
DA:70,1
DA:71,0
DA:81,1
DA:83,2
DA:84,2
DA:85,2
DA:90,1
DA:92,9
DA:96,9
DA:100,8
DA:101,8
DA:102,8
DA:103,8
DA:104,8
DA:105,8
DA:106,8
DA:107,8
DA:109,8
DA:110,8
DA:124,8
DA:125,4
DA:126,4
DA:127,4
DA:128,4
DA:129,4
DA:130,4
DA:131,4
DA:132,4
DA:138,8
DA:139,0
DA:144,8
DA:145,8
DA:146,8
DA:150,8
DA:151,1
DA:152,8
DA:159,1
DA:161,1
DA:164,1
DA:165,0
DA:167,1
DA:168,0
DA:170,1
DA:174,1
DA:179,1
DA:180,1
DA:181,0
DA:182,1
DA:183,0
DA:187,1
DA:193,1
DA:194,1
DA:195,1
DA:199,1
DA:200,1
DA:208,1
DA:210,1
DA:214,1
DA:217,1
DA:218,1
DA:219,1
DA:224,1
DA:225,1
DA:230,1
DA:231,1
DA:232,1
DA:233,1
DA:234,1
DA:235,1
DA:236,1
DA:237,1
DA:242,1
DA:243,1
DA:244,0
DA:246,1
DA:247,1
DA:248,1
DA:252,1
DA:253,1
DA:254,1
DA:255,0
DA:264,1
DA:265,2
DA:269,2
DA:274,2
DA:275,2
DA:278,2
DA:279,1
DA:280,1
DA:281,1
DA:283,2
DA:284,2
DA:285,2
DA:292,1
DA:294,1
DA:298,1
DA:299,1
DA:300,1
DA:306,1
DA:311,1
DA:312,1
DA:313,1
DA:314,1
DA:315,1
DA:321,1
DA:322,1
DA:324,1
DA:328,1
DA:333,1
DA:334,1
DA:335,1
DA:337,1
DA:346,1
DA:348,1
DA:352,1
DA:353,1
DA:354,1
DA:360,1
DA:365,1
DA:366,1
DA:367,1
DA:368,1
DA:369,1
DA:376,1
DA:377,1
DA:379,1
DA:383,1
DA:388,1
DA:389,1
DA:390,1
DA:392,1
LF:167
LH:159
BRDA:8,1,0,17
BRDA:8,1,1,31
BRDA:41,2,0,1
BRDA:41,2,1,1
BRDA:63,3,0,0
BRDA:63,3,1,1
BRDA:84,4,0,0
BRDA:84,4,1,2
BRDA:101,5,0,8
BRDA:101,5,1,7
BRDA:102,6,0,8
BRDA:102,6,1,8
BRDA:103,7,0,8
BRDA:103,7,1,7
BRDA:104,8,0,8
BRDA:104,8,1,7
BRDA:105,9,0,8
BRDA:105,9,1,7
BRDA:106,10,0,8
BRDA:106,10,1,8
BRDA:107,11,0,8
BRDA:107,11,1,8
BRDA:109,12,0,8
BRDA:109,12,1,8
BRDA:110,13,0,8
BRDA:110,13,1,7
BRDA:124,14,0,4
BRDA:124,14,1,4
BRDA:124,15,0,8
BRDA:124,15,1,7
BRDA:124,15,2,6
BRDA:124,15,3,6
BRDA:124,15,4,5
BRDA:124,15,5,4
BRDA:138,16,0,0
BRDA:138,16,1,8
BRDA:145,17,0,0
BRDA:145,17,1,8
BRDA:150,18,0,1
BRDA:150,18,1,7
BRDA:164,19,0,0
BRDA:164,19,1,1
BRDA:167,20,0,0
BRDA:167,20,1,1
BRDA:167,21,0,1
BRDA:167,21,1,1
BRDA:180,22,0,0
BRDA:180,22,1,1
BRDA:182,23,0,0
BRDA:182,23,1,1
BRDA:194,24,0,0
BRDA:194,24,1,1
BRDA:218,25,0,0
BRDA:218,25,1,1
BRDA:225,26,0,0
BRDA:225,26,1,1
BRDA:247,27,0,0
BRDA:247,27,1,1
BRDA:278,28,0,1
BRDA:278,28,1,1
BRDA:280,29,0,0
BRDA:280,29,1,1
BRDA:284,30,0,0
BRDA:284,30,1,2
BRDA:299,31,0,0
BRDA:299,31,1,1
BRDA:312,32,0,0
BRDA:312,32,1,1
BRDA:314,33,0,0
BRDA:314,33,1,1
BRDA:322,34,0,0
BRDA:322,34,1,1
BRDA:334,35,0,0
BRDA:334,35,1,1
BRDA:353,36,0,0
BRDA:353,36,1,1
BRDA:366,37,0,0
BRDA:366,37,1,1
BRDA:368,38,0,0
BRDA:368,38,1,1
BRDA:377,39,0,0
BRDA:377,39,1,1
BRDA:389,40,0,0
BRDA:389,40,1,1
BRF:84
BRH:60
end_of_record
TN:
SF:/home/bryce/project/github/EasyAgile/website/api/services/topicService.js
FN:9,(anonymous_1)
FN:13,(anonymous_2)
FN:18,(anonymous_3)
FN:25,(anonymous_4)
FN:31,(anonymous_5)
FN:42,(anonymous_6)
FN:50,(anonymous_7)
FN:59,(anonymous_8)
FN:63,(anonymous_9)
FN:68,(anonymous_10)
FN:75,(anonymous_11)
FN:80,(anonymous_12)
FN:92,(anonymous_13)
FN:96,(anonymous_14)
FN:101,(anonymous_15)
FN:106,(anonymous_16)
FN:110,(anonymous_17)
FN:116,(anonymous_18)
FN:126,(anonymous_19)
FN:135,(anonymous_20)
FN:139,(anonymous_21)
FN:144,(anonymous_22)
FN:148,(anonymous_23)
FN:158,(anonymous_24)
FN:162,(anonymous_25)
FN:167,(anonymous_26)
FN:174,(anonymous_27)
FN:182,(anonymous_28)
FN:193,(anonymous_29)
FN:197,(anonymous_30)
FN:202,(anonymous_31)
FN:208,(anonymous_32)
FN:215,(anonymous_33)
FNF:33
FNH:32
FNDA:2,(anonymous_1)
FNDA:2,(anonymous_2)
FNDA:2,(anonymous_3)
FNDA:2,(anonymous_4)
FNDA:1,(anonymous_5)
FNDA:1,(anonymous_6)
FNDA:0,(anonymous_7)
FNDA:4,(anonymous_8)
FNDA:4,(anonymous_9)
FNDA:4,(anonymous_10)
FNDA:3,(anonymous_11)
FNDA:3,(anonymous_12)
FNDA:2,(anonymous_13)
FNDA:2,(anonymous_14)
FNDA:2,(anonymous_15)
FNDA:1,(anonymous_16)
FNDA:1,(anonymous_17)
FNDA:1,(anonymous_18)
FNDA:1,(anonymous_19)
FNDA:5,(anonymous_20)
FNDA:5,(anonymous_21)
FNDA:5,(anonymous_22)
FNDA:5,(anonymous_23)
FNDA:2,(anonymous_24)
FNDA:1,(anonymous_25)
FNDA:1,(anonymous_26)
FNDA:1,(anonymous_27)
FNDA:1,(anonymous_28)
FNDA:2,(anonymous_29)
FNDA:2,(anonymous_30)
FNDA:2,(anonymous_31)
FNDA:2,(anonymous_32)
FNDA:1,(anonymous_33)
DA:1,1
DA:2,1
DA:3,1
DA:6,1
DA:9,1
DA:11,2
DA:15,2
DA:20,2
DA:25,2
DA:26,2
DA:27,1
DA:33,1
DA:37,1
DA:42,1
DA:43,1
DA:44,1
DA:46,1
DA:47,0
DA:48,0
DA:49,0
DA:59,1
DA:61,4
DA:65,4
DA:70,4
DA:71,4
DA:73,3
DA:76,3
DA:77,3
DA:78,3
DA:81,3
DA:82,3
DA:83,2
DA:92,1
DA:94,2
DA:98,2
DA:103,2
DA:104,2
DA:106,1
DA:107,1
DA:108,1
DA:109,1
DA:110,1
DA:111,1
DA:112,1
DA:117,1
DA:121,1
DA:126,1
DA:127,1
DA:128,1
DA:135,1
DA:137,5
DA:141,5
DA:146,5
DA:149,5
DA:150,5
DA:158,1
DA:159,2
DA:160,1
DA:164,1
DA:169,1
DA:170,1
DA:171,0
DA:176,1
DA:180,1
DA:182,1
DA:183,1
DA:184,1
DA:193,1
DA:195,2
DA:199,2
DA:203,2
DA:204,2
DA:205,0
DA:210,2
DA:212,2
DA:213,1
DA:215,1
DA:216,1
DA:217,1
LF:79
LH:74
BRDA:26,1,0,1
BRDA:26,1,1,1
BRDA:43,2,0,0
BRDA:43,2,1,1
BRDA:46,3,0,0
BRDA:46,3,1,1
BRDA:48,4,0,0
BRDA:48,4,1,0
BRDA:71,5,0,1
BRDA:71,5,1,3
BRDA:76,6,0,0
BRDA:76,6,1,3
BRDA:77,7,0,0
BRDA:77,7,1,3
BRDA:81,8,0,0
BRDA:81,8,1,3
BRDA:82,9,0,1
BRDA:82,9,1,2
BRDA:104,10,0,1
BRDA:104,10,1,1
BRDA:107,11,0,0
BRDA:107,11,1,1
BRDA:108,12,0,0
BRDA:108,12,1,1
BRDA:111,13,0,0
BRDA:111,13,1,1
BRDA:127,14,0,0
BRDA:127,14,1,1
BRDA:149,15,0,0
BRDA:149,15,1,5
BRDA:159,16,0,1
BRDA:159,16,1,1
BRDA:159,17,0,2
BRDA:159,17,1,1
BRDA:169,18,0,1
BRDA:169,18,1,0
BRDA:183,19,0,0
BRDA:183,19,1,1
BRDA:203,20,0,2
BRDA:203,20,1,0
BRDA:212,21,0,1
BRDA:212,21,1,1
BRDA:216,22,0,0
BRDA:216,22,1,1
BRF:44
BRH:28
end_of_record
TN:
SF:/home/bryce/project/github/EasyAgile/website/api/services/userService.js
FN:13,(anonymous_1)
FN:19,(anonymous_2)
FN:30,(anonymous_3)
FN:31,(anonymous_4)
FN:36,(anonymous_5)
FN:41,(anonymous_6)
FN:47,(anonymous_7)
FN:51,(anonymous_8)
FN:62,(anonymous_9)
FN:64,(anonymous_10)
FN:74,(anonymous_11)
FN:78,(anonymous_12)
FN:83,(anonymous_13)
FN:93,(anonymous_14)
FN:98,(anonymous_15)
FN:111,(anonymous_16)
FN:114,(anonymous_17)
FN:116,(anonymous_18)
FN:123,(anonymous_19)
FN:134,(anonymous_20)
FN:137,(anonymous_21)
FN:146,(anonymous_22)
FN:148,(anonymous_23)
FN:157,(anonymous_24)
FN:163,(anonymous_25)
FN:170,(anonymous_26)
FN:173,(anonymous_27)
FN:176,(anonymous_28)
FN:178,(anonymous_29)
FN:184,(anonymous_30)
FN:186,makeQuery
FN:188,(anonymous_32)
FN:189,(anonymous_33)
FN:195,(anonymous_34)
FN:200,(anonymous_35)
FN:212,(anonymous_36)
FN:215,(anonymous_37)
FN:225,(anonymous_38)
FN:229,(anonymous_39)
FN:238,(anonymous_40)
FN:241,(anonymous_41)
FN:244,(anonymous_42)
FN:250,makeQuery
FN:251,pushArray
FN:270,(anonymous_45)
FN:271,(anonymous_46)
FN:274,(anonymous_47)
FN:291,(anonymous_48)
FN:294,(anonymous_49)
FN:305,(anonymous_50)
FN:309,(anonymous_51)
FN:316,(anonymous_52)
FN:319,(anonymous_53)
FN:322,(anonymous_54)
FN:327,(anonymous_55)
FN:335,(anonymous_56)
FN:337,(anonymous_57)
FN:342,(anonymous_58)
FN:349,(anonymous_59)
FN:351,(anonymous_60)
FN:354,(anonymous_61)
FN:361,(anonymous_62)
FN:363,(anonymous_63)
FN:369,(anonymous_64)
FN:376,(anonymous_65)
FN:377,(anonymous_66)
FN:383,(anonymous_67)
FN:390,(anonymous_68)
FN:391,(anonymous_69)
FN:394,(anonymous_70)
FNF:70
FNH:58
FNDA:7,(anonymous_1)
FNDA:4,(anonymous_2)
FNDA:1,(anonymous_3)
FNDA:1,(anonymous_4)
FNDA:1,(anonymous_5)
FNDA:1,(anonymous_6)
FNDA:0,(anonymous_7)
FNDA:0,(anonymous_8)
FNDA:2,(anonymous_9)
FNDA:2,(anonymous_10)
FNDA:3,(anonymous_11)
FNDA:2,(anonymous_12)
FNDA:1,(anonymous_13)
FNDA:26,(anonymous_14)
FNDA:22,(anonymous_15)
FNDA:2,(anonymous_16)
FNDA:2,(anonymous_17)
FNDA:2,(anonymous_18)
FNDA:0,(anonymous_19)
FNDA:0,(anonymous_20)
FNDA:0,(anonymous_21)
FNDA:1,(anonymous_22)
FNDA:1,(anonymous_23)
FNDA:6,(anonymous_24)
FNDA:6,(anonymous_25)
FNDA:1,(anonymous_26)
FNDA:1,(anonymous_27)
FNDA:1,(anonymous_28)
FNDA:1,(anonymous_29)
FNDA:1,(anonymous_30)
FNDA:8,makeQuery
FNDA:8,(anonymous_32)
FNDA:8,(anonymous_33)
FNDA:8,(anonymous_34)
FNDA:1,(anonymous_35)
FNDA:1,(anonymous_36)
FNDA:1,(anonymous_37)
FNDA:2,(anonymous_38)
FNDA:2,(anonymous_39)
FNDA:1,(anonymous_40)
FNDA:1,(anonymous_41)
FNDA:1,(anonymous_42)
FNDA:3,makeQuery
FNDA:3,pushArray
FNDA:3,(anonymous_45)
FNDA:3,(anonymous_46)
FNDA:3,(anonymous_47)
FNDA:3,(anonymous_48)
FNDA:1,(anonymous_49)
FNDA:2,(anonymous_50)
FNDA:2,(anonymous_51)
FNDA:0,(anonymous_52)
FNDA:0,(anonymous_53)
FNDA:0,(anonymous_54)
FNDA:0,(anonymous_55)
FNDA:1,(anonymous_56)
FNDA:1,(anonymous_57)
FNDA:0,(anonymous_58)
FNDA:2,(anonymous_59)
FNDA:2,(anonymous_60)
FNDA:2,(anonymous_61)
FNDA:1,(anonymous_62)
FNDA:1,(anonymous_63)
FNDA:0,(anonymous_64)
FNDA:1,(anonymous_65)
FNDA:1,(anonymous_66)
FNDA:0,(anonymous_67)
FNDA:1,(anonymous_68)
FNDA:1,(anonymous_69)
FNDA:1,(anonymous_70)
DA:2,1
DA:3,1
DA:4,1
DA:5,1
DA:7,1
DA:8,1
DA:9,1
DA:10,1
DA:11,1
DA:13,1
DA:15,7
DA:16,4
DA:17,4
DA:18,4
DA:20,4
DA:22,4
DA:23,3
DA:24,1
DA:25,1
DA:26,1
DA:27,1
DA:28,1
DA:31,1
DA:32,1
DA:33,1
DA:37,1
DA:38,1
DA:39,1
DA:40,1
DA:41,1
DA:42,1
DA:43,0
DA:48,0
DA:52,0
DA:53,0
DA:57,0
DA:62,1
DA:64,2
DA:65,2
DA:66,2
DA:68,1
DA:74,1
DA:75,3
DA:76,2
DA:77,2
DA:78,2
DA:79,2
DA:80,2
DA:82,2
DA:83,2
DA:84,1
DA:86,2
DA:87,2
DA:93,1
DA:94,26
DA:95,22
DA:96,22
DA:98,22
DA:99,22
DA:100,22
DA:101,21
DA:102,0
DA:103,21
DA:104,2
DA:106,19
DA:111,1
DA:113,2
DA:115,2
DA:116,2
DA:117,2
DA:118,2
DA:119,1
DA:120,1
DA:121,1
DA:122,0
DA:123,0
DA:124,0
DA:127,0
DA:128,0
DA:130,0
DA:135,0
DA:136,0
DA:137,0
DA:138,0
DA:139,0
DA:146,1
DA:148,1
DA:149,1
DA:151,1
DA:157,1
DA:159,6
DA:160,1
DA:161,1
DA:163,6
DA:164,6
DA:165,6
DA:170,1
DA:172,1
DA:174,1
DA:177,1
DA:178,1
DA:179,1
DA:180,1
DA:185,1
DA:186,1
DA:188,8
DA:189,8
DA:190,8
DA:191,8
DA:195,1
DA:196,8
DA:197,8
DA:200,1
DA:202,1
DA:204,1
DA:212,1
DA:214,1
DA:216,1
DA:218,1
DA:219,1
DA:225,1
DA:227,2
DA:230,2
DA:232,2
DA:233,2
DA:238,1
DA:240,1
DA:242,1
DA:245,1
DA:246,1
DA:247,1
DA:248,1
DA:249,1
DA:250,1
DA:251,1
DA:252,3
DA:254,3
DA:255,3
DA:256,1
DA:257,3
DA:258,2
DA:263,2
DA:264,2
DA:266,1
DA:270,3
DA:271,3
DA:272,3
DA:273,3
DA:274,3
DA:275,3
DA:276,3
DA:284,3
DA:285,3
DA:286,3
DA:291,1
DA:292,3
DA:294,1
DA:296,1
DA:298,1
DA:305,1
DA:307,2
DA:310,2
DA:311,2
DA:312,2
DA:316,1
DA:318,0
DA:320,0
DA:323,0
DA:327,0
DA:328,0
DA:329,0
DA:335,1
DA:337,1
DA:338,1
DA:339,1
DA:340,1
DA:341,0
DA:342,0
DA:343,0
DA:344,0
DA:349,1
DA:351,2
DA:352,2
DA:354,2
DA:355,2
DA:356,2
DA:361,1
DA:363,1
DA:364,1
DA:366,1
DA:367,1
DA:368,0
DA:369,0
DA:370,0
DA:371,0
DA:376,1
DA:377,1
DA:378,1
DA:380,1
DA:381,1
DA:382,0
DA:383,0
DA:384,0
DA:385,0
DA:390,1
DA:391,1
DA:392,1
DA:393,1
DA:394,1
DA:395,1
DA:396,1
LF:211
LH:176
BRDA:15,1,0,3
BRDA:15,1,1,4
BRDA:15,2,0,7
BRDA:15,2,1,6
BRDA:15,2,2,5
BRDA:22,3,0,3
BRDA:22,3,1,1
BRDA:42,4,0,1
BRDA:42,4,1,0
BRDA:52,5,0,0
BRDA:52,5,1,0
BRDA:65,6,0,0
BRDA:65,6,1,2
BRDA:66,7,0,1
BRDA:66,7,1,1
BRDA:75,8,0,1
BRDA:75,8,1,2
BRDA:75,9,0,3
BRDA:75,9,1,2
BRDA:77,10,0,2
BRDA:77,10,1,0
BRDA:79,11,0,0
BRDA:79,11,1,2
BRDA:80,12,0,0
BRDA:80,12,1,2
BRDA:94,13,0,4
BRDA:94,13,1,22
BRDA:94,14,0,26
BRDA:94,14,1,24
BRDA:99,15,0,0
BRDA:99,15,1,22
BRDA:100,16,0,1
BRDA:100,16,1,21
BRDA:101,17,0,0
BRDA:101,17,1,21
BRDA:103,18,0,2
BRDA:103,18,1,19
BRDA:117,19,0,0
BRDA:117,19,1,2
BRDA:118,20,0,1
BRDA:118,20,1,1
BRDA:120,21,0,1
BRDA:120,21,1,0
BRDA:120,22,0,1
BRDA:120,22,1,0
BRDA:122,23,0,0
BRDA:122,23,1,0
BRDA:127,24,0,0
BRDA:127,24,1,0
BRDA:138,25,0,0
BRDA:138,25,1,0
BRDA:149,26,0,0
BRDA:149,26,1,1
BRDA:159,27,0,1
BRDA:159,27,1,5
BRDA:164,28,0,0
BRDA:164,28,1,6
BRDA:177,29,0,0
BRDA:177,29,1,1
BRDA:179,30,0,0
BRDA:179,30,1,1
BRDA:190,31,0,0
BRDA:190,31,1,8
BRDA:202,32,0,0
BRDA:202,32,1,1
BRDA:216,33,0,0
BRDA:216,33,1,1
BRDA:230,34,0,0
BRDA:230,34,1,2
BRDA:255,35,0,1
BRDA:255,35,1,2
BRDA:257,36,0,2
BRDA:257,36,1,1
BRDA:272,37,0,0
BRDA:272,37,1,3
BRDA:273,38,0,0
BRDA:273,38,1,3
BRDA:275,39,0,0
BRDA:275,39,1,3
BRDA:276,40,0,0
BRDA:276,40,1,3
BRDA:284,41,0,0
BRDA:284,41,1,3
BRDA:296,42,0,0
BRDA:296,42,1,1
BRDA:310,43,0,0
BRDA:310,43,1,2
BRDA:311,44,0,0
BRDA:311,44,1,2
BRDA:328,45,0,0
BRDA:328,45,1,0
BRDA:338,46,0,0
BRDA:338,46,1,1
BRDA:340,47,0,1
BRDA:340,47,1,0
BRDA:343,48,0,0
BRDA:343,48,1,0
BRDA:352,49,0,0
BRDA:352,49,1,2
BRDA:355,50,0,0
BRDA:355,50,1,2
BRDA:364,51,0,0
BRDA:364,51,1,1
BRDA:367,52,0,1
BRDA:367,52,1,0
BRDA:370,53,0,0
BRDA:370,53,1,0
BRDA:378,54,0,0
BRDA:378,54,1,1
BRDA:381,55,0,1
BRDA:381,55,1,0
BRDA:384,56,0,0
BRDA:384,56,1,0
BRDA:392,57,0,0
BRDA:392,57,1,1
BRDA:395,58,0,0
BRDA:395,58,1,1
BRF:117
BRH:65
end_of_record
